Log file open, 10/06/22 16:25:20
LogWindows: Failed to load 'aqProf.dll' (GetLastError=126)
LogWindows: File 'aqProf.dll' does not exist
LogWindows: Failed to load 'VtuneApi.dll' (GetLastError=126)
LogWindows: File 'VtuneApi.dll' does not exist
LogWindows: Failed to load 'VtuneApi32e.dll' (GetLastError=126)
LogWindows: File 'VtuneApi32e.dll' does not exist
LogConsoleResponse: Display: Failed to find resolution value strings in scalability ini. Falling back to default.
LogConsoleResponse: Display: Failed to find resolution value strings in scalability ini. Falling back to default.
LogInit: Display: Running engine for game: GrimblySchmeggle
LogPlatformFile: Not using cached read wrapper
LogTaskGraph: Started task graph with 5 named threads and 26 total threads with 3 sets of task threads.
LogStats: Stats thread started at 0.362437
LogICUInternationalization: ICU TimeZone Detection - Raw Offset: +9:30, Platform Override: ''
LogInit: Display: Loading text-based GConfig....
LogPluginManager: Mounting plugin MeshPainting
LogPluginManager: Mounting plugin XGEController
LogPluginManager: Mounting plugin Paper2D
LogPluginManager: Mounting plugin AISupport
LogPluginManager: Mounting plugin EnvironmentQueryEditor
LogPluginManager: Mounting plugin LiveLink
LogPluginManager: Mounting plugin LightPropagationVolume
LogPluginManager: Mounting plugin OodleData
LogPluginManager: Mounting plugin OodleNetwork
LogPluginManager: Mounting plugin CameraShakePreviewer
LogPluginManager: Mounting plugin AnimationSharing
LogPluginManager: Mounting plugin GameplayCameras
LogPluginManager: Mounting plugin CLionSourceCodeAccess
LogPluginManager: Mounting plugin GitSourceControl
LogPluginManager: Mounting plugin KDevelopSourceCodeAccess
LogPluginManager: Mounting plugin NullSourceCodeAccess
LogPluginManager: Mounting plugin PixWinPlugin
LogPluginManager: Mounting plugin PlasticSourceControl
LogPluginManager: Mounting plugin PerforceSourceControl
LogPluginManager: Mounting plugin PluginUtils
LogPluginManager: Mounting plugin PropertyAccessNode
LogPluginManager: Mounting plugin RiderSourceCodeAccess
LogPluginManager: Mounting plugin TextureFormatOodle
LogPluginManager: Mounting plugin SubversionSourceControl
LogPluginManager: Mounting plugin UObjectPlugin
LogPluginManager: Mounting plugin CodeLiteSourceCodeAccess
LogPluginManager: Mounting plugin VisualStudioCodeSourceCodeAccess
LogPluginManager: Mounting plugin VisualStudioSourceCodeAccess
LogPluginManager: Mounting plugin XCodeSourceCodeAccess
LogPluginManager: Mounting plugin DatasmithContent
LogPluginManager: Mounting plugin VariantManagerContent
LogPluginManager: Mounting plugin AssetManagerEditor
LogPluginManager: Mounting plugin CryptoKeys
LogPluginManager: Mounting plugin CurveEditorTools
LogPluginManager: Mounting plugin DataValidation
LogPluginManager: Mounting plugin Niagara
LogPluginManager: Mounting plugin FacialAnimation
LogPluginManager: Mounting plugin GameplayTagsEditor
LogPluginManager: Mounting plugin GeometryMode
LogPluginManager: Mounting plugin MacGraphicsSwitching
LogPluginManager: Mounting plugin MaterialAnalyzer
LogPluginManager: Mounting plugin MobileLauncherProfileWizard
LogPluginManager: Mounting plugin PluginBrowser
LogPluginManager: Mounting plugin SpeedTreeImporter
LogPluginManager: Mounting plugin AlembicImporter
LogPluginManager: Mounting plugin AutomationUtils
LogPluginManager: Mounting plugin BackChannel
LogPluginManager: Mounting plugin ChaosCloth
LogPluginManager: Mounting plugin ChaosClothEditor
LogPluginManager: Mounting plugin ChaosEditor
LogPluginManager: Mounting plugin ChaosNiagara
LogPluginManager: Mounting plugin ChaosSolverPlugin
LogPluginManager: Mounting plugin CharacterAI
LogPluginManager: Mounting plugin GeometryCache
LogPluginManager: Mounting plugin GeometryCollectionPlugin
LogPluginManager: Mounting plugin GeometryProcessing
LogPluginManager: Mounting plugin OpenImageDenoise
LogPluginManager: Mounting plugin MotoSynth
LogPluginManager: Mounting plugin PlanarCut
LogPluginManager: Mounting plugin ProxyLODPlugin
LogPluginManager: Mounting plugin PlatformCrypto
LogPluginManager: Mounting plugin PythonScriptPlugin
LogPluginManager: Mounting plugin LuminPlatformFeatures
LogPluginManager: Mounting plugin MagicLeap
LogPluginManager: Mounting plugin SkeletalReduction
LogPluginManager: Mounting plugin MagicLeapMedia
LogPluginManager: Mounting plugin MagicLeapLightEstimation
LogPluginManager: Mounting plugin MagicLeapPassableWorld
LogPluginManager: Mounting plugin MLSDK
LogPluginManager: Mounting plugin AndroidMedia
LogPluginManager: Mounting plugin AvfMedia
LogPluginManager: Mounting plugin ImgMedia
LogPluginManager: Mounting plugin MediaCompositing
LogPluginManager: Mounting plugin MediaPlayerEditor
LogPluginManager: Mounting plugin WebMMedia
LogPluginManager: Mounting plugin WmfMedia
LogPluginManager: Mounting plugin TcpMessaging
LogPluginManager: Mounting plugin UdpMessaging
LogPluginManager: Mounting plugin ActorSequence
LogPluginManager: Mounting plugin LevelSequenceEditor
LogPluginManager: Mounting plugin MatineeToLevelSequence
LogPluginManager: Mounting plugin TemplateSequence
LogPluginManager: Mounting plugin OnlineSubsystem
LogPluginManager: Mounting plugin OnlineSubsystemNull
LogPluginManager: Mounting plugin OnlineSubsystemUtils
LogPluginManager: Mounting plugin ActorLayerUtilities
LogPluginManager: Mounting plugin AndroidDeviceProfileSelector
LogPluginManager: Mounting plugin AndroidMoviePlayer
LogPluginManager: Mounting plugin AndroidPermission
LogPluginManager: Mounting plugin AppleImageUtils
LogPluginManager: Mounting plugin AppleMoviePlayer
LogPluginManager: Mounting plugin ArchVisCharacter
LogPluginManager: Mounting plugin AssetTags
LogPluginManager: Mounting plugin AudioCapture
LogPluginManager: Mounting plugin CableComponent
LogPluginManager: Mounting plugin AudioSynesthesia
LogPluginManager: Mounting plugin ChunkDownloader
LogPluginManager: Mounting plugin CustomMeshComponent
LogPluginManager: Mounting plugin LauncherChunkInstaller
LogPluginManager: Mounting plugin EditableMesh
LogPluginManager: Mounting plugin ExampleDeviceProfileSelector
LogPluginManager: Mounting plugin GoogleCloudMessaging
LogPluginManager: Mounting plugin GooglePAD
LogPluginManager: Mounting plugin ScreenshotTools
LogPluginManager: Mounting plugin IOSDeviceProfileSelector
LogPluginManager: Mounting plugin LinuxDeviceProfileSelector
LogPluginManager: Mounting plugin MobilePatchingUtils
LogPluginManager: Mounting plugin LocationServicesBPLibrary
LogPluginManager: Mounting plugin OpenXR
LogPluginManager: Mounting plugin OpenXREyeTracker
LogPluginManager: Mounting plugin OpenXRHandTracking
LogPluginManager: Mounting plugin PhysXVehicles
LogPluginManager: Mounting plugin Takes
LogPluginManager: Mounting plugin PostSplashScreen
LogPluginManager: Mounting plugin ProceduralMeshComponent
LogPluginManager: Mounting plugin PropertyAccessEditor
LogPluginManager: Mounting plugin RuntimePhysXCooking
LogPluginManager: Mounting plugin SignificanceManager
LogPluginManager: Mounting plugin SoundFields
LogPluginManager: Mounting plugin Synthesis
LogPluginManager: Mounting plugin WebMMoviePlayer
LogPluginManager: Mounting plugin WindowsMoviePlayer
LogPluginManager: Mounting plugin ContentBrowserAssetDataSource
LogPluginManager: Mounting plugin ContentBrowserClassDataSource
LogPluginManager: Mounting plugin ContentBrowserFileDataSource
LogPluginManager: Mounting plugin OnlineSubsystemIOS
LogPluginManager: Mounting plugin OnlineSubsystemGooglePlay
LogPluginManager: Mounting plugin OculusVR
LogPluginManager: Mounting plugin SteamVR
PixWinPlugin: PIX capture plugin failed to initialize! Check that the process is launched from PIX.
LogInit: Using libcurl 7.55.1-DEV
LogInit:  - built for x86_64-pc-win32
LogInit:  - supports SSL with OpenSSL/1.1.1
LogInit:  - supports HTTP deflate (compression) using libz 1.2.8
LogInit:  - other features:
LogInit:      CURL_VERSION_SSL
LogInit:      CURL_VERSION_LIBZ
LogInit:      CURL_VERSION_IPV6
LogInit:      CURL_VERSION_ASYNCHDNS
LogInit:      CURL_VERSION_LARGEFILE
LogInit:      CURL_VERSION_IDN
LogInit:  CurlRequestOptions (configurable via config and command line):
LogInit:  - bVerifyPeer = true  - Libcurl will verify peer certificate
LogInit:  - bUseHttpProxy = false  - Libcurl will NOT use HTTP proxy
LogInit:  - bDontReuseConnections = false  - Libcurl will reuse connections
LogInit:  - MaxHostConnections = 16  - Libcurl will limit the number of connections to a host
LogInit:  - LocalHostAddr = Default
LogInit:  - BufferSize = 65536
LogOnline: OSS: Creating online subsystem instance for: NULL
LogInit: WinSock: version 1.1 (2.2), MaxSocks=32767, MaxUdp=65467
LogOnline: OSS: TryLoadSubsystemAndSetDefault: Loaded subsystem for module [NULL]
LogOculusPluginWrapper: OculusPlugin initialized successfully
LogHMD: FOculusHMDModule PreInit successfully
LogInit: Build: ++UE4+Release-4.27-CL-18319896
LogInit: Engine Version: 4.27.2-18319896+++UE4+Release-4.27
LogInit: Compatible Engine Version: 4.27.0-17155196+++UE4+Release-4.27
LogInit: Net CL: 17155196
LogInit: OS: Windows 10 (Release 2009) (), CPU: Intel(R) Core(TM) i7-9700K CPU @ 3.60GHz, GPU: Radeon RX 580 Series
LogInit: Compiled (64-bit): Nov 30 2021 07:12:08
LogInit: Compiled with Visual C++: 19.24.28315.00
LogInit: Build Configuration: Development
LogInit: Branch Name: ++UE4+Release-4.27
LogInit: Command Line: 
LogInit: Base Directory: D:/Games/epicgames/Games/UE_4.27/Engine/Binaries/Win64/
LogInit: Allocator: TBB
LogInit: Installed Engine Build: 1
LogDevObjectVersion: Number of dev versions registered: 29
LogDevObjectVersion:   Dev-Blueprints (B0D832E4-1F89-4F0D-ACCF-7EB736FD4AA2): 10
LogDevObjectVersion:   Dev-Build (E1C64328-A22C-4D53-A36C-8E866417BD8C): 0
LogDevObjectVersion:   Dev-Core (375EC13C-06E4-48FB-B500-84F0262A717E): 4
LogDevObjectVersion:   Dev-Editor (E4B068ED-F494-42E9-A231-DA0B2E46BB41): 40
LogDevObjectVersion:   Dev-Framework (CFFC743F-43B0-4480-9391-14DF171D2073): 37
LogDevObjectVersion:   Dev-Mobile (B02B49B5-BB20-44E9-A304-32B752E40360): 3
LogDevObjectVersion:   Dev-Networking (A4E4105C-59A1-49B5-A7C5-40C4547EDFEE): 0
LogDevObjectVersion:   Dev-Online (39C831C9-5AE6-47DC-9A44-9C173E1C8E7C): 0
LogDevObjectVersion:   Dev-Physics (78F01B33-EBEA-4F98-B9B4-84EACCB95AA2): 14
LogDevObjectVersion:   Dev-Platform (6631380F-2D4D-43E0-8009-CF276956A95A): 0
LogDevObjectVersion:   Dev-Rendering (12F88B9F-8875-4AFC-A67C-D90C383ABD29): 45
LogDevObjectVersion:   Dev-Sequencer (7B5AE74C-D270-4C10-A958-57980B212A5A): 13
LogDevObjectVersion:   Dev-VR (D7296918-1DD6-4BDD-9DE2-64A83CC13884): 3
LogDevObjectVersion:   Dev-LoadTimes (C2A15278-BFE7-4AFE-6C17-90FF531DF755): 1
LogDevObjectVersion:   Private-Geometry (6EACA3D4-40EC-4CC1-B786-8BED09428FC5): 3
LogDevObjectVersion:   Dev-AnimPhys (29E575DD-E0A3-4627-9D10-D276232CDCEA): 17
LogDevObjectVersion:   Dev-Anim (AF43A65D-7FD3-4947-9873-3E8ED9C1BB05): 15
LogDevObjectVersion:   Dev-ReflectionCapture (6B266CEC-1EC7-4B8F-A30B-E4D90942FC07): 1
LogDevObjectVersion:   Dev-Automation (0DF73D61-A23F-47EA-B727-89E90C41499A): 1
LogDevObjectVersion:   FortniteMain (601D1886-AC64-4F84-AA16-D3DE0DEAC7D6): 47
LogDevObjectVersion:   FortniteRelease (E7086368-6B23-4C58-8439-1B7016265E91): 1
LogDevObjectVersion:   Dev-Enterprise (9DFFBCD6-494F-0158-E221-12823C92A888): 10
LogDevObjectVersion:   Dev-Niagara (F2AED0AC-9AFE-416F-8664-AA7FFA26D6FC): 1
LogDevObjectVersion:   Dev-Destruction (174F1F0B-B4C6-45A5-B13F-2EE8D0FB917D): 10
LogDevObjectVersion:   Dev-Physics-Ext (35F94A83-E258-406C-A318-09F59610247C): 41
LogDevObjectVersion:   Dev-PhysicsMaterial-Chaos (B68FC16E-8B1B-42E2-B453-215C058844FE): 1
LogDevObjectVersion:   Dev-CineCamera (B2E18506-4273-CFC2-A54E-F4BB758BBA07): 1
LogDevObjectVersion:   Dev-VirtualProduction (64F58936-FD1B-42BA-BA96-7289D5D0FA4E): 1
LogDevObjectVersion:   Dev-MediaFramework (6F0ED827-A609-4895-9C91-998D90180EA4): 2
LogInit: Presizing for max 25165824 objects, including 0 objects not considered by GC, pre-allocating 0 bytes for permanent pool.
LogConfig: Applying CVar settings from Section [/Script/Engine.StreamingSettings] File [D:/AIE VET Course 2021/GrimblySchmeggle/GrimblySchmeggle/GrimblySchmeggle/Saved/Config/Windows/Engine.ini]
LogConfig: Setting CVar [[s.MinBulkDataSizeForAsyncLoading:131072]]
LogConfig: Setting CVar [[s.AsyncLoadingThreadEnabled:0]]
LogConfig: Setting CVar [[s.EventDrivenLoaderEnabled:1]]
LogConfig: Setting CVar [[s.WarnIfTimeLimitExceeded:0]]
LogConfig: Setting CVar [[s.TimeLimitExceededMultiplier:1.5]]
LogConfig: Setting CVar [[s.TimeLimitExceededMinTime:0.005]]
LogConfig: Setting CVar [[s.UseBackgroundLevelStreaming:1]]
LogConfig: Setting CVar [[s.PriorityAsyncLoadingExtraTime:15.0]]
LogConfig: Setting CVar [[s.LevelStreamingActorsUpdateTimeLimit:5.0]]
LogConfig: Setting CVar [[s.PriorityLevelStreamingActorsUpdateExtraTime:5.0]]
LogConfig: Setting CVar [[s.LevelStreamingComponentsRegistrationGranularity:10]]
LogConfig: Setting CVar [[s.UnregisterComponentsTimeLimit:1.0]]
LogConfig: Setting CVar [[s.LevelStreamingComponentsUnregistrationGranularity:5]]
LogConfig: Setting CVar [[s.FlushStreamingOnExit:1]]
LogInit: Object subsystem initialized
LogConfig: Setting CVar [[con.DebugEarlyDefault:1]]
LogConfig: Setting CVar [[r.setres:1280x720]]
[2022.10.06-05.55.21:991][  0]LogConfig: Setting CVar [[r.VSync:0]]
[2022.10.06-05.55.21:991][  0]LogConfig: Setting CVar [[r.RHICmdBypass:0]]
[2022.10.06-05.55.21:991][  0]LogConfig: Applying CVar settings from Section [/Script/Engine.RendererSettings] File [D:/AIE VET Course 2021/GrimblySchmeggle/GrimblySchmeggle/GrimblySchmeggle/Saved/Config/Windows/Engine.ini]
[2022.10.06-05.55.21:991][  0]LogConfig: Setting CVar [[r.GPUCrashDebugging:0]]
[2022.10.06-05.55.21:991][  0]LogConfig: Applying CVar settings from Section [/Script/Engine.RendererOverrideSettings] File [D:/AIE VET Course 2021/GrimblySchmeggle/GrimblySchmeggle/GrimblySchmeggle/Saved/Config/Windows/Engine.ini]
[2022.10.06-05.55.21:991][  0]LogConfig: Applying CVar settings from Section [/Script/Engine.StreamingSettings] File [D:/AIE VET Course 2021/GrimblySchmeggle/GrimblySchmeggle/GrimblySchmeggle/Saved/Config/Windows/Engine.ini]
[2022.10.06-05.55.21:991][  0]LogConfig: Setting CVar [[s.MinBulkDataSizeForAsyncLoading:131072]]
[2022.10.06-05.55.21:991][  0]LogConfig: Setting CVar [[s.AsyncLoadingThreadEnabled:0]]
[2022.10.06-05.55.21:991][  0]LogConfig: Setting CVar [[s.EventDrivenLoaderEnabled:1]]
[2022.10.06-05.55.21:991][  0]LogConfig: Setting CVar [[s.WarnIfTimeLimitExceeded:0]]
[2022.10.06-05.55.21:991][  0]LogConfig: Setting CVar [[s.TimeLimitExceededMultiplier:1.5]]
[2022.10.06-05.55.21:991][  0]LogConfig: Setting CVar [[s.TimeLimitExceededMinTime:0.005]]
[2022.10.06-05.55.21:991][  0]LogConfig: Setting CVar [[s.UseBackgroundLevelStreaming:1]]
[2022.10.06-05.55.21:991][  0]LogConfig: Setting CVar [[s.PriorityAsyncLoadingExtraTime:15.0]]
[2022.10.06-05.55.21:991][  0]LogConfig: Setting CVar [[s.LevelStreamingActorsUpdateTimeLimit:5.0]]
[2022.10.06-05.55.21:991][  0]LogConfig: Setting CVar [[s.PriorityLevelStreamingActorsUpdateExtraTime:5.0]]
[2022.10.06-05.55.21:991][  0]LogConfig: Setting CVar [[s.LevelStreamingComponentsRegistrationGranularity:10]]
[2022.10.06-05.55.21:991][  0]LogConfig: Setting CVar [[s.UnregisterComponentsTimeLimit:1.0]]
[2022.10.06-05.55.21:991][  0]LogConfig: Setting CVar [[s.LevelStreamingComponentsUnregistrationGranularity:5]]
[2022.10.06-05.55.21:991][  0]LogConfig: Setting CVar [[s.FlushStreamingOnExit:1]]
[2022.10.06-05.55.21:991][  0]LogConfig: Applying CVar settings from Section [/Script/Engine.GarbageCollectionSettings] File [D:/AIE VET Course 2021/GrimblySchmeggle/GrimblySchmeggle/GrimblySchmeggle/Saved/Config/Windows/Engine.ini]
[2022.10.06-05.55.21:991][  0]LogConfig: Setting CVar [[gc.MaxObjectsNotConsideredByGC:1]]
[2022.10.06-05.55.21:991][  0]LogConfig: Setting CVar [[gc.SizeOfPermanentObjectPool:0]]
[2022.10.06-05.55.21:991][  0]LogConfig: Setting CVar [[gc.FlushStreamingOnGC:0]]
[2022.10.06-05.55.21:991][  0]LogConfig: Setting CVar [[gc.NumRetriesBeforeForcingGC:10]]
[2022.10.06-05.55.21:991][  0]LogConfig: Setting CVar [[gc.AllowParallelGC:1]]
[2022.10.06-05.55.21:991][  0]LogConfig: Setting CVar [[gc.TimeBetweenPurgingPendingKillObjects:61.1]]
[2022.10.06-05.55.21:991][  0]LogConfig: Setting CVar [[gc.MaxObjectsInEditor:25165824]]
[2022.10.06-05.55.21:991][  0]LogConfig: Setting CVar [[gc.IncrementalBeginDestroyEnabled:1]]
[2022.10.06-05.55.21:991][  0]LogConfig: Setting CVar [[gc.CreateGCClusters:1]]
[2022.10.06-05.55.21:991][  0]LogConfig: Setting CVar [[gc.MinGCClusterSize:5]]
[2022.10.06-05.55.21:991][  0]LogConfig: Setting CVar [[gc.ActorClusteringEnabled:0]]
[2022.10.06-05.55.21:991][  0]LogConfig: Setting CVar [[gc.BlueprintClusteringEnabled:0]]
[2022.10.06-05.55.21:991][  0]LogConfig: Setting CVar [[gc.UseDisregardForGCOnDedicatedServers:0]]
[2022.10.06-05.55.21:991][  0]LogConfig: Setting CVar [[gc.MultithreadedDestructionEnabled:1]]
[2022.10.06-05.55.21:991][  0]LogConfig: Applying CVar settings from Section [/Script/Engine.NetworkSettings] File [D:/AIE VET Course 2021/GrimblySchmeggle/GrimblySchmeggle/GrimblySchmeggle/Saved/Config/Windows/Engine.ini]
[2022.10.06-05.55.21:991][  0]LogConfig: Applying CVar settings from Section [/Script/UnrealEd.CookerSettings] File [D:/AIE VET Course 2021/GrimblySchmeggle/GrimblySchmeggle/GrimblySchmeggle/Saved/Config/Windows/Engine.ini]
[2022.10.06-05.55.22:012][  0]LogConfig: Applying CVar settings from Section [ViewDistanceQuality@3] File [D:/AIE VET Course 2021/GrimblySchmeggle/GrimblySchmeggle/GrimblySchmeggle/Saved/Config/Windows/Scalability.ini]
[2022.10.06-05.55.22:012][  0]LogConfig: Setting CVar [[r.SkeletalMeshLODBias:0]]
[2022.10.06-05.55.22:012][  0]LogConfig: Setting CVar [[r.ViewDistanceScale:1.0]]
[2022.10.06-05.55.22:012][  0]LogConfig: Applying CVar settings from Section [AntiAliasingQuality@3] File [D:/AIE VET Course 2021/GrimblySchmeggle/GrimblySchmeggle/GrimblySchmeggle/Saved/Config/Windows/Scalability.ini]
[2022.10.06-05.55.22:012][  0]LogConfig: Setting CVar [[r.PostProcessAAQuality:4]]
[2022.10.06-05.55.22:012][  0]LogConfig: Applying CVar settings from Section [ShadowQuality@3] File [D:/AIE VET Course 2021/GrimblySchmeggle/GrimblySchmeggle/GrimblySchmeggle/Saved/Config/Windows/Scalability.ini]
[2022.10.06-05.55.22:012][  0]LogConfig: Setting CVar [[r.LightFunctionQuality:1]]
[2022.10.06-05.55.22:012][  0]LogConfig: Setting CVar [[r.ShadowQuality:5]]
[2022.10.06-05.55.22:012][  0]LogConfig: Setting CVar [[r.Shadow.CSM.MaxCascades:10]]
[2022.10.06-05.55.22:012][  0]LogConfig: Setting CVar [[r.Shadow.MaxResolution:2048]]
[2022.10.06-05.55.22:012][  0]LogConfig: Setting CVar [[r.Shadow.MaxCSMResolution:2048]]
[2022.10.06-05.55.22:012][  0]LogConfig: Setting CVar [[r.Shadow.RadiusThreshold:0.01]]
[2022.10.06-05.55.22:012][  0]LogConfig: Setting CVar [[r.Shadow.DistanceScale:1.0]]
[2022.10.06-05.55.22:012][  0]LogConfig: Setting CVar [[r.Shadow.CSM.TransitionScale:1.0]]
[2022.10.06-05.55.22:012][  0]LogConfig: Setting CVar [[r.Shadow.PreShadowResolutionFactor:1.0]]
[2022.10.06-05.55.22:012][  0]LogConfig: Setting CVar [[r.DistanceFieldShadowing:1]]
[2022.10.06-05.55.22:013][  0]LogConfig: Setting CVar [[r.DistanceFieldAO:1]]
[2022.10.06-05.55.22:013][  0]LogConfig: Setting CVar [[r.AOQuality:2]]
[2022.10.06-05.55.22:013][  0]LogConfig: Setting CVar [[r.VolumetricFog:1]]
[2022.10.06-05.55.22:013][  0]LogConfig: Setting CVar [[r.VolumetricFog.GridPixelSize:8]]
[2022.10.06-05.55.22:013][  0]LogConfig: Setting CVar [[r.VolumetricFog.GridSizeZ:128]]
[2022.10.06-05.55.22:013][  0]LogConfig: Setting CVar [[r.VolumetricFog.HistoryMissSupersampleCount:4]]
[2022.10.06-05.55.22:013][  0]LogConfig: Setting CVar [[r.LightMaxDrawDistanceScale:1]]
[2022.10.06-05.55.22:013][  0]LogConfig: Setting CVar [[r.CapsuleShadows:1]]
[2022.10.06-05.55.22:013][  0]LogConfig: Applying CVar settings from Section [PostProcessQuality@3] File [D:/AIE VET Course 2021/GrimblySchmeggle/GrimblySchmeggle/GrimblySchmeggle/Saved/Config/Windows/Scalability.ini]
[2022.10.06-05.55.22:013][  0]LogConfig: Setting CVar [[r.MotionBlurQuality:4]]
[2022.10.06-05.55.22:013][  0]LogConfig: Setting CVar [[r.AmbientOcclusionMipLevelFactor:0.4]]
[2022.10.06-05.55.22:013][  0]LogConfig: Setting CVar [[r.AmbientOcclusionMaxQuality:100]]
[2022.10.06-05.55.22:013][  0]LogConfig: Setting CVar [[r.AmbientOcclusionLevels:-1]]
[2022.10.06-05.55.22:013][  0]LogConfig: Setting CVar [[r.AmbientOcclusionRadiusScale:1.0]]
[2022.10.06-05.55.22:013][  0]LogConfig: Setting CVar [[r.DepthOfFieldQuality:2]]
[2022.10.06-05.55.22:013][  0]LogConfig: Setting CVar [[r.RenderTargetPoolMin:400]]
[2022.10.06-05.55.22:013][  0]LogConfig: Setting CVar [[r.LensFlareQuality:2]]
[2022.10.06-05.55.22:013][  0]LogConfig: Setting CVar [[r.SceneColorFringeQuality:1]]
[2022.10.06-05.55.22:013][  0]LogConfig: Setting CVar [[r.EyeAdaptationQuality:2]]
[2022.10.06-05.55.22:013][  0]LogConfig: Setting CVar [[r.BloomQuality:5]]
[2022.10.06-05.55.22:013][  0]LogConfig: Setting CVar [[r.FastBlurThreshold:100]]
[2022.10.06-05.55.22:013][  0]LogConfig: Setting CVar [[r.Upscale.Quality:3]]
[2022.10.06-05.55.22:013][  0]LogConfig: Setting CVar [[r.Tonemapper.GrainQuantization:1]]
[2022.10.06-05.55.22:013][  0]LogConfig: Setting CVar [[r.LightShaftQuality:1]]
[2022.10.06-05.55.22:013][  0]LogConfig: Setting CVar [[r.Filter.SizeScale:1]]
[2022.10.06-05.55.22:013][  0]LogConfig: Setting CVar [[r.Tonemapper.Quality:5]]
[2022.10.06-05.55.22:013][  0]LogConfig: Setting CVar [[r.DOF.Gather.AccumulatorQuality:1        ; higher gathering accumulator quality]]
[2022.10.06-05.55.22:013][  0]LogConfig: Setting CVar [[r.DOF.Gather.PostfilterMethod:1          ; Median3x3 postfilering method]]
[2022.10.06-05.55.22:013][  0]LogConfig: Setting CVar [[r.DOF.Gather.EnableBokehSettings:0       ; no bokeh simulation when gathering]]
[2022.10.06-05.55.22:013][  0]LogConfig: Setting CVar [[r.DOF.Gather.RingCount:4                 ; medium number of samples when gathering]]
[2022.10.06-05.55.22:013][  0]LogConfig: Setting CVar [[r.DOF.Scatter.ForegroundCompositing:1    ; additive foreground scattering]]
[2022.10.06-05.55.22:013][  0]LogConfig: Setting CVar [[r.DOF.Scatter.BackgroundCompositing:2    ; additive background scattering]]
[2022.10.06-05.55.22:013][  0]LogConfig: Setting CVar [[r.DOF.Scatter.EnableBokehSettings:1      ; bokeh simulation when scattering]]
[2022.10.06-05.55.22:013][  0]LogConfig: Setting CVar [[r.DOF.Scatter.MaxSpriteRatio:0.1         ; only a maximum of 10% of scattered bokeh]]
[2022.10.06-05.55.22:013][  0]LogConfig: Setting CVar [[r.DOF.Recombine.Quality:1                ; cheap slight out of focus]]
[2022.10.06-05.55.22:013][  0]LogConfig: Setting CVar [[r.DOF.Recombine.EnableBokehSettings:0    ; no bokeh simulation on slight out of focus]]
[2022.10.06-05.55.22:013][  0]LogConfig: Setting CVar [[r.DOF.TemporalAAQuality:1                ; more stable temporal accumulation]]
[2022.10.06-05.55.22:013][  0]LogConfig: Setting CVar [[r.DOF.Kernel.MaxForegroundRadius:0.025]]
[2022.10.06-05.55.22:013][  0]LogConfig: Setting CVar [[r.DOF.Kernel.MaxBackgroundRadius:0.025]]
[2022.10.06-05.55.22:013][  0]LogConfig: Applying CVar settings from Section [TextureQuality@3] File [D:/AIE VET Course 2021/GrimblySchmeggle/GrimblySchmeggle/GrimblySchmeggle/Saved/Config/Windows/Scalability.ini]
[2022.10.06-05.55.22:013][  0]LogConfig: Setting CVar [[r.Streaming.MipBias:0]]
[2022.10.06-05.55.22:013][  0]LogConfig: Setting CVar [[r.Streaming.AmortizeCPUToGPUCopy:0]]
[2022.10.06-05.55.22:013][  0]LogConfig: Setting CVar [[r.Streaming.MaxNumTexturesToStreamPerFrame:0]]
[2022.10.06-05.55.22:013][  0]LogConfig: Setting CVar [[r.Streaming.Boost:1]]
[2022.10.06-05.55.22:013][  0]LogConfig: Setting CVar [[r.MaxAnisotropy:8]]
[2022.10.06-05.55.22:013][  0]LogConfig: Setting CVar [[r.VT.MaxAnisotropy:8]]
[2022.10.06-05.55.22:013][  0]LogConfig: Setting CVar [[r.Streaming.LimitPoolSizeToVRAM:0]]
[2022.10.06-05.55.22:013][  0]LogConfig: Setting CVar [[r.Streaming.PoolSize:1000]]
[2022.10.06-05.55.22:013][  0]LogConfig: Setting CVar [[r.Streaming.MaxEffectiveScreenSize:0]]
[2022.10.06-05.55.22:013][  0]LogConfig: Applying CVar settings from Section [EffectsQuality@3] File [D:/AIE VET Course 2021/GrimblySchmeggle/GrimblySchmeggle/GrimblySchmeggle/Saved/Config/Windows/Scalability.ini]
[2022.10.06-05.55.22:013][  0]LogConfig: Setting CVar [[r.TranslucencyLightingVolumeDim:64]]
[2022.10.06-05.55.22:013][  0]LogConfig: Setting CVar [[r.RefractionQuality:2]]
[2022.10.06-05.55.22:013][  0]LogConfig: Setting CVar [[r.SSR.Quality:3]]
[2022.10.06-05.55.22:013][  0]LogConfig: Setting CVar [[r.SSR.HalfResSceneColor:0]]
[2022.10.06-05.55.22:013][  0]LogConfig: Setting CVar [[r.SceneColorFormat:4]]
[2022.10.06-05.55.22:013][  0]LogConfig: Setting CVar [[r.DetailMode:2]]
[2022.10.06-05.55.22:013][  0]LogConfig: Setting CVar [[r.TranslucencyVolumeBlur:1]]
[2022.10.06-05.55.22:013][  0]LogConfig: Setting CVar [[r.MaterialQualityLevel:1 ; High quality]]
[2022.10.06-05.55.22:013][  0]LogConfig: Setting CVar [[r.AnisotropicMaterials:1]]
[2022.10.06-05.55.22:013][  0]LogConfig: Setting CVar [[r.SSS.Scale:1]]
[2022.10.06-05.55.22:013][  0]LogConfig: Setting CVar [[r.SSS.SampleSet:2]]
[2022.10.06-05.55.22:013][  0]LogConfig: Setting CVar [[r.SSS.Quality:1]]
[2022.10.06-05.55.22:013][  0]LogConfig: Setting CVar [[r.SSS.HalfRes:0]]
[2022.10.06-05.55.22:013][  0]LogConfig: Setting CVar [[r.SSGI.Quality:3]]
[2022.10.06-05.55.22:013][  0]LogConfig: Setting CVar [[r.EmitterSpawnRateScale:1.0]]
[2022.10.06-05.55.22:013][  0]LogConfig: Setting CVar [[r.ParticleLightQuality:2]]
[2022.10.06-05.55.22:013][  0]LogConfig: Setting CVar [[r.SkyAtmosphere.AerialPerspectiveLUT.FastApplyOnOpaque:1 ; Always have FastSkyLUT 1 in this case to avoid wrong sky]]
[2022.10.06-05.55.22:013][  0]LogConfig: Setting CVar [[r.SkyAtmosphere.AerialPerspectiveLUT.SampleCountMaxPerSlice:4]]
[2022.10.06-05.55.22:013][  0]LogConfig: Setting CVar [[r.SkyAtmosphere.AerialPerspectiveLUT.DepthResolution:16.0]]
[2022.10.06-05.55.22:013][  0]LogConfig: Setting CVar [[r.SkyAtmosphere.FastSkyLUT:1]]
[2022.10.06-05.55.22:013][  0]LogConfig: Setting CVar [[r.SkyAtmosphere.FastSkyLUT.SampleCountMin:4.0]]
[2022.10.06-05.55.22:013][  0]LogConfig: Setting CVar [[r.SkyAtmosphere.FastSkyLUT.SampleCountMax:128.0]]
[2022.10.06-05.55.22:013][  0]LogConfig: Setting CVar [[r.SkyAtmosphere.SampleCountMin:4.0]]
[2022.10.06-05.55.22:013][  0]LogConfig: Setting CVar [[r.SkyAtmosphere.SampleCountMax:128.0]]
[2022.10.06-05.55.22:013][  0]LogConfig: Setting CVar [[r.SkyAtmosphere.TransmittanceLUT.UseSmallFormat:0]]
[2022.10.06-05.55.22:013][  0]LogConfig: Setting CVar [[r.SkyAtmosphere.TransmittanceLUT.SampleCount:10.0]]
[2022.10.06-05.55.22:013][  0]LogConfig: Setting CVar [[r.SkyAtmosphere.MultiScatteringLUT.SampleCount:15.0]]
[2022.10.06-05.55.22:013][  0]LogConfig: Setting CVar [[r.SkyLight.RealTimeReflectionCapture:1]]
[2022.10.06-05.55.22:013][  0]LogConfig: Applying CVar settings from Section [FoliageQuality@3] File [D:/AIE VET Course 2021/GrimblySchmeggle/GrimblySchmeggle/GrimblySchmeggle/Saved/Config/Windows/Scalability.ini]
[2022.10.06-05.55.22:013][  0]LogConfig: Setting CVar [[foliage.DensityScale:1.0]]
[2022.10.06-05.55.22:013][  0]LogConfig: Setting CVar [[grass.DensityScale:1.0]]
[2022.10.06-05.55.22:013][  0]LogConfig: Applying CVar settings from Section [ShadingQuality@3] File [D:/AIE VET Course 2021/GrimblySchmeggle/GrimblySchmeggle/GrimblySchmeggle/Saved/Config/Windows/Scalability.ini]
[2022.10.06-05.55.22:013][  0]LogConfig: Setting CVar [[r.HairStrands.SkyLighting.IntegrationType:2]]
[2022.10.06-05.55.22:013][  0]LogConfig: Setting CVar [[r.HairStrands.SkyAO.SampleCount:4]]
[2022.10.06-05.55.22:013][  0]LogConfig: Setting CVar [[r.HairStrands.Visibility.MSAA.SamplePerPixel:4]]
[2022.10.06-05.55.22:013][  0]LogInit: Selected Device Profile: [Windows]
[2022.10.06-05.55.22:013][  0]LogInit: Applying CVar settings loaded from the selected device profile: [Windows]
[2022.10.06-05.55.22:013][  0]LogHAL: Display: Platform has ~ 32 GB [34289532928 / 34359738368 / 32], which maps to Largest [LargestMinGB=32, LargerMinGB=12, DefaultMinGB=8, SmallerMinGB=6, SmallestMinGB=0)
[2022.10.06-05.55.22:013][  0]LogInit: Going up to parent DeviceProfile []
[2022.10.06-05.55.22:013][  0]LogConfig: Applying CVar settings from Section [ViewDistanceQuality@3] File [D:/AIE VET Course 2021/GrimblySchmeggle/GrimblySchmeggle/GrimblySchmeggle/Saved/Config/Windows/Scalability.ini]
[2022.10.06-05.55.22:013][  0]LogConfig: Setting CVar [[r.SkeletalMeshLODBias:0]]
[2022.10.06-05.55.22:013][  0]LogConfig: Setting CVar [[r.ViewDistanceScale:1.0]]
[2022.10.06-05.55.22:013][  0]LogConfig: Applying CVar settings from Section [AntiAliasingQuality@3] File [D:/AIE VET Course 2021/GrimblySchmeggle/GrimblySchmeggle/GrimblySchmeggle/Saved/Config/Windows/Scalability.ini]
[2022.10.06-05.55.22:013][  0]LogConfig: Setting CVar [[r.PostProcessAAQuality:4]]
[2022.10.06-05.55.22:013][  0]LogConfig: Applying CVar settings from Section [ShadowQuality@3] File [D:/AIE VET Course 2021/GrimblySchmeggle/GrimblySchmeggle/GrimblySchmeggle/Saved/Config/Windows/Scalability.ini]
[2022.10.06-05.55.22:013][  0]LogConfig: Setting CVar [[r.LightFunctionQuality:1]]
[2022.10.06-05.55.22:013][  0]LogConfig: Setting CVar [[r.ShadowQuality:5]]
[2022.10.06-05.55.22:013][  0]LogConfig: Setting CVar [[r.Shadow.CSM.MaxCascades:10]]
[2022.10.06-05.55.22:013][  0]LogConfig: Setting CVar [[r.Shadow.MaxResolution:2048]]
[2022.10.06-05.55.22:013][  0]LogConfig: Setting CVar [[r.Shadow.MaxCSMResolution:2048]]
[2022.10.06-05.55.22:013][  0]LogConfig: Setting CVar [[r.Shadow.RadiusThreshold:0.01]]
[2022.10.06-05.55.22:013][  0]LogConfig: Setting CVar [[r.Shadow.DistanceScale:1.0]]
[2022.10.06-05.55.22:013][  0]LogConfig: Setting CVar [[r.Shadow.CSM.TransitionScale:1.0]]
[2022.10.06-05.55.22:013][  0]LogConfig: Setting CVar [[r.Shadow.PreShadowResolutionFactor:1.0]]
[2022.10.06-05.55.22:013][  0]LogConfig: Setting CVar [[r.DistanceFieldShadowing:1]]
[2022.10.06-05.55.22:013][  0]LogConfig: Setting CVar [[r.DistanceFieldAO:1]]
[2022.10.06-05.55.22:013][  0]LogConfig: Setting CVar [[r.AOQuality:2]]
[2022.10.06-05.55.22:014][  0]LogConfig: Setting CVar [[r.VolumetricFog:1]]
[2022.10.06-05.55.22:014][  0]LogConfig: Setting CVar [[r.VolumetricFog.GridPixelSize:8]]
[2022.10.06-05.55.22:014][  0]LogConfig: Setting CVar [[r.VolumetricFog.GridSizeZ:128]]
[2022.10.06-05.55.22:014][  0]LogConfig: Setting CVar [[r.VolumetricFog.HistoryMissSupersampleCount:4]]
[2022.10.06-05.55.22:014][  0]LogConfig: Setting CVar [[r.LightMaxDrawDistanceScale:1]]
[2022.10.06-05.55.22:014][  0]LogConfig: Setting CVar [[r.CapsuleShadows:1]]
[2022.10.06-05.55.22:014][  0]LogConfig: Applying CVar settings from Section [PostProcessQuality@3] File [D:/AIE VET Course 2021/GrimblySchmeggle/GrimblySchmeggle/GrimblySchmeggle/Saved/Config/Windows/Scalability.ini]
[2022.10.06-05.55.22:014][  0]LogConfig: Setting CVar [[r.MotionBlurQuality:4]]
[2022.10.06-05.55.22:014][  0]LogConfig: Setting CVar [[r.AmbientOcclusionMipLevelFactor:0.4]]
[2022.10.06-05.55.22:014][  0]LogConfig: Setting CVar [[r.AmbientOcclusionMaxQuality:100]]
[2022.10.06-05.55.22:014][  0]LogConfig: Setting CVar [[r.AmbientOcclusionLevels:-1]]
[2022.10.06-05.55.22:014][  0]LogConfig: Setting CVar [[r.AmbientOcclusionRadiusScale:1.0]]
[2022.10.06-05.55.22:014][  0]LogConfig: Setting CVar [[r.DepthOfFieldQuality:2]]
[2022.10.06-05.55.22:014][  0]LogConfig: Setting CVar [[r.RenderTargetPoolMin:400]]
[2022.10.06-05.55.22:014][  0]LogConfig: Setting CVar [[r.LensFlareQuality:2]]
[2022.10.06-05.55.22:014][  0]LogConfig: Setting CVar [[r.SceneColorFringeQuality:1]]
[2022.10.06-05.55.22:014][  0]LogConfig: Setting CVar [[r.EyeAdaptationQuality:2]]
[2022.10.06-05.55.22:014][  0]LogConfig: Setting CVar [[r.BloomQuality:5]]
[2022.10.06-05.55.22:014][  0]LogConfig: Setting CVar [[r.FastBlurThreshold:100]]
[2022.10.06-05.55.22:014][  0]LogConfig: Setting CVar [[r.Upscale.Quality:3]]
[2022.10.06-05.55.22:014][  0]LogConfig: Setting CVar [[r.Tonemapper.GrainQuantization:1]]
[2022.10.06-05.55.22:014][  0]LogConfig: Setting CVar [[r.LightShaftQuality:1]]
[2022.10.06-05.55.22:014][  0]LogConfig: Setting CVar [[r.Filter.SizeScale:1]]
[2022.10.06-05.55.22:014][  0]LogConfig: Setting CVar [[r.Tonemapper.Quality:5]]
[2022.10.06-05.55.22:014][  0]LogConfig: Setting CVar [[r.DOF.Gather.AccumulatorQuality:1        ; higher gathering accumulator quality]]
[2022.10.06-05.55.22:014][  0]LogConfig: Setting CVar [[r.DOF.Gather.PostfilterMethod:1          ; Median3x3 postfilering method]]
[2022.10.06-05.55.22:014][  0]LogConfig: Setting CVar [[r.DOF.Gather.EnableBokehSettings:0       ; no bokeh simulation when gathering]]
[2022.10.06-05.55.22:014][  0]LogConfig: Setting CVar [[r.DOF.Gather.RingCount:4                 ; medium number of samples when gathering]]
[2022.10.06-05.55.22:014][  0]LogConfig: Setting CVar [[r.DOF.Scatter.ForegroundCompositing:1    ; additive foreground scattering]]
[2022.10.06-05.55.22:014][  0]LogConfig: Setting CVar [[r.DOF.Scatter.BackgroundCompositing:2    ; additive background scattering]]
[2022.10.06-05.55.22:014][  0]LogConfig: Setting CVar [[r.DOF.Scatter.EnableBokehSettings:1      ; bokeh simulation when scattering]]
[2022.10.06-05.55.22:014][  0]LogConfig: Setting CVar [[r.DOF.Scatter.MaxSpriteRatio:0.1         ; only a maximum of 10% of scattered bokeh]]
[2022.10.06-05.55.22:014][  0]LogConfig: Setting CVar [[r.DOF.Recombine.Quality:1                ; cheap slight out of focus]]
[2022.10.06-05.55.22:014][  0]LogConfig: Setting CVar [[r.DOF.Recombine.EnableBokehSettings:0    ; no bokeh simulation on slight out of focus]]
[2022.10.06-05.55.22:014][  0]LogConfig: Setting CVar [[r.DOF.TemporalAAQuality:1                ; more stable temporal accumulation]]
[2022.10.06-05.55.22:014][  0]LogConfig: Setting CVar [[r.DOF.Kernel.MaxForegroundRadius:0.025]]
[2022.10.06-05.55.22:014][  0]LogConfig: Setting CVar [[r.DOF.Kernel.MaxBackgroundRadius:0.025]]
[2022.10.06-05.55.22:014][  0]LogConfig: Applying CVar settings from Section [TextureQuality@3] File [D:/AIE VET Course 2021/GrimblySchmeggle/GrimblySchmeggle/GrimblySchmeggle/Saved/Config/Windows/Scalability.ini]
[2022.10.06-05.55.22:014][  0]LogConfig: Setting CVar [[r.Streaming.MipBias:0]]
[2022.10.06-05.55.22:014][  0]LogConfig: Setting CVar [[r.Streaming.AmortizeCPUToGPUCopy:0]]
[2022.10.06-05.55.22:014][  0]LogConfig: Setting CVar [[r.Streaming.MaxNumTexturesToStreamPerFrame:0]]
[2022.10.06-05.55.22:014][  0]LogConfig: Setting CVar [[r.Streaming.Boost:1]]
[2022.10.06-05.55.22:014][  0]LogConfig: Setting CVar [[r.MaxAnisotropy:8]]
[2022.10.06-05.55.22:014][  0]LogConfig: Setting CVar [[r.VT.MaxAnisotropy:8]]
[2022.10.06-05.55.22:014][  0]LogConfig: Setting CVar [[r.Streaming.LimitPoolSizeToVRAM:0]]
[2022.10.06-05.55.22:014][  0]LogConfig: Setting CVar [[r.Streaming.PoolSize:1000]]
[2022.10.06-05.55.22:014][  0]LogConfig: Setting CVar [[r.Streaming.MaxEffectiveScreenSize:0]]
[2022.10.06-05.55.22:014][  0]LogConfig: Applying CVar settings from Section [EffectsQuality@3] File [D:/AIE VET Course 2021/GrimblySchmeggle/GrimblySchmeggle/GrimblySchmeggle/Saved/Config/Windows/Scalability.ini]
[2022.10.06-05.55.22:014][  0]LogConfig: Setting CVar [[r.TranslucencyLightingVolumeDim:64]]
[2022.10.06-05.55.22:014][  0]LogConfig: Setting CVar [[r.RefractionQuality:2]]
[2022.10.06-05.55.22:014][  0]LogConfig: Setting CVar [[r.SSR.Quality:3]]
[2022.10.06-05.55.22:014][  0]LogConfig: Setting CVar [[r.SSR.HalfResSceneColor:0]]
[2022.10.06-05.55.22:014][  0]LogConfig: Setting CVar [[r.SceneColorFormat:4]]
[2022.10.06-05.55.22:014][  0]LogConfig: Setting CVar [[r.DetailMode:2]]
[2022.10.06-05.55.22:014][  0]LogConfig: Setting CVar [[r.TranslucencyVolumeBlur:1]]
[2022.10.06-05.55.22:014][  0]LogConfig: Setting CVar [[r.MaterialQualityLevel:1 ; High quality]]
[2022.10.06-05.55.22:014][  0]LogConfig: Setting CVar [[r.AnisotropicMaterials:1]]
[2022.10.06-05.55.22:014][  0]LogConfig: Setting CVar [[r.SSS.Scale:1]]
[2022.10.06-05.55.22:014][  0]LogConfig: Setting CVar [[r.SSS.SampleSet:2]]
[2022.10.06-05.55.22:014][  0]LogConfig: Setting CVar [[r.SSS.Quality:1]]
[2022.10.06-05.55.22:014][  0]LogConfig: Setting CVar [[r.SSS.HalfRes:0]]
[2022.10.06-05.55.22:014][  0]LogConfig: Setting CVar [[r.SSGI.Quality:3]]
[2022.10.06-05.55.22:014][  0]LogConfig: Setting CVar [[r.EmitterSpawnRateScale:1.0]]
[2022.10.06-05.55.22:014][  0]LogConfig: Setting CVar [[r.ParticleLightQuality:2]]
[2022.10.06-05.55.22:014][  0]LogConfig: Setting CVar [[r.SkyAtmosphere.AerialPerspectiveLUT.FastApplyOnOpaque:1 ; Always have FastSkyLUT 1 in this case to avoid wrong sky]]
[2022.10.06-05.55.22:014][  0]LogConfig: Setting CVar [[r.SkyAtmosphere.AerialPerspectiveLUT.SampleCountMaxPerSlice:4]]
[2022.10.06-05.55.22:014][  0]LogConfig: Setting CVar [[r.SkyAtmosphere.AerialPerspectiveLUT.DepthResolution:16.0]]
[2022.10.06-05.55.22:014][  0]LogConfig: Setting CVar [[r.SkyAtmosphere.FastSkyLUT:1]]
[2022.10.06-05.55.22:014][  0]LogConfig: Setting CVar [[r.SkyAtmosphere.FastSkyLUT.SampleCountMin:4.0]]
[2022.10.06-05.55.22:014][  0]LogConfig: Setting CVar [[r.SkyAtmosphere.FastSkyLUT.SampleCountMax:128.0]]
[2022.10.06-05.55.22:014][  0]LogConfig: Setting CVar [[r.SkyAtmosphere.SampleCountMin:4.0]]
[2022.10.06-05.55.22:014][  0]LogConfig: Setting CVar [[r.SkyAtmosphere.SampleCountMax:128.0]]
[2022.10.06-05.55.22:014][  0]LogConfig: Setting CVar [[r.SkyAtmosphere.TransmittanceLUT.UseSmallFormat:0]]
[2022.10.06-05.55.22:014][  0]LogConfig: Setting CVar [[r.SkyAtmosphere.TransmittanceLUT.SampleCount:10.0]]
[2022.10.06-05.55.22:014][  0]LogConfig: Setting CVar [[r.SkyAtmosphere.MultiScatteringLUT.SampleCount:15.0]]
[2022.10.06-05.55.22:014][  0]LogConfig: Setting CVar [[r.SkyLight.RealTimeReflectionCapture:1]]
[2022.10.06-05.55.22:014][  0]LogConfig: Applying CVar settings from Section [FoliageQuality@3] File [D:/AIE VET Course 2021/GrimblySchmeggle/GrimblySchmeggle/GrimblySchmeggle/Saved/Config/Windows/Scalability.ini]
[2022.10.06-05.55.22:014][  0]LogConfig: Setting CVar [[foliage.DensityScale:1.0]]
[2022.10.06-05.55.22:014][  0]LogConfig: Setting CVar [[grass.DensityScale:1.0]]
[2022.10.06-05.55.22:014][  0]LogConfig: Applying CVar settings from Section [ShadingQuality@3] File [D:/AIE VET Course 2021/GrimblySchmeggle/GrimblySchmeggle/GrimblySchmeggle/Saved/Config/Windows/Scalability.ini]
[2022.10.06-05.55.22:014][  0]LogConfig: Setting CVar [[r.HairStrands.SkyLighting.IntegrationType:2]]
[2022.10.06-05.55.22:014][  0]LogConfig: Setting CVar [[r.HairStrands.SkyAO.SampleCount:4]]
[2022.10.06-05.55.22:014][  0]LogConfig: Setting CVar [[r.HairStrands.Visibility.MSAA.SamplePerPixel:4]]
[2022.10.06-05.55.22:014][  0]LogConfig: Applying CVar settings from Section [Startup] File [../../../Engine/Config/ConsoleVariables.ini]
[2022.10.06-05.55.22:014][  0]LogConfig: Setting CVar [[net.UseAdaptiveNetUpdateFrequency:0]]
[2022.10.06-05.55.22:014][  0]LogConfig: Setting CVar [[p.chaos.AllowCreatePhysxBodies:1]]
[2022.10.06-05.55.22:014][  0]LogConfig: Setting CVar [[fx.SkipVectorVMBackendOptimizations:1]]
[2022.10.06-05.55.22:014][  0]LogConfig: Applying CVar settings from Section [ConsoleVariables] File [D:/AIE VET Course 2021/GrimblySchmeggle/GrimblySchmeggle/GrimblySchmeggle/Saved/Config/Windows/Engine.ini]
[2022.10.06-05.55.22:014][  0]LogConfig: Applying CVar settings from Section [ConsoleVariables] File [D:/AIE VET Course 2021/GrimblySchmeggle/GrimblySchmeggle/GrimblySchmeggle/Saved/Config/Windows/Editor.ini]
[2022.10.06-05.55.22:014][  0]LogInit: Computer: BAILEYS-PC
[2022.10.06-05.55.22:015][  0]LogInit: User: baile
[2022.10.06-05.55.22:015][  0]LogInit: CPU Page size=4096, Cores=8
[2022.10.06-05.55.22:015][  0]LogInit: High frequency timer resolution =10.000000 MHz
[2022.10.06-05.55.22:015][  0]LogMemory: Memory total: Physical=31.9GB (32GB approx)
[2022.10.06-05.55.22:015][  0]LogMemory: Platform Memory Stats for Windows
[2022.10.06-05.55.22:015][  0]LogMemory: Process Physical Memory: 145.73 MB used, 146.91 MB peak
[2022.10.06-05.55.22:015][  0]LogMemory: Process Virtual Memory: 145.47 MB used, 145.47 MB peak
[2022.10.06-05.55.22:015][  0]LogMemory: Physical Memory: 11171.62 MB used,  21529.42 MB free, 32701.05 MB total
[2022.10.06-05.55.22:015][  0]LogMemory: Virtual Memory: 134189360.00 MB used,  28364.25 MB free, 134217728.00 MB total
[2022.10.06-05.55.22:018][  0]LogWindows: WindowsPlatformFeatures enabled
[2022.10.06-05.55.22:060][  0]LogInit: Physics initialised using underlying interface: PhysX
[2022.10.06-05.55.22:061][  0]LogInit: Using OS detected language (en-US).
[2022.10.06-05.55.22:061][  0]LogInit: Using OS detected locale (en-AU).
[2022.10.06-05.55.22:062][  0]LogTextLocalizationManager: No specific localization for 'en-US' exists, so the 'en' localization will be used.
[2022.10.06-05.55.22:197][  0]LogInit: Setting process to per monitor DPI aware
[2022.10.06-05.55.22:230][  0]LogWindowsTextInputMethodSystem: Display: IME system deactivated.
[2022.10.06-05.55.22:245][  0]LogSlate: New Slate User Created.  User Index 0, Is Virtual User: 0
[2022.10.06-05.55.22:245][  0]LogSlate: Slate User Registered.  User Index 0, Is Virtual User: 0
[2022.10.06-05.55.22:335][  0]LogD3D11RHI: Loaded GFSDK_Aftermath_Lib.x64.dll
[2022.10.06-05.55.22:335][  0]LogD3D11RHI: D3D11 min allowed feature level: 11_0
[2022.10.06-05.55.22:335][  0]LogD3D11RHI: D3D11 max allowed feature level: 11_0
[2022.10.06-05.55.22:335][  0]LogD3D11RHI: D3D11 adapters:
[2022.10.06-05.55.22:370][  0]LogD3D11RHI:    0. 'Radeon RX 580 Series' (Feature Level 11_0)
[2022.10.06-05.55.22:370][  0]LogD3D11RHI:       8170/0/16350 MB DedicatedVideo/DedicatedSystem/SharedSystem, Outputs:3, VendorId:0x1002
[2022.10.06-05.55.22:372][  0]LogD3D11RHI:    1. 'Microsoft Basic Render Driver' (Feature Level 11_0)
[2022.10.06-05.55.22:372][  0]LogD3D11RHI:       0/0/16350 MB DedicatedVideo/DedicatedSystem/SharedSystem, Outputs:0, VendorId:0x1414
[2022.10.06-05.55.22:372][  0]LogD3D11RHI: Chosen D3D11 Adapter:
[2022.10.06-05.55.22:372][  0]LogD3D11RHI:     Description : Radeon RX 580 Series
[2022.10.06-05.55.22:372][  0]LogD3D11RHI:     VendorId    : 1002
[2022.10.06-05.55.22:372][  0]LogD3D11RHI:     DeviceId    : 67df
[2022.10.06-05.55.22:372][  0]LogD3D11RHI:     SubSysId    : 34181462
[2022.10.06-05.55.22:372][  0]LogD3D11RHI:     Revision    : 00e7
[2022.10.06-05.55.22:372][  0]LogD3D11RHI:     DedicatedVideoMemory : 8567906304 bytes
[2022.10.06-05.55.22:372][  0]LogD3D11RHI:     DedicatedSystemMemory : 0 bytes
[2022.10.06-05.55.22:372][  0]LogD3D11RHI:     SharedSystemMemory : 17144766464 bytes
[2022.10.06-05.55.22:372][  0]LogD3D11RHI:     AdapterLuid : 0 94287
[2022.10.06-05.55.22:377][  0]LogD3D11RHI: Creating new Direct3DDevice
[2022.10.06-05.55.22:377][  0]LogD3D11RHI:     GPU DeviceId: 0x67df (for the marketing name, search the web for "GPU Device Id")
[2022.10.06-05.55.22:377][  0]LogWindows: EnumDisplayDevices:
[2022.10.06-05.55.22:377][  0]LogWindows:    0. 'Radeon RX 580 Series' (P:1 D:1)
[2022.10.06-05.55.22:377][  0]LogWindows:    1. 'Radeon RX 580 Series' (P:0 D:1)
[2022.10.06-05.55.22:377][  0]LogWindows:    2. 'Radeon RX 580 Series' (P:0 D:1)
[2022.10.06-05.55.22:377][  0]LogWindows:    3. 'Radeon RX 580 Series' (P:0 D:0)
[2022.10.06-05.55.22:378][  0]LogWindows:    4. 'Radeon RX 580 Series' (P:0 D:0)
[2022.10.06-05.55.22:378][  0]LogWindows:    5. 'Radeon RX 580 Series' (P:0 D:0)
[2022.10.06-05.55.22:378][  0]LogWindows:    6. 'Radeon RX 580 Series' (P:0 D:0)
[2022.10.06-05.55.22:378][  0]LogWindows: DebugString: FoundDriverCount:7 
[2022.10.06-05.55.22:378][  0]LogD3D11RHI:     Adapter Name: Radeon RX 580 Series
[2022.10.06-05.55.22:378][  0]LogD3D11RHI:   Driver Version: AMD Software: Adrenalin Edition 22.5.1 (internal:30.0.15021.11005, unified:30.0.15021.11005)
[2022.10.06-05.55.22:378][  0]LogD3D11RHI:      Driver Date: 4-28-2022
[2022.10.06-05.55.22:378][  0]LogRHI: Texture pool is 5182 MB (70% of 7402 MB)
[2022.10.06-05.55.22:385][  0]LogD3D11RHI: Creating D3DDevice with AMD AGS, using adapter:
[2022.10.06-05.55.22:385][  0]LogD3D11RHI:     Description : Radeon RX 580 Series
[2022.10.06-05.55.22:385][  0]LogD3D11RHI:     VendorId    : 1002
[2022.10.06-05.55.22:385][  0]LogD3D11RHI:     DeviceId    : 67df
[2022.10.06-05.55.22:385][  0]LogD3D11RHI:     SubSysId    : 34181462
[2022.10.06-05.55.22:385][  0]LogD3D11RHI:     Revision    : 00e7
[2022.10.06-05.55.22:385][  0]LogD3D11RHI:     DedicatedVideoMemory : 8567906304 bytes
[2022.10.06-05.55.22:385][  0]LogD3D11RHI:     DedicatedSystemMemory : 0 bytes
[2022.10.06-05.55.22:385][  0]LogD3D11RHI:     SharedSystemMemory : 17144766464 bytes
[2022.10.06-05.55.22:385][  0]LogD3D11RHI:     AdapterLuid : 0 94287
[2022.10.06-05.55.22:410][  0]LogD3D11RHI: Created device via AGS, feature level 11_0, supported extensions 1fffffbf.
[2022.10.06-05.55.22:410][  0]LogD3D11RHI: RHI has support for 64 bit atomics
[2022.10.06-05.55.22:410][  0]LogD3D11RHI: Async texture creation enabled
[2022.10.06-05.55.22:410][  0]LogD3D11RHI: Array index from any shader is supported
[2022.10.06-05.55.22:420][  0]LogD3D11RHI: GPU Timing Frequency: 25.000000 (Debug: 2 1)
[2022.10.06-05.55.22:620][  0]LogTargetPlatformManager: Display: Loaded TargetPlatform 'AllDesktop'
[2022.10.06-05.55.22:635][  0]LogTargetPlatformManager: Display: Loaded TargetPlatform 'Android'
[2022.10.06-05.55.22:635][  0]LogTargetPlatformManager: Display: Loaded TargetPlatform 'Android_ASTC'
[2022.10.06-05.55.22:635][  0]LogTargetPlatformManager: Display: Loaded TargetPlatform 'Android_DXT'
[2022.10.06-05.55.22:635][  0]LogTargetPlatformManager: Display: Loaded TargetPlatform 'Android_ETC2'
[2022.10.06-05.55.22:635][  0]LogTargetPlatformManager: Display: Loaded TargetPlatform 'AndroidClient'
[2022.10.06-05.55.22:635][  0]LogTargetPlatformManager: Display: Loaded TargetPlatform 'Android_ASTCClient'
[2022.10.06-05.55.22:635][  0]LogTargetPlatformManager: Display: Loaded TargetPlatform 'Android_DXTClient'
[2022.10.06-05.55.22:635][  0]LogTargetPlatformManager: Display: Loaded TargetPlatform 'Android_ETC2Client'
[2022.10.06-05.55.22:635][  0]LogTargetPlatformManager: Display: Loaded TargetPlatform 'Android_Multi'
[2022.10.06-05.55.22:636][  0]LogTargetPlatformManager: Display: Loaded TargetPlatform 'Android_MultiClient'
[2022.10.06-05.55.22:647][  0]LogTargetPlatformManager: Display: Loaded TargetPlatform 'IOSClient'
[2022.10.06-05.55.22:647][  0]LogTargetPlatformManager: Display: Loaded TargetPlatform 'IOS'
[2022.10.06-05.55.22:653][  0]LogTargetPlatformManager: Display: Loaded TargetPlatform 'Linux'
[2022.10.06-05.55.22:656][  0]LogTargetPlatformManager: Display: Loaded TargetPlatform 'LinuxNoEditor'
[2022.10.06-05.55.22:659][  0]LogTargetPlatformManager: Display: Loaded TargetPlatform 'LinuxClient'
[2022.10.06-05.55.22:662][  0]LogTargetPlatformManager: Display: Loaded TargetPlatform 'LinuxServer'
[2022.10.06-05.55.22:668][  0]LogTargetPlatformManager: Display: Loaded TargetPlatform 'LinuxAArch64NoEditor'
[2022.10.06-05.55.22:671][  0]LogTargetPlatformManager: Display: Loaded TargetPlatform 'LinuxAArch64Client'
[2022.10.06-05.55.22:674][  0]LogTargetPlatformManager: Display: Loaded TargetPlatform 'LinuxAArch64Server'
[2022.10.06-05.55.22:690][  0]LogTargetPlatformManager: Display: Loaded TargetPlatform 'Lumin'
[2022.10.06-05.55.22:691][  0]LogTargetPlatformManager: Display: Loaded TargetPlatform 'LuminClient'
[2022.10.06-05.55.22:695][  0]LogTargetPlatformManager: Display: Loaded TargetPlatform 'MacNoEditor'
[2022.10.06-05.55.22:698][  0]LogTargetPlatformManager: Display: Loaded TargetPlatform 'Mac'
[2022.10.06-05.55.22:700][  0]LogTargetPlatformManager: Display: Loaded TargetPlatform 'MacClient'
[2022.10.06-05.55.22:703][  0]LogTargetPlatformManager: Display: Loaded TargetPlatform 'MacServer'
[2022.10.06-05.55.22:709][  0]LogTargetPlatformManager: Display: Loaded TargetPlatform 'TVOSClient'
[2022.10.06-05.55.22:709][  0]LogTargetPlatformManager: Display: Loaded TargetPlatform 'TVOS'
[2022.10.06-05.55.22:715][  0]LogTargetPlatformManager: Display: Loaded TargetPlatform 'WindowsNoEditor'
[2022.10.06-05.55.22:718][  0]LogTargetPlatformManager: Display: Loaded TargetPlatform 'Windows'
[2022.10.06-05.55.22:721][  0]LogTargetPlatformManager: Display: Loaded TargetPlatform 'WindowsClient'
[2022.10.06-05.55.22:724][  0]LogTargetPlatformManager: Display: Loaded TargetPlatform 'WindowsServer'
[2022.10.06-05.55.22:724][  0]LogTargetPlatformManager: Display: Building Assets For Windows
[2022.10.06-05.55.22:728][  0]LogAudioDebug: Display: Lib vorbis DLL was dynamically loaded.
[2022.10.06-05.55.22:744][  0]LogTextureFormatOodle: Display: Oodle Texture 2.9.0 init RDO Off
[2022.10.06-05.55.22:763][  0]LogRendererCore: Ray tracing is disabled. Reason: r.RayTracing=0.
[2022.10.06-05.55.22:763][  0]LogShaderCompilers: Guid format shader working directory is -46 characters bigger than the processId version (../../../../../../../AIE VET Course 2021/GrimblySchmeggle/GrimblySchmeggle/GrimblySchmeggle/Intermediate/Shaders/WorkingDirectory/11832/).
[2022.10.06-05.55.22:763][  0]LogShaderCompilers: Cleaned the shader compiler working directory 'C:/Users/baile/AppData/Local/Temp/UnrealShaderWorkingDir/160ADD954BD2988B911B769D5F324D1C/'.
[2022.10.06-05.55.22:763][  0]LogXGEController: Cannot use XGE Controller as Incredibuild is not installed on this machine.
[2022.10.06-05.55.22:763][  0]LogShaderCompilers: Cannot use XGE Shader Compiler as Incredibuild is not installed on this machine.
[2022.10.06-05.55.22:763][  0]LogShaderCompilers: Display: Using Local Shader Compiler.
[2022.10.06-05.55.23:333][  0]LogDerivedDataCache: Display: Max Cache Size: 512 MB
[2022.10.06-05.55.23:376][  0]LogDerivedDataCache: Loaded boot cache 0.04s 94MB C:/Users/baile/AppData/Local/UnrealEngine/4.27/DerivedDataCache/Boot.ddc.
[2022.10.06-05.55.23:376][  0]LogDerivedDataCache: Display: Loaded Boot cache: C:/Users/baile/AppData/Local/UnrealEngine/4.27/DerivedDataCache/Boot.ddc
[2022.10.06-05.55.23:421][  0]LogDerivedDataCache: FDerivedDataBackendGraph:  Pak pak cache file ../../../../../../../AIE VET Course 2021/GrimblySchmeggle/GrimblySchmeggle/GrimblySchmeggle/DerivedDataCache/DDC.ddp not found, will not use a pak cache.
[2022.10.06-05.55.23:421][  0]LogDerivedDataCache: Unable to find inner node Pak for hierarchical cache Hierarchy.
[2022.10.06-05.55.23:421][  0]LogDerivedDataCache: FDerivedDataBackendGraph:  CompressedPak pak cache file ../../../../../../../AIE VET Course 2021/GrimblySchmeggle/GrimblySchmeggle/GrimblySchmeggle/DerivedDataCache/Compressed.ddp not found, will not use a pak cache.
[2022.10.06-05.55.23:421][  0]LogDerivedDataCache: Unable to find inner node CompressedPak for hierarchical cache Hierarchy.
[2022.10.06-05.55.23:433][  0]LogDerivedDataCache: Display: Pak cache opened for reading ../../../Engine/DerivedDataCache/Compressed.ddp.
[2022.10.06-05.55.23:433][  0]LogDerivedDataCache: FDerivedDataBackendGraph:  EnterprisePak pak cache file ../../../Enterprise/DerivedDataCache/Compressed.ddp not found, will not use a pak cache.
[2022.10.06-05.55.23:433][  0]LogDerivedDataCache: Unable to find inner node EnterprisePak for hierarchical cache Hierarchy.
[2022.10.06-05.55.23:439][  0]LogDerivedDataCache: Speed tests for C:/Users/baile/AppData/Local/UnrealEngine/Common/DerivedDataCache took 0.01 seconds
[2022.10.06-05.55.23:439][  0]LogDerivedDataCache: Display: Performance to C:/Users/baile/AppData/Local/UnrealEngine/Common/DerivedDataCache: Latency=0.02ms. RandomReadSpeed=1679.96MBs, RandomWriteSpeed=195.34MBs. Assigned SpeedClass 'Local'
[2022.10.06-05.55.23:440][  0]LogDerivedDataCache: Using Local data cache path C:/Users/baile/AppData/Local/UnrealEngine/Common/DerivedDataCache: Writable
[2022.10.06-05.55.23:440][  0]LogDerivedDataCache: Shared data cache path not found in *engine.ini, will not use an Shared cache.
[2022.10.06-05.55.23:440][  0]LogDerivedDataCache: Unable to find inner node Shared for hierarchical cache Hierarchy.
[2022.10.06-05.55.23:478][  0]LogSlate: Using FreeType 2.10.0
[2022.10.06-05.55.23:479][  0]LogSlate: SlateFontServices - WITH_FREETYPE: 1, WITH_HARFBUZZ: 1
[2022.10.06-05.55.23:495][  0]LogAssetRegistry: FAssetRegistry took 0.0019 seconds to start up
[2022.10.06-05.55.23:661][  0]LogInit: Selected Device Profile: [Windows]
[2022.10.06-05.55.23:661][  0]LogInit: Active device profile: [00000233F2826F00][00000233EDD1EE40 49] Windows
[2022.10.06-05.55.23:661][  0]LogInit: Profiles: [00000233F2826F00][00000233EDD1EE40 49] Windows, [00000233F27ED300][00000233EDD27100 49] WindowsNoEditor, [00000233F2825300][00000233EDD2B3C0 49] WindowsServer, [00000233F27EE800][00000233F262B680 49] WindowsClient, [00000233F2826700][00000233F262F940 49] IOS, [00000233F27EDB00][00000233F2633C00 49] iPadAir, [00000233F2825A00][00000233F2636340 49] iPadAir2, [00000233F27A7800][00000233F264A880 49] IPadPro, [00000233F27A7900][00000233F263A8C0 49] iPadAir3, [00000233F2827000][00000233F2642B80 49] iPadAir4, [00000233F27A5800][00000233EDD22E00 49] iPadMini2, [00000233F2825200][00000233F263F080 49] iPadMini3, [00000233F27A7A00][00000233F264F340 49] iPadMini4, [00000233F2826A00][00000233F2653600 49] iPadMini5, [00000233F2807100][00000233F2667B40 49] iPhone6, [00000233F2807200][00000233F2657B80 49] iPodTouch6, [00000233F27A4700][00000233F266E540 49] iPhone7, [00000233F27A4600][00000233F265E580 49] iPodTouch7, [00000233F2805700][00000233F2662840 49] iPhone5S, [00000233F27A7200][00000233F265AB00 49] iPhone6Plus, [00000233F2806300][00000233F266ADC0 49] iPhone6S, [00000233F27A5400][00000233F2647040 49] iPhone6SPlus, [00000233F2805600][00000233F26732C0 49] iPhone7Plus, [00000233F27A5500][00000233F267B580 49] iPhoneSE, [00000233F2806500][00000233F267F840 49] iPhone8, [00000233F27A6100][00000233F2683B00 49] iPhone8Plus, [00000233F2805C00][00000233F2686240 49] iPhoneX, [00000233F27A6900][00000233F268A500 49] iPhoneXS, [00000233F2805400][00000233F268E7C0 49] iPhoneXSMax, [00000233F27A7400][00000233F2692A80 49] iPhoneXR, [00000233F2804900][00000233F2696D40 49] iPhone11, [00000233F27A7100][00000233F269B000 49] iPhone11Pro, [00000233F2806600][00000233F2677280 49] iPhone11ProMax, [00000233F27A5A00][00000233F269F500 49] iPhoneSE2, [00000233F2805D00][00000233F26A77C0 49] iPhone12Mini, [00000233F27A5100][00000233F26ABA80 49] iPhone12, [00000233F2806900][00000233F26AE1C0 49] iPhone12Pro, [00000233F27A4200][00000233F26B2480 49] iPhone12ProMax, [00000233F2806000][00000233F26B6740 49] iPadPro105, [00000233F27A7300][00000233F26BAA00 49] iPadPro129, [00000233F2804E00][00000233F26BECC0 49] iPadPro97, [00000233F27A7B00][00000233F26C2F80 49] iPadPro2_129, [00000233F2807F00][00000233F26C7240 49] iPad5, [00000233F27A4800][00000233F26A34C0 49] iPad6, [00000233F2804C00][00000233F26CB740 49] iPad7, [00000233F27A7E00][00000233F26D3A00 49] iPad8, [00000233F2806A00][00000233F26D6140 49] iPadPro11, [00000233F27A4B00][00000233F26DA400 49] iPadPro2_11, [00000233F2805500][00000233F26DE6C0 49] iPadPro3_129, [00000233F27A7000][00000233F26E2980 49] iPadPro4_129, [00000233F2806100][00000233F26E6C40 49] AppleTV, [00000233F27A6800][00000233F26EAF00 49] AppleTV4K, [00000233F2804400][00000233F26EF1C0 49] TVOS, [00000233F2870B00][00000233F26F3480 49] Mac, [00000233F27ECF00][00000233F26CF700 49] MacClient, [00000233F2871200][00000233F26F7980 49] MacNoEditor, [00000233F27EC400][00000233F26FE0C0 49] MacServer, [00000233F2870D00][00000233F2702380 49] Linux, [00000233F27EFF00][00000233F2706640 49] LinuxAArch64, [00000233F2870300][00000233F270A900 49] LinuxNoEditor, [00000233F27EE900][00000233F270EBC0 49] LinuxAArch64NoEditor, [00000233F2871000][00000233F2712E80 49] LinuxClient, [00000233F27ECE00][00000233F2717140 49] LinuxAArch64Client, [00000233F2871300][00000233F271B400 49] LinuxServer, [00000233F27ED600][00000233F271F6C0 49] LinuxAArch64Server, [00000233F2870200][00000233F26FB940 49] Android, [00000233F27EC100][00000233F2723BC0 49] Android_Low, [00000233F2871600][00000233F272A300 49] Android_Mid, [00000233F27ED800][00000233F37405C0 49] Android_High, [00000233F2870C00][00000233F3744880 49] Android_Default, [00000233F27EDD00][00000233F3748B40 49] Android_Adreno4xx, [00000233F2805F00][00000233F374CE00 49] Android_Adreno5xx_Low, [00000233F27A4A00][00000233F37510C0 49] Android_Adreno5xx, [00000233F2806D00][00000233F3755380 49] Android_Adreno6xx, [00000233F27A4900][00000233F3759640 49] Android_Adreno6xx_Vulkan, [00000233F2807000][00000233F375D900 49] Android_Mali_T6xx, [00000233F27A6E00][00000233F2727B80 49] Android_Mali_T7xx, [00000233F2807D00][00000233F37642C0 49] Android_Mali_T8xx, [00000233F27A6500][00000233F3768580 49] Android_Mali_G71, [00000233F2807600][00000233F376C840 49] Android_Mali_G72, [00000233F27A6F00][00000233F3770B00 49] Android_Mali_G72_Vulkan, [00000233F2805100][00000233F3774DC0 49] Android_Mali_G76, [00000233F27A5700][00000233F3779080 49] Android_Mali_G76_Vulkan, [00000233F2804600][00000233F377D340 49] Android_Mali_G77, [00000233F27A4C00][00000233F3781600 49] Android_Mali_G77_Vulkan, [00000233F2805900][00000233F37858C0 49] Android_Mali_G78, [00000233F27A4F00][00000233F3761B40 49] Android_Mali_G78_Vulkan, [00000233F2807300][00000233F3788240 49] Android_Mali_G710, [00000233F27A5F00][00000233F3790500 49] Android_Mali_G710_Vulkan, [00000233F2804800][00000233F37947C0 49] Android_Vulkan_SM5, [00000233F27A6D00][00000233F3798A80 49] Android_PowerVR_G6xxx, [00000233F2871800][00000233F379CD40 49] Android_PowerVR_GT7xxx, [00000233F27A5300][00000233F37A1000 49] Android_PowerVR_GE8xxx, [00000233F2871900][00000233F37A52C0 49] Android_PowerVR_GM9xxx, [00000233F27A7D00][00000233F37A9580 49] Android_PowerVR_GM9xxx_Vulkan, [00000233F2870E00][00000233F37AD840 49] Android_TegraK1, [00000233F27A6A00][00000233F37B1B00 49] Android_Unknown_Vulkan, [00000233F2871100][00000233F378C200 49] Lumin, [00000233F27A4E00][00000233F37B4480 49] Lumin_Desktop, [00000233F2871D00][00000233F37BC740 49] HoloLens, 
[2022.10.06-05.55.23:803][  0]LogMeshReduction: Using QuadricMeshReduction for automatic static mesh reduction
[2022.10.06-05.55.23:803][  0]LogMeshReduction: Using SimplygonMeshReduction for automatic skeletal mesh reduction
[2022.10.06-05.55.23:803][  0]LogMeshReduction: Using ProxyLODMeshReduction for automatic mesh merging
[2022.10.06-05.55.23:803][  0]LogMeshReduction: No distributed automatic mesh merging module available
[2022.10.06-05.55.23:803][  0]LogMeshMerging: No distributed automatic mesh merging module available
[2022.10.06-05.55.23:821][  0]LogNetVersion: GrimblySchmeggle 1.0.0, NetCL: 17155196, EngineNetVer: 17, GameNetVer: 0 (Checksum: 1025192801)
[2022.10.06-05.55.24:096][  0]LogTexture: Default maximum texture size for cubemaps generated from long-lat sources has been changed from 512 to unlimited. In order to preserve old behaiour for '/Engine/MapTemplates/Sky/DaylightAmbientCubemap.DaylightAmbientCubemap', its maximum texture size has been explicitly set to 512.
[2022.10.06-05.55.24:131][  0]LogHMD: PokeAHoleMaterial loaded successfully
[2022.10.06-05.55.24:136][  0]LogUObjectArray: 17178 objects as part of root set at end of initial load.
[2022.10.06-05.55.24:136][  0]LogUObjectAllocator: 4302048 out of 0 bytes used by permanent object pool.
[2022.10.06-05.55.24:136][  0]LogUObjectArray: CloseDisregardForGC: 0/0 objects in disregard for GC pool
[2022.10.06-05.55.24:320][  0]LogNiagaraDebuggerClient: Niagara Debugger Client Initialized | Session: E9FE1EB641F5BDB702F227A006B2354B | Instance: 1F8972E94C9712B63F4302BACFB37AA6 (BAILEYS-PC-11832).
[2022.10.06-05.55.24:347][  0]LogPython: Using Python 3.7.7
[2022.10.06-05.55.24:797][  0]LogTcpMessaging: Initializing TcpMessaging bridge
[2022.10.06-05.55.24:800][  0]LogUdpMessaging: Initializing bridge on interface 0.0.0.0:0 to multicast group 230.0.0.1:6666.
[2022.10.06-05.55.24:846][  0]LogLinker: Warning: Failed to load '/Game/VehicleBP/VehicleOverview': Can't find file.
[2022.10.06-05.55.24:846][  0]LogLinker: Warning: Failed to load '/Game/VehicleBP/VehicleOverview': Can't find file.
[2022.10.06-05.55.24:846][  0]LogUObjectGlobals: Warning: Failed to find object 'Class /Game/VehicleBP/VehicleOverview.VehicleOverview_C'
[2022.10.06-05.55.24:961][  0]SourceControl: Source control is disabled
[2022.10.06-05.55.24:961][  0]SourceControl: Source control is disabled
[2022.10.06-05.55.24:963][  0]SourceControl: Source control is disabled
[2022.10.06-05.55.24:965][  0]SourceControl: Source control is disabled
[2022.10.06-05.55.24:970][  0]SourceControl: Source control is disabled
[2022.10.06-05.55.24:973][  0]LogUProjectInfo: Found projects:
[2022.10.06-05.55.25:096][  0]LogOpenImageDenoise: OIDN starting up
[2022.10.06-05.55.25:129][  0]LogAndroidPermission: UAndroidPermissionCallbackProxy::GetInstance
[2022.10.06-05.55.25:142][  0]LogAudioCaptureCore: Display: No Audio Capture implementations found. Audio input will be silent.
[2022.10.06-05.55.25:143][  0]LogAudioCaptureCore: Display: No Audio Capture implementations found. Audio input will be silent.
[2022.10.06-05.55.25:222][  0]LogCollectionManager: Loaded 0 collections in 0.000437 seconds
[2022.10.06-05.55.25:240][  0]LogFileCache: Scanning file cache for directory 'D:/AIE VET Course 2021/GrimblySchmeggle/GrimblySchmeggle/GrimblySchmeggle/Saved/Collections/' took 0.00s
[2022.10.06-05.55.25:240][  0]LogFileCache: Scanning file cache for directory 'D:/AIE VET Course 2021/GrimblySchmeggle/GrimblySchmeggle/GrimblySchmeggle/Content/Developers/baile/Collections/' took 0.00s
[2022.10.06-05.55.25:240][  0]LogFileCache: Scanning file cache for directory 'D:/AIE VET Course 2021/GrimblySchmeggle/GrimblySchmeggle/GrimblySchmeggle/Content/Collections/' took 0.00s
[2022.10.06-05.55.25:240][  0]LogOcInput: OculusInput pre-init called
[2022.10.06-05.55.25:412][  0]LogEngine: Initializing Engine...
[2022.10.06-05.55.25:455][  0]LogHMD: PokeAHoleMaterial loaded successfully
[2022.10.06-05.55.25:778][  0]LogHMD: Initializing OVRPlugin session
[2022.10.06-05.55.30:326][  0]LogHMD: Allocating Oculus 3008 x 1616 rendertarget swapchain
[2022.10.06-05.55.30:327][  0]LogHMD: Oculus plugin initialized. Version: 4.27.2-18319896+++UE4+Release-4.27, OVRPlugin: 1.59.0
[2022.10.06-05.55.30:327][  0]LogStats: UGameplayTagsManager::InitializeManager -  0.000 s
[2022.10.06-05.55.30:426][  0]LogInit: Initializing FReadOnlyCVARCache
[2022.10.06-05.55.30:433][  0]LogAIModule: Creating AISystem for world Untitled
[2022.10.06-05.55.30:441][  0]LogAudio: Display: Initializing Audio Device Manager...
[2022.10.06-05.55.30:442][  0]LogAudio: Display: Loading Default Audio Settings Objects...
[2022.10.06-05.55.30:443][  0]LogAudio: Display: No default SoundConcurrencyObject specified (or failed to load).
[2022.10.06-05.55.30:443][  0]LogAudio: Display: Audio Device Manager Initialized
[2022.10.06-05.55.30:443][  0]LogAudio: Display: Creating Audio Device:                 Id: 1, Scope: Shared, Realtime: True
[2022.10.06-05.55.30:443][  0]LogAudioMixer: Display: Audio Mixer Platform Settings:
[2022.10.06-05.55.30:443][  0]LogAudioMixer: Display: 	Sample Rate:						  48000
[2022.10.06-05.55.30:443][  0]LogAudioMixer: Display: 	Callback Buffer Frame Size Requested: 1024
[2022.10.06-05.55.30:443][  0]LogAudioMixer: Display: 	Callback Buffer Frame Size To Use:	  1024
[2022.10.06-05.55.30:443][  0]LogAudioMixer: Display: 	Number of buffers to queue:			  2
[2022.10.06-05.55.30:443][  0]LogAudioMixer: Display: 	Max Channels (voices):				  32
[2022.10.06-05.55.30:443][  0]LogAudioMixer: Display: 	Number of Async Source Workers:		  0
[2022.10.06-05.55.30:443][  0]LogAudio: Display: AudioDevice MaxSources: 32
[2022.10.06-05.55.30:444][  0]LogAudio: Display: Audio Spatialization Plugin: None (built-in).
[2022.10.06-05.55.30:444][  0]LogAudio: Display: Audio Reverb Plugin: None (built-in).
[2022.10.06-05.55.30:444][  0]LogAudio: Display: Audio Occlusion Plugin: None (built-in).
[2022.10.06-05.55.30:444][  0]LogAudioMixer: Display: Initializing audio mixer.
[2022.10.06-05.55.30:512][  0]LogAudioMixer: Display: 0: FrontLeft
[2022.10.06-05.55.30:512][  0]LogAudioMixer: Display: 1: FrontRight
[2022.10.06-05.55.30:531][  0]LogAudioMixer: Display: Using Audio Device Speakers (Realtek(R) Audio)
[2022.10.06-05.55.30:533][  0]LogAudioMixer: Display: Initializing Sound Submixes...
[2022.10.06-05.55.30:534][  0]LogAudioMixer: Display: Creating Master Submix 'MasterSubmixDefault'
[2022.10.06-05.55.30:534][  0]LogAudioMixer: Display: Creating Master Submix 'MasterReverbSubmixDefault'
[2022.10.06-05.55.30:535][  0]LogAudioMixer: Display: Creating Master Submix 'MasterEQSubmixDefault'
[2022.10.06-05.55.30:535][  0]LogAudioMixer: FMixerPlatformXAudio2::StartAudioStream() called
[2022.10.06-05.55.30:535][  0]LogAudioMixer: Display: Output buffers initialized: Frames=1024, Channels=2, Samples=2048
[2022.10.06-05.55.30:536][  0]LogAudioMixer: Display: Starting AudioMixerPlatformInterface::RunInternal()
[2022.10.06-05.55.30:536][  0]LogAudioMixer: Display: FMixerPlatformXAudio2::SubmitBuffer() called for the first time
[2022.10.06-05.55.30:536][  0]LogInit: FAudioDevice initialized.
[2022.10.06-05.55.30:536][  0]LogAudio: Display: Audio Device (ID: 1) registered with world 'Untitled'.
[2022.10.06-05.55.30:536][  0]LogNetVersion: Set ProjectVersion to 1.0.0.0. Version Checksum will be recalculated on next use.
[2022.10.06-05.55.30:606][  0]LogDerivedDataCache: Saved boot cache 0.07s 94MB C:/Users/baile/AppData/Local/UnrealEngine/4.27/DerivedDataCache/Boot.ddc.
[2022.10.06-05.55.30:606][  0]LogInit: Texture streaming: Enabled
[2022.10.06-05.55.30:615][  0]LogAnalytics: Display: [UEEditor.Rocket.Release] APIServer = https://datarouter.ol.epicgames.com/. AppVersion = 4.27.2-18319896+++UE4+Release-4.27
[2022.10.06-05.55.30:617][  0]LogEngineSessionManager: EngineSessionManager initialized
[2022.10.06-05.55.30:617][  0]LogEditorSessionSummary: Verbose: Initializing EditorSessionSummaryWriter for editor session tracking
[2022.10.06-05.55.30:618][  0]LogEditorSessionSummary: EditorSessionSummaryWriter initialized
[2022.10.06-05.55.30:638][  0]LogInit: Transaction tracking system initialized
[2022.10.06-05.55.30:652][  0]BlueprintLog: New page: Editor Load
[2022.10.06-05.55.30:695][  0]LocalizationService: Localization service is disabled
[2022.10.06-05.55.30:807][  0]TimingProfiler: Initialize
[2022.10.06-05.55.30:807][  0]TimingProfiler: OnSessionChanged
[2022.10.06-05.55.30:807][  0]LoadingProfiler: Initialize
[2022.10.06-05.55.30:807][  0]LoadingProfiler: OnSessionChanged
[2022.10.06-05.55.30:807][  0]NetworkingProfiler: Initialize
[2022.10.06-05.55.30:808][  0]NetworkingProfiler: OnSessionChanged
[2022.10.06-05.55.30:808][  0]MemoryProfiler: Initialize
[2022.10.06-05.55.30:808][  0]MemoryProfiler: OnSessionChanged
[2022.10.06-05.55.31:102][  0]LogCook: Display: CookSettings for Memory: MemoryMaxUsedVirtual 0MiB, MemoryMaxUsedPhysical 16384MiB, MemoryMinFreeVirtual 0MiB, MemoryMinFreePhysical 1024MiB
[2022.10.06-05.55.31:102][  0]LogCook: Display: Mobile HDR setting 1
[2022.10.06-05.55.31:226][  0]LogFileCache: Scanning file cache for directory 'D:/AIE VET Course 2021/GrimblySchmeggle/GrimblySchmeggle/GrimblySchmeggle/Content/' took 0.03s
[2022.10.06-05.55.31:366][  0]LogInit: Display: Engine is initialized. Leaving FEngineLoop::Init()
[2022.10.06-05.55.31:368][  0]SourceControl: Source control is disabled
[2022.10.06-05.55.31:368][  0]LogUnrealEdMisc: Loading editor; pre map load, took 16.427
[2022.10.06-05.55.31:368][  0]LogEditorServer: Warning: Can't find file '../../../../../../../AIE VET Course 2021/GrimblySchmeggle/GrimblySchmeggle/GrimblySchmeggle/Content/DefaultDoNotEdit/DefaultDoNotEditLevel.umap'
[2022.10.06-05.55.31:368][  0]Cmd: MAP CHECKDEP NOCLEARLOG
[2022.10.06-05.55.31:368][  0]MapCheck: Map check complete: 0 Error(s), 0 Warning(s), took 0.08ms to complete.
[2022.10.06-05.55.31:368][  0]LogFileHelpers: Loading map 'DefaultDoNotEditLevel' took 0.000
[2022.10.06-05.55.31:369][  0]LogUnrealEdMisc: Total Editor Startup Time, took 16.428
[2022.10.06-05.55.37:524][  0]LogSlate: Only BGRA pngs, bmps or icos are supported in by External Image Picker
[2022.10.06-05.55.38:465][  0]LogSlate: Updating window title bar state: overlay mode, drag disabled, window buttons hidden, title bar hidden
[2022.10.06-05.55.38:497][  0]LogSlate: Updating window title bar state: overlay mode, drag disabled, window buttons hidden, title bar hidden
[2022.10.06-05.55.38:502][  0]LogSlate: Updating window title bar state: overlay mode, drag disabled, window buttons hidden, title bar hidden
[2022.10.06-05.55.38:506][  0]LogSlate: Updating window title bar state: overlay mode, drag disabled, window buttons hidden, title bar hidden
[2022.10.06-05.55.38:955][  0]LogNativeClassHierarchy: Verbose: Native class hierarchy populated in 0.0071 seconds. Added 3822 classes and 928 folders.
[2022.10.06-05.55.39:004][  0]LogNativeClassHierarchy: Verbose: Native class hierarchy updated for 'WidgetCarousel' in 0.0002 seconds. Added 0 classes and 0 folders.
[2022.10.06-05.55.39:293][  0]LogPakFile: PakFile PrimaryIndexSize=187
[2022.10.06-05.55.39:293][  0]LogPakFile: PakFile PathHashIndexSize=101
[2022.10.06-05.55.39:293][  0]LogPakFile: PakFile FullDirectoryIndexSize=148
[2022.10.06-05.55.39:293][  0]LogShaderLibrary: Display: ShaderCodeLibraryPakFileMountedCallback: PakFile 'D:/Games/epicgames/Games/UE_4.27/FeaturePacks/FP_FirstPerson.upack' (chunk index -1, root 'root:/') mounted
[2022.10.06-05.55.39:293][  0]LogShaderLibrary: Display: ShaderCodeLibraryPakFileMountedCallback: pending pak file info (ChunkID:-1 Root:root:/ File:D:/Games/epicgames/Games/UE_4.27/FeaturePacks/FP_FirstPerson.upack)
[2022.10.06-05.55.39:293][  0]LogPakFile: OnPakFileMounted2Time == 0.000045
[2022.10.06-05.55.39:417][  0]LogPakFile: PakFile PrimaryIndexSize=189
[2022.10.06-05.55.39:417][  0]LogPakFile: PakFile PathHashIndexSize=101
[2022.10.06-05.55.39:417][  0]LogPakFile: PakFile FullDirectoryIndexSize=152
[2022.10.06-05.55.39:417][  0]LogShaderLibrary: Display: ShaderCodeLibraryPakFileMountedCallback: PakFile 'D:/Games/epicgames/Games/UE_4.27/FeaturePacks/FP_FirstPersonBP.upack' (chunk index -1, root 'root:/') mounted
[2022.10.06-05.55.39:417][  0]LogShaderLibrary: Display: ShaderCodeLibraryPakFileMountedCallback: pending pak file info (ChunkID:-1 Root:root:/ File:D:/Games/epicgames/Games/UE_4.27/FeaturePacks/FP_FirstPersonBP.upack)
[2022.10.06-05.55.39:417][  0]LogPakFile: OnPakFileMounted2Time == 0.000037
[2022.10.06-05.55.39:512][  0]LogPakFile: PakFile PrimaryIndexSize=191
[2022.10.06-05.55.39:512][  0]LogPakFile: PakFile PathHashIndexSize=101
[2022.10.06-05.55.39:512][  0]LogPakFile: PakFile FullDirectoryIndexSize=160
[2022.10.06-05.55.39:512][  0]LogShaderLibrary: Display: ShaderCodeLibraryPakFileMountedCallback: PakFile 'D:/Games/epicgames/Games/UE_4.27/FeaturePacks/MobileStarterContent.upack' (chunk index -1, root 'root:/') mounted
[2022.10.06-05.55.39:512][  0]LogShaderLibrary: Display: ShaderCodeLibraryPakFileMountedCallback: pending pak file info (ChunkID:-1 Root:root:/ File:D:/Games/epicgames/Games/UE_4.27/FeaturePacks/MobileStarterContent.upack)
[2022.10.06-05.55.39:512][  0]LogPakFile: OnPakFileMounted2Time == 0.000032
[2022.10.06-05.55.39:548][  0]LogPakFile: PakFile PrimaryIndexSize=185
[2022.10.06-05.55.39:548][  0]LogPakFile: PakFile PathHashIndexSize=101
[2022.10.06-05.55.39:548][  0]LogPakFile: PakFile FullDirectoryIndexSize=148
[2022.10.06-05.55.39:548][  0]LogShaderLibrary: Display: ShaderCodeLibraryPakFileMountedCallback: PakFile 'D:/Games/epicgames/Games/UE_4.27/FeaturePacks/StarterContent.upack' (chunk index -1, root 'root:/') mounted
[2022.10.06-05.55.39:548][  0]LogShaderLibrary: Display: ShaderCodeLibraryPakFileMountedCallback: pending pak file info (ChunkID:-1 Root:root:/ File:D:/Games/epicgames/Games/UE_4.27/FeaturePacks/StarterContent.upack)
[2022.10.06-05.55.39:548][  0]LogPakFile: OnPakFileMounted2Time == 0.000038
[2022.10.06-05.55.39:581][  0]LogPakFile: PakFile PrimaryIndexSize=190
[2022.10.06-05.55.39:581][  0]LogPakFile: PakFile PathHashIndexSize=101
[2022.10.06-05.55.39:581][  0]LogPakFile: PakFile FullDirectoryIndexSize=154
[2022.10.06-05.55.39:581][  0]LogShaderLibrary: Display: ShaderCodeLibraryPakFileMountedCallback: PakFile 'D:/Games/epicgames/Games/UE_4.27/FeaturePacks/TP_2DSideScroller.upack' (chunk index -1, root 'root:/') mounted
[2022.10.06-05.55.39:581][  0]LogShaderLibrary: Display: ShaderCodeLibraryPakFileMountedCallback: pending pak file info (ChunkID:-1 Root:root:/ File:D:/Games/epicgames/Games/UE_4.27/FeaturePacks/TP_2DSideScroller.upack)
[2022.10.06-05.55.39:581][  0]LogPakFile: OnPakFileMounted2Time == 0.000036
[2022.10.06-05.55.39:634][  0]LogPakFile: PakFile PrimaryIndexSize=192
[2022.10.06-05.55.39:634][  0]LogPakFile: PakFile PathHashIndexSize=101
[2022.10.06-05.55.39:634][  0]LogPakFile: PakFile FullDirectoryIndexSize=158
[2022.10.06-05.55.39:634][  0]LogShaderLibrary: Display: ShaderCodeLibraryPakFileMountedCallback: PakFile 'D:/Games/epicgames/Games/UE_4.27/FeaturePacks/TP_2DSideScrollerBP.upack' (chunk index -1, root 'root:/') mounted
[2022.10.06-05.55.39:634][  0]LogShaderLibrary: Display: ShaderCodeLibraryPakFileMountedCallback: pending pak file info (ChunkID:-1 Root:root:/ File:D:/Games/epicgames/Games/UE_4.27/FeaturePacks/TP_2DSideScrollerBP.upack)
[2022.10.06-05.55.39:634][  0]LogPakFile: OnPakFileMounted2Time == 0.000034
[2022.10.06-05.55.39:706][  0]LogPakFile: PakFile PrimaryIndexSize=182
[2022.10.06-05.55.39:706][  0]LogPakFile: PakFile PathHashIndexSize=101
[2022.10.06-05.55.39:706][  0]LogPakFile: PakFile FullDirectoryIndexSize=138
[2022.10.06-05.55.39:706][  0]LogShaderLibrary: Display: ShaderCodeLibraryPakFileMountedCallback: PakFile 'D:/Games/epicgames/Games/UE_4.27/FeaturePacks/TP_Flying.upack' (chunk index -1, root 'root:/') mounted
[2022.10.06-05.55.39:706][  0]LogShaderLibrary: Display: ShaderCodeLibraryPakFileMountedCallback: pending pak file info (ChunkID:-1 Root:root:/ File:D:/Games/epicgames/Games/UE_4.27/FeaturePacks/TP_Flying.upack)
[2022.10.06-05.55.39:706][  0]LogPakFile: OnPakFileMounted2Time == 0.000032
[2022.10.06-05.55.39:765][  0]LogPakFile: PakFile PrimaryIndexSize=184
[2022.10.06-05.55.39:765][  0]LogPakFile: PakFile PathHashIndexSize=101
[2022.10.06-05.55.39:765][  0]LogPakFile: PakFile FullDirectoryIndexSize=142
[2022.10.06-05.55.39:765][  0]LogShaderLibrary: Display: ShaderCodeLibraryPakFileMountedCallback: PakFile 'D:/Games/epicgames/Games/UE_4.27/FeaturePacks/TP_FlyingBP.upack' (chunk index -1, root 'root:/') mounted
[2022.10.06-05.55.39:765][  0]LogShaderLibrary: Display: ShaderCodeLibraryPakFileMountedCallback: pending pak file info (ChunkID:-1 Root:root:/ File:D:/Games/epicgames/Games/UE_4.27/FeaturePacks/TP_FlyingBP.upack)
[2022.10.06-05.55.39:765][  0]LogPakFile: OnPakFileMounted2Time == 0.000031
[2022.10.06-05.55.39:807][  0]LogPakFile: PakFile PrimaryIndexSize=188
[2022.10.06-05.55.39:807][  0]LogPakFile: PakFile PathHashIndexSize=101
[2022.10.06-05.55.39:807][  0]LogPakFile: PakFile FullDirectoryIndexSize=150
[2022.10.06-05.55.39:807][  0]LogShaderLibrary: Display: ShaderCodeLibraryPakFileMountedCallback: PakFile 'D:/Games/epicgames/Games/UE_4.27/FeaturePacks/TP_HandheldARBP.upack' (chunk index -1, root 'root:/') mounted
[2022.10.06-05.55.39:807][  0]LogShaderLibrary: Display: ShaderCodeLibraryPakFileMountedCallback: pending pak file info (ChunkID:-1 Root:root:/ File:D:/Games/epicgames/Games/UE_4.27/FeaturePacks/TP_HandheldARBP.upack)
[2022.10.06-05.55.39:807][  0]LogPakFile: OnPakFileMounted2Time == 0.000035
[2022.10.06-05.55.39:847][  0]LogPakFile: PakFile PrimaryIndexSize=182
[2022.10.06-05.55.39:847][  0]LogPakFile: PakFile PathHashIndexSize=101
[2022.10.06-05.55.39:847][  0]LogPakFile: PakFile FullDirectoryIndexSize=138
[2022.10.06-05.55.39:847][  0]LogShaderLibrary: Display: ShaderCodeLibraryPakFileMountedCallback: PakFile 'D:/Games/epicgames/Games/UE_4.27/FeaturePacks/TP_Puzzle.upack' (chunk index -1, root 'root:/') mounted
[2022.10.06-05.55.39:847][  0]LogShaderLibrary: Display: ShaderCodeLibraryPakFileMountedCallback: pending pak file info (ChunkID:-1 Root:root:/ File:D:/Games/epicgames/Games/UE_4.27/FeaturePacks/TP_Puzzle.upack)
[2022.10.06-05.55.39:847][  0]LogPakFile: OnPakFileMounted2Time == 0.000040
[2022.10.06-05.55.39:869][  0]LogPakFile: PakFile PrimaryIndexSize=184
[2022.10.06-05.55.39:869][  0]LogPakFile: PakFile PathHashIndexSize=101
[2022.10.06-05.55.39:869][  0]LogPakFile: PakFile FullDirectoryIndexSize=142
[2022.10.06-05.55.39:869][  0]LogShaderLibrary: Display: ShaderCodeLibraryPakFileMountedCallback: PakFile 'D:/Games/epicgames/Games/UE_4.27/FeaturePacks/TP_PuzzleBP.upack' (chunk index -1, root 'root:/') mounted
[2022.10.06-05.55.39:869][  0]LogShaderLibrary: Display: ShaderCodeLibraryPakFileMountedCallback: pending pak file info (ChunkID:-1 Root:root:/ File:D:/Games/epicgames/Games/UE_4.27/FeaturePacks/TP_PuzzleBP.upack)
[2022.10.06-05.55.39:869][  0]LogPakFile: OnPakFileMounted2Time == 0.000031
[2022.10.06-05.55.39:894][  0]LogPakFile: PakFile PrimaryIndexSize=183
[2022.10.06-05.55.39:894][  0]LogPakFile: PakFile PathHashIndexSize=101
[2022.10.06-05.55.39:894][  0]LogPakFile: PakFile FullDirectoryIndexSize=140
[2022.10.06-05.55.39:894][  0]LogShaderLibrary: Display: ShaderCodeLibraryPakFileMountedCallback: PakFile 'D:/Games/epicgames/Games/UE_4.27/FeaturePacks/TP_Rolling.upack' (chunk index -1, root 'root:/') mounted
[2022.10.06-05.55.39:894][  0]LogShaderLibrary: Display: ShaderCodeLibraryPakFileMountedCallback: pending pak file info (ChunkID:-1 Root:root:/ File:D:/Games/epicgames/Games/UE_4.27/FeaturePacks/TP_Rolling.upack)
[2022.10.06-05.55.39:894][  0]LogPakFile: OnPakFileMounted2Time == 0.000032
[2022.10.06-05.55.39:982][  0]LogPakFile: PakFile PrimaryIndexSize=185
[2022.10.06-05.55.39:982][  0]LogPakFile: PakFile PathHashIndexSize=101
[2022.10.06-05.55.39:982][  0]LogPakFile: PakFile FullDirectoryIndexSize=144
[2022.10.06-05.55.39:982][  0]LogShaderLibrary: Display: ShaderCodeLibraryPakFileMountedCallback: PakFile 'D:/Games/epicgames/Games/UE_4.27/FeaturePacks/TP_RollingBP.upack' (chunk index -1, root 'root:/') mounted
[2022.10.06-05.55.39:982][  0]LogShaderLibrary: Display: ShaderCodeLibraryPakFileMountedCallback: pending pak file info (ChunkID:-1 Root:root:/ File:D:/Games/epicgames/Games/UE_4.27/FeaturePacks/TP_RollingBP.upack)
[2022.10.06-05.55.39:982][  0]LogPakFile: OnPakFileMounted2Time == 0.000037
[2022.10.06-05.55.40:115][  0]LogPakFile: PakFile PrimaryIndexSize=188
[2022.10.06-05.55.40:115][  0]LogPakFile: PakFile PathHashIndexSize=101
[2022.10.06-05.55.40:115][  0]LogPakFile: PakFile FullDirectoryIndexSize=150
[2022.10.06-05.55.40:115][  0]LogShaderLibrary: Display: ShaderCodeLibraryPakFileMountedCallback: PakFile 'D:/Games/epicgames/Games/UE_4.27/FeaturePacks/TP_SideScroller.upack' (chunk index -1, root 'root:/') mounted
[2022.10.06-05.55.40:115][  0]LogShaderLibrary: Display: ShaderCodeLibraryPakFileMountedCallback: pending pak file info (ChunkID:-1 Root:root:/ File:D:/Games/epicgames/Games/UE_4.27/FeaturePacks/TP_SideScroller.upack)
[2022.10.06-05.55.40:115][  0]LogPakFile: OnPakFileMounted2Time == 0.000038
[2022.10.06-05.55.40:163][  0]LogPakFile: PakFile PrimaryIndexSize=190
[2022.10.06-05.55.40:163][  0]LogPakFile: PakFile PathHashIndexSize=101
[2022.10.06-05.55.40:163][  0]LogPakFile: PakFile FullDirectoryIndexSize=154
[2022.10.06-05.55.40:163][  0]LogShaderLibrary: Display: ShaderCodeLibraryPakFileMountedCallback: PakFile 'D:/Games/epicgames/Games/UE_4.27/FeaturePacks/TP_SideScrollerBP.upack' (chunk index -1, root 'root:/') mounted
[2022.10.06-05.55.40:163][  0]LogShaderLibrary: Display: ShaderCodeLibraryPakFileMountedCallback: pending pak file info (ChunkID:-1 Root:root:/ File:D:/Games/epicgames/Games/UE_4.27/FeaturePacks/TP_SideScrollerBP.upack)
[2022.10.06-05.55.40:163][  0]LogPakFile: OnPakFileMounted2Time == 0.000038
[2022.10.06-05.55.40:180][  0]LogPakFile: PakFile PrimaryIndexSize=187
[2022.10.06-05.55.40:180][  0]LogPakFile: PakFile PathHashIndexSize=101
[2022.10.06-05.55.40:180][  0]LogPakFile: PakFile FullDirectoryIndexSize=148
[2022.10.06-05.55.40:180][  0]LogShaderLibrary: Display: ShaderCodeLibraryPakFileMountedCallback: PakFile 'D:/Games/epicgames/Games/UE_4.27/FeaturePacks/TP_ThirdPerson.upack' (chunk index -1, root 'root:/') mounted
[2022.10.06-05.55.40:180][  0]LogShaderLibrary: Display: ShaderCodeLibraryPakFileMountedCallback: pending pak file info (ChunkID:-1 Root:root:/ File:D:/Games/epicgames/Games/UE_4.27/FeaturePacks/TP_ThirdPerson.upack)
[2022.10.06-05.55.40:180][  0]LogPakFile: OnPakFileMounted2Time == 0.000032
[2022.10.06-05.55.40:220][  0]LogPakFile: PakFile PrimaryIndexSize=189
[2022.10.06-05.55.40:220][  0]LogPakFile: PakFile PathHashIndexSize=101
[2022.10.06-05.55.40:220][  0]LogPakFile: PakFile FullDirectoryIndexSize=152
[2022.10.06-05.55.40:220][  0]LogShaderLibrary: Display: ShaderCodeLibraryPakFileMountedCallback: PakFile 'D:/Games/epicgames/Games/UE_4.27/FeaturePacks/TP_ThirdPersonBP.upack' (chunk index -1, root 'root:/') mounted
[2022.10.06-05.55.40:220][  0]LogShaderLibrary: Display: ShaderCodeLibraryPakFileMountedCallback: pending pak file info (ChunkID:-1 Root:root:/ File:D:/Games/epicgames/Games/UE_4.27/FeaturePacks/TP_ThirdPersonBP.upack)
[2022.10.06-05.55.40:220][  0]LogPakFile: OnPakFileMounted2Time == 0.000032
[2022.10.06-05.55.40:266][  0]LogPakFile: PakFile PrimaryIndexSize=183
[2022.10.06-05.55.40:266][  0]LogPakFile: PakFile PathHashIndexSize=101
[2022.10.06-05.55.40:266][  0]LogPakFile: PakFile FullDirectoryIndexSize=140
[2022.10.06-05.55.40:266][  0]LogShaderLibrary: Display: ShaderCodeLibraryPakFileMountedCallback: PakFile 'D:/Games/epicgames/Games/UE_4.27/FeaturePacks/TP_TopDown.upack' (chunk index -1, root 'root:/') mounted
[2022.10.06-05.55.40:266][  0]LogShaderLibrary: Display: ShaderCodeLibraryPakFileMountedCallback: pending pak file info (ChunkID:-1 Root:root:/ File:D:/Games/epicgames/Games/UE_4.27/FeaturePacks/TP_TopDown.upack)
[2022.10.06-05.55.40:266][  0]LogPakFile: OnPakFileMounted2Time == 0.000038
[2022.10.06-05.55.40:297][  0]LogPakFile: PakFile PrimaryIndexSize=185
[2022.10.06-05.55.40:297][  0]LogPakFile: PakFile PathHashIndexSize=101
[2022.10.06-05.55.40:297][  0]LogPakFile: PakFile FullDirectoryIndexSize=144
[2022.10.06-05.55.40:297][  0]LogShaderLibrary: Display: ShaderCodeLibraryPakFileMountedCallback: PakFile 'D:/Games/epicgames/Games/UE_4.27/FeaturePacks/TP_TopDownBP.upack' (chunk index -1, root 'root:/') mounted
[2022.10.06-05.55.40:297][  0]LogShaderLibrary: Display: ShaderCodeLibraryPakFileMountedCallback: pending pak file info (ChunkID:-1 Root:root:/ File:D:/Games/epicgames/Games/UE_4.27/FeaturePacks/TP_TopDownBP.upack)
[2022.10.06-05.55.40:297][  0]LogPakFile: OnPakFileMounted2Time == 0.000033
[2022.10.06-05.55.40:335][  0]LogPakFile: PakFile PrimaryIndexSize=185
[2022.10.06-05.55.40:335][  0]LogPakFile: PakFile PathHashIndexSize=101
[2022.10.06-05.55.40:335][  0]LogPakFile: PakFile FullDirectoryIndexSize=144
[2022.10.06-05.55.40:335][  0]LogShaderLibrary: Display: ShaderCodeLibraryPakFileMountedCallback: PakFile 'D:/Games/epicgames/Games/UE_4.27/FeaturePacks/TP_TwinStick.upack' (chunk index -1, root 'root:/') mounted
[2022.10.06-05.55.40:335][  0]LogShaderLibrary: Display: ShaderCodeLibraryPakFileMountedCallback: pending pak file info (ChunkID:-1 Root:root:/ File:D:/Games/epicgames/Games/UE_4.27/FeaturePacks/TP_TwinStick.upack)
[2022.10.06-05.55.40:335][  0]LogPakFile: OnPakFileMounted2Time == 0.000032
[2022.10.06-05.55.40:356][  0]LogPakFile: PakFile PrimaryIndexSize=187
[2022.10.06-05.55.40:356][  0]LogPakFile: PakFile PathHashIndexSize=101
[2022.10.06-05.55.40:356][  0]LogPakFile: PakFile FullDirectoryIndexSize=148
[2022.10.06-05.55.40:356][  0]LogShaderLibrary: Display: ShaderCodeLibraryPakFileMountedCallback: PakFile 'D:/Games/epicgames/Games/UE_4.27/FeaturePacks/TP_TwinStickBP.upack' (chunk index -1, root 'root:/') mounted
[2022.10.06-05.55.40:356][  0]LogShaderLibrary: Display: ShaderCodeLibraryPakFileMountedCallback: pending pak file info (ChunkID:-1 Root:root:/ File:D:/Games/epicgames/Games/UE_4.27/FeaturePacks/TP_TwinStickBP.upack)
[2022.10.06-05.55.40:356][  0]LogPakFile: OnPakFileMounted2Time == 0.000032
[2022.10.06-05.55.40:401][  0]LogPakFile: PakFile PrimaryIndexSize=183
[2022.10.06-05.55.40:401][  0]LogPakFile: PakFile PathHashIndexSize=101
[2022.10.06-05.55.40:401][  0]LogPakFile: PakFile FullDirectoryIndexSize=140
[2022.10.06-05.55.40:401][  0]LogShaderLibrary: Display: ShaderCodeLibraryPakFileMountedCallback: PakFile 'D:/Games/epicgames/Games/UE_4.27/FeaturePacks/TP_Vehicle.upack' (chunk index -1, root 'root:/') mounted
[2022.10.06-05.55.40:401][  0]LogShaderLibrary: Display: ShaderCodeLibraryPakFileMountedCallback: pending pak file info (ChunkID:-1 Root:root:/ File:D:/Games/epicgames/Games/UE_4.27/FeaturePacks/TP_Vehicle.upack)
[2022.10.06-05.55.40:401][  0]LogPakFile: OnPakFileMounted2Time == 0.000038
[2022.10.06-05.55.40:428][  0]LogPakFile: PakFile PrimaryIndexSize=186
[2022.10.06-05.55.40:428][  0]LogPakFile: PakFile PathHashIndexSize=101
[2022.10.06-05.55.40:428][  0]LogPakFile: PakFile FullDirectoryIndexSize=146
[2022.10.06-05.55.40:428][  0]LogShaderLibrary: Display: ShaderCodeLibraryPakFileMountedCallback: PakFile 'D:/Games/epicgames/Games/UE_4.27/FeaturePacks/TP_VehicleAdv.upack' (chunk index -1, root 'root:/') mounted
[2022.10.06-05.55.40:428][  0]LogShaderLibrary: Display: ShaderCodeLibraryPakFileMountedCallback: pending pak file info (ChunkID:-1 Root:root:/ File:D:/Games/epicgames/Games/UE_4.27/FeaturePacks/TP_VehicleAdv.upack)
[2022.10.06-05.55.40:428][  0]LogPakFile: OnPakFileMounted2Time == 0.000033
[2022.10.06-05.55.40:448][  0]LogPakFile: PakFile PrimaryIndexSize=188
[2022.10.06-05.55.40:448][  0]LogPakFile: PakFile PathHashIndexSize=101
[2022.10.06-05.55.40:448][  0]LogPakFile: PakFile FullDirectoryIndexSize=150
[2022.10.06-05.55.40:448][  0]LogShaderLibrary: Display: ShaderCodeLibraryPakFileMountedCallback: PakFile 'D:/Games/epicgames/Games/UE_4.27/FeaturePacks/TP_VehicleAdvBP.upack' (chunk index -1, root 'root:/') mounted
[2022.10.06-05.55.40:448][  0]LogShaderLibrary: Display: ShaderCodeLibraryPakFileMountedCallback: pending pak file info (ChunkID:-1 Root:root:/ File:D:/Games/epicgames/Games/UE_4.27/FeaturePacks/TP_VehicleAdvBP.upack)
[2022.10.06-05.55.40:448][  0]LogPakFile: OnPakFileMounted2Time == 0.000035
[2022.10.06-05.55.40:504][  0]LogPakFile: PakFile PrimaryIndexSize=185
[2022.10.06-05.55.40:504][  0]LogPakFile: PakFile PathHashIndexSize=101
[2022.10.06-05.55.40:505][  0]LogPakFile: PakFile FullDirectoryIndexSize=144
[2022.10.06-05.55.40:505][  0]LogShaderLibrary: Display: ShaderCodeLibraryPakFileMountedCallback: PakFile 'D:/Games/epicgames/Games/UE_4.27/FeaturePacks/TP_VehicleBP.upack' (chunk index -1, root 'root:/') mounted
[2022.10.06-05.55.40:505][  0]LogShaderLibrary: Display: ShaderCodeLibraryPakFileMountedCallback: pending pak file info (ChunkID:-1 Root:root:/ File:D:/Games/epicgames/Games/UE_4.27/FeaturePacks/TP_VehicleBP.upack)
[2022.10.06-05.55.40:505][  0]LogPakFile: OnPakFileMounted2Time == 0.000032
[2022.10.06-05.55.40:529][  0]LogPakFile: PakFile PrimaryIndexSize=192
[2022.10.06-05.55.40:529][  0]LogPakFile: PakFile PathHashIndexSize=101
[2022.10.06-05.55.40:529][  0]LogPakFile: PakFile FullDirectoryIndexSize=158
[2022.10.06-05.55.40:529][  0]LogShaderLibrary: Display: ShaderCodeLibraryPakFileMountedCallback: PakFile 'D:/Games/epicgames/Games/UE_4.27/FeaturePacks/TP_VirtualRealityBP.upack' (chunk index -1, root 'root:/') mounted
[2022.10.06-05.55.40:529][  0]LogShaderLibrary: Display: ShaderCodeLibraryPakFileMountedCallback: pending pak file info (ChunkID:-1 Root:root:/ File:D:/Games/epicgames/Games/UE_4.27/FeaturePacks/TP_VirtualRealityBP.upack)
[2022.10.06-05.55.40:529][  0]LogPakFile: OnPakFileMounted2Time == 0.000032
[2022.10.06-05.55.42:595][  0]LogNativeClassHierarchy: Verbose: Native class hierarchy updated for 'AddContentDialog' in 0.0002 seconds. Added 0 classes and 0 folders.
[2022.10.06-05.55.42:681][  0]LogNativeClassHierarchy: Verbose: Native class hierarchy updated for 'SceneOutliner' in 0.0002 seconds. Added 2 classes and 0 folders.
[2022.10.06-05.55.43:453][  0]LogSlate: Took 0.000183 seconds to synchronously load lazily loaded font '../../../Engine/Content/Slate/Fonts/Roboto-Regular.ttf' (155K)
[2022.10.06-05.55.43:470][  0]LogSlate: Took 0.015910 seconds to synchronously load lazily loaded font '../../../Engine/Content/Editor/Slate/Fonts/FontAwesome.ttf' (139K)
[2022.10.06-05.55.43:481][  0]LogSlate: Took 0.000094 seconds to synchronously load lazily loaded font '../../../Engine/Content/Slate/Fonts/Roboto-Bold.ttf' (160K)
[2022.10.06-05.55.44:078][  0]LogRenderer: Reallocating scene render targets to support 1052x592 Format 10 NumSamples 1 (Frame:1).
[2022.10.06-05.55.44:830][  0]LogSlate: Took 0.017589 seconds to synchronously load lazily loaded font '../../../Engine/Content/Slate/Fonts/Roboto-Light.ttf' (167K)
[2022.10.06-05.55.45:031][  0]LogNativeClassHierarchy: Verbose: Native class hierarchy updated for 'HierarchicalLODOutliner' in 0.0002 seconds. Added 0 classes and 0 folders.
[2022.10.06-05.55.45:031][  0]LogLoad: (Engine Initialization) Total time: 30.09 seconds
[2022.10.06-05.55.45:031][  0]LogLoad: (Engine Initialization) Total Blueprint compile time: 0.00 seconds
[2022.10.06-05.55.45:042][  0]LogOcInput: OculusInput is initialized
[2022.10.06-05.55.45:125][  0]LogAssetRegistry: Asset discovery search completed in 21.6317 seconds
[2022.10.06-05.55.45:129][  0]LogCollectionManager: Fixed up redirectors for 0 collections in 0.000002 seconds (updated 0 objects)
[2022.10.06-05.55.45:179][  0]LogContentStreaming: Texture pool size now 1000 MB
[2022.10.06-05.55.45:333][  2]LogRenderer: Reallocating scene render targets to support 1052x608 Format 10 NumSamples 1 (Frame:2).
[2022.10.06-05.55.46:137][  4]LogSlate: Took 0.000112 seconds to synchronously load lazily loaded font '../../../Engine/Content/Slate/Fonts/Roboto-Light.ttf' (167K)
