Log file open, 10/04/22 16:36:47
LogWindows: Failed to load 'aqProf.dll' (GetLastError=126)
LogWindows: File 'aqProf.dll' does not exist
LogWindows: Failed to load 'VtuneApi.dll' (GetLastError=126)
LogWindows: File 'VtuneApi.dll' does not exist
LogWindows: Failed to load 'VtuneApi32e.dll' (GetLastError=126)
LogWindows: File 'VtuneApi32e.dll' does not exist
LogConsoleResponse: Display: Failed to find resolution value strings in scalability ini. Falling back to default.
LogConsoleResponse: Display: Failed to find resolution value strings in scalability ini. Falling back to default.
LogInit: Display: Running engine for game: GrimblySchmeggle
LogPlatformFile: Not using cached read wrapper
LogTaskGraph: Started task graph with 5 named threads and 26 total threads with 3 sets of task threads.
LogStats: Stats thread started at 0.203976
LogICUInternationalization: ICU TimeZone Detection - Raw Offset: +9:30, Platform Override: ''
LogInit: Display: Loading text-based GConfig....
LogPluginManager: Mounting plugin MeshPainting
LogPluginManager: Mounting plugin XGEController
LogPluginManager: Mounting plugin Paper2D
LogPluginManager: Mounting plugin AISupport
LogPluginManager: Mounting plugin EnvironmentQueryEditor
LogPluginManager: Mounting plugin LightPropagationVolume
LogPluginManager: Mounting plugin LiveLink
LogPluginManager: Mounting plugin OodleNetwork
LogPluginManager: Mounting plugin OodleData
LogPluginManager: Mounting plugin CameraShakePreviewer
LogPluginManager: Mounting plugin GameplayCameras
LogPluginManager: Mounting plugin DatasmithContent
LogPluginManager: Mounting plugin AnimationSharing
LogPluginManager: Mounting plugin VariantManagerContent
LogPluginManager: Mounting plugin CLionSourceCodeAccess
LogPluginManager: Mounting plugin CodeLiteSourceCodeAccess
LogPluginManager: Mounting plugin GitSourceControl
LogPluginManager: Mounting plugin KDevelopSourceCodeAccess
LogPluginManager: Mounting plugin NullSourceCodeAccess
LogPluginManager: Mounting plugin PerforceSourceControl
LogPluginManager: Mounting plugin PixWinPlugin
LogPluginManager: Mounting plugin PlasticSourceControl
LogPluginManager: Mounting plugin PluginUtils
LogPluginManager: Mounting plugin PropertyAccessNode
LogPluginManager: Mounting plugin RiderSourceCodeAccess
LogPluginManager: Mounting plugin SubversionSourceControl
LogPluginManager: Mounting plugin UObjectPlugin
LogPluginManager: Mounting plugin AlembicImporter
LogPluginManager: Mounting plugin AutomationUtils
LogPluginManager: Mounting plugin BackChannel
LogPluginManager: Mounting plugin ChaosCloth
LogPluginManager: Mounting plugin ChaosClothEditor
LogPluginManager: Mounting plugin ChaosEditor
LogPluginManager: Mounting plugin TextureFormatOodle
LogPluginManager: Mounting plugin VisualStudioSourceCodeAccess
LogPluginManager: Mounting plugin VisualStudioCodeSourceCodeAccess
LogPluginManager: Mounting plugin XCodeSourceCodeAccess
LogPluginManager: Mounting plugin ChaosNiagara
LogPluginManager: Mounting plugin ChaosSolverPlugin
LogPluginManager: Mounting plugin CharacterAI
LogPluginManager: Mounting plugin Niagara
LogPluginManager: Mounting plugin GeometryCache
LogPluginManager: Mounting plugin AssetManagerEditor
LogPluginManager: Mounting plugin GeometryProcessing
LogPluginManager: Mounting plugin GeometryCollectionPlugin
LogPluginManager: Mounting plugin OpenImageDenoise
LogPluginManager: Mounting plugin MotoSynth
LogPluginManager: Mounting plugin ProxyLODPlugin
LogPluginManager: Mounting plugin PlatformCrypto
LogPluginManager: Mounting plugin PlanarCut
LogPluginManager: Mounting plugin PythonScriptPlugin
LogPluginManager: Mounting plugin SkeletalReduction
LogPluginManager: Mounting plugin CryptoKeys
LogPluginManager: Mounting plugin CurveEditorTools
LogPluginManager: Mounting plugin AndroidMedia
LogPluginManager: Mounting plugin DataValidation
LogPluginManager: Mounting plugin AvfMedia
LogPluginManager: Mounting plugin FacialAnimation
LogPluginManager: Mounting plugin GameplayTagsEditor
LogPluginManager: Mounting plugin GeometryMode
LogPluginManager: Mounting plugin MacGraphicsSwitching
LogPluginManager: Mounting plugin MaterialAnalyzer
LogPluginManager: Mounting plugin MobileLauncherProfileWizard
LogPluginManager: Mounting plugin PluginBrowser
LogPluginManager: Mounting plugin SpeedTreeImporter
LogPluginManager: Mounting plugin ImgMedia
LogPluginManager: Mounting plugin MediaCompositing
LogPluginManager: Mounting plugin MediaPlayerEditor
LogPluginManager: Mounting plugin WebMMedia
LogPluginManager: Mounting plugin WmfMedia
LogPluginManager: Mounting plugin LuminPlatformFeatures
LogPluginManager: Mounting plugin MagicLeap
LogPluginManager: Mounting plugin MagicLeapLightEstimation
LogPluginManager: Mounting plugin MagicLeapMedia
LogPluginManager: Mounting plugin ActorSequence
LogPluginManager: Mounting plugin MagicLeapPassableWorld
LogPluginManager: Mounting plugin MLSDK
LogPluginManager: Mounting plugin LevelSequenceEditor
LogPluginManager: Mounting plugin MatineeToLevelSequence
LogPluginManager: Mounting plugin TemplateSequence
LogPluginManager: Mounting plugin OnlineSubsystem
LogPluginManager: Mounting plugin OnlineSubsystemNull
LogPluginManager: Mounting plugin OnlineSubsystemUtils
LogPluginManager: Mounting plugin ActorLayerUtilities
LogPluginManager: Mounting plugin LauncherChunkInstaller
LogPluginManager: Mounting plugin AndroidDeviceProfileSelector
LogPluginManager: Mounting plugin AndroidMoviePlayer
LogPluginManager: Mounting plugin AndroidPermission
LogPluginManager: Mounting plugin AppleImageUtils
LogPluginManager: Mounting plugin ArchVisCharacter
LogPluginManager: Mounting plugin AssetTags
LogPluginManager: Mounting plugin AudioCapture
LogPluginManager: Mounting plugin AudioSynesthesia
LogPluginManager: Mounting plugin AppleMoviePlayer
LogPluginManager: Mounting plugin ChunkDownloader
LogPluginManager: Mounting plugin CableComponent
LogPluginManager: Mounting plugin CustomMeshComponent
LogPluginManager: Mounting plugin EditableMesh
LogPluginManager: Mounting plugin ExampleDeviceProfileSelector
LogPluginManager: Mounting plugin GoogleCloudMessaging
LogPluginManager: Mounting plugin GooglePAD
LogPluginManager: Mounting plugin ScreenshotTools
LogPluginManager: Mounting plugin IOSDeviceProfileSelector
LogPluginManager: Mounting plugin LinuxDeviceProfileSelector
LogPluginManager: Mounting plugin LocationServicesBPLibrary
LogPluginManager: Mounting plugin MobilePatchingUtils
LogPluginManager: Mounting plugin OpenXR
LogPluginManager: Mounting plugin OpenXREyeTracker
LogPluginManager: Mounting plugin OpenXRHandTracking
LogPluginManager: Mounting plugin PhysXVehicles
LogPluginManager: Mounting plugin TcpMessaging
LogPluginManager: Mounting plugin UdpMessaging
LogPluginManager: Mounting plugin Takes
LogPluginManager: Mounting plugin PostSplashScreen
LogPluginManager: Mounting plugin ProceduralMeshComponent
LogPluginManager: Mounting plugin PropertyAccessEditor
LogPluginManager: Mounting plugin RuntimePhysXCooking
LogPluginManager: Mounting plugin SignificanceManager
LogPluginManager: Mounting plugin SoundFields
LogPluginManager: Mounting plugin Synthesis
LogPluginManager: Mounting plugin WebMMoviePlayer
LogPluginManager: Mounting plugin WindowsMoviePlayer
LogPluginManager: Mounting plugin ContentBrowserAssetDataSource
LogPluginManager: Mounting plugin ContentBrowserClassDataSource
LogPluginManager: Mounting plugin ContentBrowserFileDataSource
LogPluginManager: Mounting plugin OnlineSubsystemGooglePlay
LogPluginManager: Mounting plugin OnlineSubsystemIOS
LogPluginManager: Mounting plugin OculusVR
LogPluginManager: Mounting plugin SteamVR
PixWinPlugin: PIX capture plugin failed to initialize! Check that the process is launched from PIX.
LogInit: Using libcurl 7.55.1-DEV
LogInit:  - built for x86_64-pc-win32
LogInit:  - supports SSL with OpenSSL/1.1.1
LogInit:  - supports HTTP deflate (compression) using libz 1.2.8
LogInit:  - other features:
LogInit:      CURL_VERSION_SSL
LogInit:      CURL_VERSION_LIBZ
LogInit:      CURL_VERSION_IPV6
LogInit:      CURL_VERSION_ASYNCHDNS
LogInit:      CURL_VERSION_LARGEFILE
LogInit:      CURL_VERSION_IDN
LogInit:  CurlRequestOptions (configurable via config and command line):
LogInit:  - bVerifyPeer = true  - Libcurl will verify peer certificate
LogInit:  - bUseHttpProxy = false  - Libcurl will NOT use HTTP proxy
LogInit:  - bDontReuseConnections = false  - Libcurl will reuse connections
LogInit:  - MaxHostConnections = 16  - Libcurl will limit the number of connections to a host
LogInit:  - LocalHostAddr = Default
LogInit:  - BufferSize = 65536
LogOnline: OSS: Creating online subsystem instance for: NULL
LogInit: WinSock: version 1.1 (2.2), MaxSocks=32767, MaxUdp=65467
LogOnline: OSS: TryLoadSubsystemAndSetDefault: Loaded subsystem for module [NULL]
LogOculusPluginWrapper: OculusPlugin initialized successfully
LogHMD: FOculusHMDModule PreInit successfully
LogInit: Build: ++UE4+Release-4.27-CL-18319896
LogInit: Engine Version: 4.27.2-18319896+++UE4+Release-4.27
LogInit: Compatible Engine Version: 4.27.0-17155196+++UE4+Release-4.27
LogInit: Net CL: 17155196
LogInit: OS: Windows 10 (Release 2009) (), CPU: Intel(R) Core(TM) i7-9700K CPU @ 3.60GHz, GPU: Radeon RX 580 Series
LogInit: Compiled (64-bit): Nov 30 2021 07:12:08
LogInit: Compiled with Visual C++: 19.24.28315.00
LogInit: Build Configuration: Development
LogInit: Branch Name: ++UE4+Release-4.27
LogInit: Command Line: 
LogInit: Base Directory: D:/Games/epicgames/Games/UE_4.27/Engine/Binaries/Win64/
LogInit: Allocator: TBB
LogInit: Installed Engine Build: 1
LogDevObjectVersion: Number of dev versions registered: 29
LogDevObjectVersion:   Dev-Blueprints (B0D832E4-1F89-4F0D-ACCF-7EB736FD4AA2): 10
LogDevObjectVersion:   Dev-Build (E1C64328-A22C-4D53-A36C-8E866417BD8C): 0
LogDevObjectVersion:   Dev-Core (375EC13C-06E4-48FB-B500-84F0262A717E): 4
LogDevObjectVersion:   Dev-Editor (E4B068ED-F494-42E9-A231-DA0B2E46BB41): 40
LogDevObjectVersion:   Dev-Framework (CFFC743F-43B0-4480-9391-14DF171D2073): 37
LogDevObjectVersion:   Dev-Mobile (B02B49B5-BB20-44E9-A304-32B752E40360): 3
LogDevObjectVersion:   Dev-Networking (A4E4105C-59A1-49B5-A7C5-40C4547EDFEE): 0
LogDevObjectVersion:   Dev-Online (39C831C9-5AE6-47DC-9A44-9C173E1C8E7C): 0
LogDevObjectVersion:   Dev-Physics (78F01B33-EBEA-4F98-B9B4-84EACCB95AA2): 14
LogDevObjectVersion:   Dev-Platform (6631380F-2D4D-43E0-8009-CF276956A95A): 0
LogDevObjectVersion:   Dev-Rendering (12F88B9F-8875-4AFC-A67C-D90C383ABD29): 45
LogDevObjectVersion:   Dev-Sequencer (7B5AE74C-D270-4C10-A958-57980B212A5A): 13
LogDevObjectVersion:   Dev-VR (D7296918-1DD6-4BDD-9DE2-64A83CC13884): 3
LogDevObjectVersion:   Dev-LoadTimes (C2A15278-BFE7-4AFE-6C17-90FF531DF755): 1
LogDevObjectVersion:   Private-Geometry (6EACA3D4-40EC-4CC1-B786-8BED09428FC5): 3
LogDevObjectVersion:   Dev-AnimPhys (29E575DD-E0A3-4627-9D10-D276232CDCEA): 17
LogDevObjectVersion:   Dev-Anim (AF43A65D-7FD3-4947-9873-3E8ED9C1BB05): 15
LogDevObjectVersion:   Dev-ReflectionCapture (6B266CEC-1EC7-4B8F-A30B-E4D90942FC07): 1
LogDevObjectVersion:   Dev-Automation (0DF73D61-A23F-47EA-B727-89E90C41499A): 1
LogDevObjectVersion:   FortniteMain (601D1886-AC64-4F84-AA16-D3DE0DEAC7D6): 47
LogDevObjectVersion:   FortniteRelease (E7086368-6B23-4C58-8439-1B7016265E91): 1
LogDevObjectVersion:   Dev-Enterprise (9DFFBCD6-494F-0158-E221-12823C92A888): 10
LogDevObjectVersion:   Dev-Niagara (F2AED0AC-9AFE-416F-8664-AA7FFA26D6FC): 1
LogDevObjectVersion:   Dev-Destruction (174F1F0B-B4C6-45A5-B13F-2EE8D0FB917D): 10
LogDevObjectVersion:   Dev-Physics-Ext (35F94A83-E258-406C-A318-09F59610247C): 41
LogDevObjectVersion:   Dev-PhysicsMaterial-Chaos (B68FC16E-8B1B-42E2-B453-215C058844FE): 1
LogDevObjectVersion:   Dev-CineCamera (B2E18506-4273-CFC2-A54E-F4BB758BBA07): 1
LogDevObjectVersion:   Dev-VirtualProduction (64F58936-FD1B-42BA-BA96-7289D5D0FA4E): 1
LogDevObjectVersion:   Dev-MediaFramework (6F0ED827-A609-4895-9C91-998D90180EA4): 2
LogInit: Presizing for max 25165824 objects, including 0 objects not considered by GC, pre-allocating 0 bytes for permanent pool.
LogConfig: Applying CVar settings from Section [/Script/Engine.StreamingSettings] File [D:/AIE VET Course 2021/GrimblySchmeggle/GrimblySchmeggle/GrimblySchmeggle/Saved/Config/Windows/Engine.ini]
LogConfig: Setting CVar [[s.MinBulkDataSizeForAsyncLoading:131072]]
LogConfig: Setting CVar [[s.AsyncLoadingThreadEnabled:0]]
LogConfig: Setting CVar [[s.EventDrivenLoaderEnabled:1]]
LogConfig: Setting CVar [[s.WarnIfTimeLimitExceeded:0]]
LogConfig: Setting CVar [[s.TimeLimitExceededMultiplier:1.5]]
LogConfig: Setting CVar [[s.TimeLimitExceededMinTime:0.005]]
LogConfig: Setting CVar [[s.UseBackgroundLevelStreaming:1]]
LogConfig: Setting CVar [[s.PriorityAsyncLoadingExtraTime:15.0]]
LogConfig: Setting CVar [[s.LevelStreamingActorsUpdateTimeLimit:5.0]]
LogConfig: Setting CVar [[s.PriorityLevelStreamingActorsUpdateExtraTime:5.0]]
LogConfig: Setting CVar [[s.LevelStreamingComponentsRegistrationGranularity:10]]
LogConfig: Setting CVar [[s.UnregisterComponentsTimeLimit:1.0]]
LogConfig: Setting CVar [[s.LevelStreamingComponentsUnregistrationGranularity:5]]
LogConfig: Setting CVar [[s.FlushStreamingOnExit:1]]
LogInit: Object subsystem initialized
LogConfig: Setting CVar [[con.DebugEarlyDefault:1]]
LogConfig: Setting CVar [[r.setres:1280x720]]
[2022.10.04-06.06.48:251][  0]LogConfig: Setting CVar [[r.VSync:0]]
[2022.10.04-06.06.48:251][  0]LogConfig: Setting CVar [[r.RHICmdBypass:0]]
[2022.10.04-06.06.48:251][  0]LogConfig: Applying CVar settings from Section [/Script/Engine.RendererSettings] File [D:/AIE VET Course 2021/GrimblySchmeggle/GrimblySchmeggle/GrimblySchmeggle/Saved/Config/Windows/Engine.ini]
[2022.10.04-06.06.48:251][  0]LogConfig: Setting CVar [[r.GPUCrashDebugging:0]]
[2022.10.04-06.06.48:251][  0]LogConfig: Applying CVar settings from Section [/Script/Engine.RendererOverrideSettings] File [D:/AIE VET Course 2021/GrimblySchmeggle/GrimblySchmeggle/GrimblySchmeggle/Saved/Config/Windows/Engine.ini]
[2022.10.04-06.06.48:251][  0]LogConfig: Applying CVar settings from Section [/Script/Engine.StreamingSettings] File [D:/AIE VET Course 2021/GrimblySchmeggle/GrimblySchmeggle/GrimblySchmeggle/Saved/Config/Windows/Engine.ini]
[2022.10.04-06.06.48:251][  0]LogConfig: Setting CVar [[s.MinBulkDataSizeForAsyncLoading:131072]]
[2022.10.04-06.06.48:251][  0]LogConfig: Setting CVar [[s.AsyncLoadingThreadEnabled:0]]
[2022.10.04-06.06.48:251][  0]LogConfig: Setting CVar [[s.EventDrivenLoaderEnabled:1]]
[2022.10.04-06.06.48:251][  0]LogConfig: Setting CVar [[s.WarnIfTimeLimitExceeded:0]]
[2022.10.04-06.06.48:251][  0]LogConfig: Setting CVar [[s.TimeLimitExceededMultiplier:1.5]]
[2022.10.04-06.06.48:251][  0]LogConfig: Setting CVar [[s.TimeLimitExceededMinTime:0.005]]
[2022.10.04-06.06.48:251][  0]LogConfig: Setting CVar [[s.UseBackgroundLevelStreaming:1]]
[2022.10.04-06.06.48:251][  0]LogConfig: Setting CVar [[s.PriorityAsyncLoadingExtraTime:15.0]]
[2022.10.04-06.06.48:251][  0]LogConfig: Setting CVar [[s.LevelStreamingActorsUpdateTimeLimit:5.0]]
[2022.10.04-06.06.48:251][  0]LogConfig: Setting CVar [[s.PriorityLevelStreamingActorsUpdateExtraTime:5.0]]
[2022.10.04-06.06.48:251][  0]LogConfig: Setting CVar [[s.LevelStreamingComponentsRegistrationGranularity:10]]
[2022.10.04-06.06.48:251][  0]LogConfig: Setting CVar [[s.UnregisterComponentsTimeLimit:1.0]]
[2022.10.04-06.06.48:251][  0]LogConfig: Setting CVar [[s.LevelStreamingComponentsUnregistrationGranularity:5]]
[2022.10.04-06.06.48:251][  0]LogConfig: Setting CVar [[s.FlushStreamingOnExit:1]]
[2022.10.04-06.06.48:251][  0]LogConfig: Applying CVar settings from Section [/Script/Engine.GarbageCollectionSettings] File [D:/AIE VET Course 2021/GrimblySchmeggle/GrimblySchmeggle/GrimblySchmeggle/Saved/Config/Windows/Engine.ini]
[2022.10.04-06.06.48:251][  0]LogConfig: Setting CVar [[gc.MaxObjectsNotConsideredByGC:1]]
[2022.10.04-06.06.48:251][  0]LogConfig: Setting CVar [[gc.SizeOfPermanentObjectPool:0]]
[2022.10.04-06.06.48:251][  0]LogConfig: Setting CVar [[gc.FlushStreamingOnGC:0]]
[2022.10.04-06.06.48:251][  0]LogConfig: Setting CVar [[gc.NumRetriesBeforeForcingGC:10]]
[2022.10.04-06.06.48:251][  0]LogConfig: Setting CVar [[gc.AllowParallelGC:1]]
[2022.10.04-06.06.48:251][  0]LogConfig: Setting CVar [[gc.TimeBetweenPurgingPendingKillObjects:61.1]]
[2022.10.04-06.06.48:251][  0]LogConfig: Setting CVar [[gc.MaxObjectsInEditor:25165824]]
[2022.10.04-06.06.48:251][  0]LogConfig: Setting CVar [[gc.IncrementalBeginDestroyEnabled:1]]
[2022.10.04-06.06.48:251][  0]LogConfig: Setting CVar [[gc.CreateGCClusters:1]]
[2022.10.04-06.06.48:251][  0]LogConfig: Setting CVar [[gc.MinGCClusterSize:5]]
[2022.10.04-06.06.48:251][  0]LogConfig: Setting CVar [[gc.ActorClusteringEnabled:0]]
[2022.10.04-06.06.48:251][  0]LogConfig: Setting CVar [[gc.BlueprintClusteringEnabled:0]]
[2022.10.04-06.06.48:251][  0]LogConfig: Setting CVar [[gc.UseDisregardForGCOnDedicatedServers:0]]
[2022.10.04-06.06.48:251][  0]LogConfig: Setting CVar [[gc.MultithreadedDestructionEnabled:1]]
[2022.10.04-06.06.48:251][  0]LogConfig: Applying CVar settings from Section [/Script/Engine.NetworkSettings] File [D:/AIE VET Course 2021/GrimblySchmeggle/GrimblySchmeggle/GrimblySchmeggle/Saved/Config/Windows/Engine.ini]
[2022.10.04-06.06.48:251][  0]LogConfig: Applying CVar settings from Section [/Script/UnrealEd.CookerSettings] File [D:/AIE VET Course 2021/GrimblySchmeggle/GrimblySchmeggle/GrimblySchmeggle/Saved/Config/Windows/Engine.ini]
[2022.10.04-06.06.48:274][  0]LogConfig: Applying CVar settings from Section [ViewDistanceQuality@3] File [D:/AIE VET Course 2021/GrimblySchmeggle/GrimblySchmeggle/GrimblySchmeggle/Saved/Config/Windows/Scalability.ini]
[2022.10.04-06.06.48:274][  0]LogConfig: Setting CVar [[r.SkeletalMeshLODBias:0]]
[2022.10.04-06.06.48:274][  0]LogConfig: Setting CVar [[r.ViewDistanceScale:1.0]]
[2022.10.04-06.06.48:274][  0]LogConfig: Applying CVar settings from Section [AntiAliasingQuality@3] File [D:/AIE VET Course 2021/GrimblySchmeggle/GrimblySchmeggle/GrimblySchmeggle/Saved/Config/Windows/Scalability.ini]
[2022.10.04-06.06.48:274][  0]LogConfig: Setting CVar [[r.PostProcessAAQuality:4]]
[2022.10.04-06.06.48:274][  0]LogConfig: Applying CVar settings from Section [ShadowQuality@3] File [D:/AIE VET Course 2021/GrimblySchmeggle/GrimblySchmeggle/GrimblySchmeggle/Saved/Config/Windows/Scalability.ini]
[2022.10.04-06.06.48:274][  0]LogConfig: Setting CVar [[r.LightFunctionQuality:1]]
[2022.10.04-06.06.48:274][  0]LogConfig: Setting CVar [[r.ShadowQuality:5]]
[2022.10.04-06.06.48:274][  0]LogConfig: Setting CVar [[r.Shadow.CSM.MaxCascades:10]]
[2022.10.04-06.06.48:274][  0]LogConfig: Setting CVar [[r.Shadow.MaxResolution:2048]]
[2022.10.04-06.06.48:274][  0]LogConfig: Setting CVar [[r.Shadow.MaxCSMResolution:2048]]
[2022.10.04-06.06.48:274][  0]LogConfig: Setting CVar [[r.Shadow.RadiusThreshold:0.01]]
[2022.10.04-06.06.48:274][  0]LogConfig: Setting CVar [[r.Shadow.DistanceScale:1.0]]
[2022.10.04-06.06.48:274][  0]LogConfig: Setting CVar [[r.Shadow.CSM.TransitionScale:1.0]]
[2022.10.04-06.06.48:274][  0]LogConfig: Setting CVar [[r.Shadow.PreShadowResolutionFactor:1.0]]
[2022.10.04-06.06.48:274][  0]LogConfig: Setting CVar [[r.DistanceFieldShadowing:1]]
[2022.10.04-06.06.48:274][  0]LogConfig: Setting CVar [[r.DistanceFieldAO:1]]
[2022.10.04-06.06.48:274][  0]LogConfig: Setting CVar [[r.AOQuality:2]]
[2022.10.04-06.06.48:274][  0]LogConfig: Setting CVar [[r.VolumetricFog:1]]
[2022.10.04-06.06.48:274][  0]LogConfig: Setting CVar [[r.VolumetricFog.GridPixelSize:8]]
[2022.10.04-06.06.48:274][  0]LogConfig: Setting CVar [[r.VolumetricFog.GridSizeZ:128]]
[2022.10.04-06.06.48:274][  0]LogConfig: Setting CVar [[r.VolumetricFog.HistoryMissSupersampleCount:4]]
[2022.10.04-06.06.48:274][  0]LogConfig: Setting CVar [[r.LightMaxDrawDistanceScale:1]]
[2022.10.04-06.06.48:274][  0]LogConfig: Setting CVar [[r.CapsuleShadows:1]]
[2022.10.04-06.06.48:274][  0]LogConfig: Applying CVar settings from Section [PostProcessQuality@3] File [D:/AIE VET Course 2021/GrimblySchmeggle/GrimblySchmeggle/GrimblySchmeggle/Saved/Config/Windows/Scalability.ini]
[2022.10.04-06.06.48:274][  0]LogConfig: Setting CVar [[r.MotionBlurQuality:4]]
[2022.10.04-06.06.48:274][  0]LogConfig: Setting CVar [[r.AmbientOcclusionMipLevelFactor:0.4]]
[2022.10.04-06.06.48:274][  0]LogConfig: Setting CVar [[r.AmbientOcclusionMaxQuality:100]]
[2022.10.04-06.06.48:274][  0]LogConfig: Setting CVar [[r.AmbientOcclusionLevels:-1]]
[2022.10.04-06.06.48:274][  0]LogConfig: Setting CVar [[r.AmbientOcclusionRadiusScale:1.0]]
[2022.10.04-06.06.48:274][  0]LogConfig: Setting CVar [[r.DepthOfFieldQuality:2]]
[2022.10.04-06.06.48:274][  0]LogConfig: Setting CVar [[r.RenderTargetPoolMin:400]]
[2022.10.04-06.06.48:274][  0]LogConfig: Setting CVar [[r.LensFlareQuality:2]]
[2022.10.04-06.06.48:274][  0]LogConfig: Setting CVar [[r.SceneColorFringeQuality:1]]
[2022.10.04-06.06.48:274][  0]LogConfig: Setting CVar [[r.EyeAdaptationQuality:2]]
[2022.10.04-06.06.48:274][  0]LogConfig: Setting CVar [[r.BloomQuality:5]]
[2022.10.04-06.06.48:274][  0]LogConfig: Setting CVar [[r.FastBlurThreshold:100]]
[2022.10.04-06.06.48:274][  0]LogConfig: Setting CVar [[r.Upscale.Quality:3]]
[2022.10.04-06.06.48:274][  0]LogConfig: Setting CVar [[r.Tonemapper.GrainQuantization:1]]
[2022.10.04-06.06.48:274][  0]LogConfig: Setting CVar [[r.LightShaftQuality:1]]
[2022.10.04-06.06.48:274][  0]LogConfig: Setting CVar [[r.Filter.SizeScale:1]]
[2022.10.04-06.06.48:274][  0]LogConfig: Setting CVar [[r.Tonemapper.Quality:5]]
[2022.10.04-06.06.48:274][  0]LogConfig: Setting CVar [[r.DOF.Gather.AccumulatorQuality:1        ; higher gathering accumulator quality]]
[2022.10.04-06.06.48:274][  0]LogConfig: Setting CVar [[r.DOF.Gather.PostfilterMethod:1          ; Median3x3 postfilering method]]
[2022.10.04-06.06.48:274][  0]LogConfig: Setting CVar [[r.DOF.Gather.EnableBokehSettings:0       ; no bokeh simulation when gathering]]
[2022.10.04-06.06.48:274][  0]LogConfig: Setting CVar [[r.DOF.Gather.RingCount:4                 ; medium number of samples when gathering]]
[2022.10.04-06.06.48:274][  0]LogConfig: Setting CVar [[r.DOF.Scatter.ForegroundCompositing:1    ; additive foreground scattering]]
[2022.10.04-06.06.48:274][  0]LogConfig: Setting CVar [[r.DOF.Scatter.BackgroundCompositing:2    ; additive background scattering]]
[2022.10.04-06.06.48:274][  0]LogConfig: Setting CVar [[r.DOF.Scatter.EnableBokehSettings:1      ; bokeh simulation when scattering]]
[2022.10.04-06.06.48:274][  0]LogConfig: Setting CVar [[r.DOF.Scatter.MaxSpriteRatio:0.1         ; only a maximum of 10% of scattered bokeh]]
[2022.10.04-06.06.48:274][  0]LogConfig: Setting CVar [[r.DOF.Recombine.Quality:1                ; cheap slight out of focus]]
[2022.10.04-06.06.48:274][  0]LogConfig: Setting CVar [[r.DOF.Recombine.EnableBokehSettings:0    ; no bokeh simulation on slight out of focus]]
[2022.10.04-06.06.48:274][  0]LogConfig: Setting CVar [[r.DOF.TemporalAAQuality:1                ; more stable temporal accumulation]]
[2022.10.04-06.06.48:274][  0]LogConfig: Setting CVar [[r.DOF.Kernel.MaxForegroundRadius:0.025]]
[2022.10.04-06.06.48:274][  0]LogConfig: Setting CVar [[r.DOF.Kernel.MaxBackgroundRadius:0.025]]
[2022.10.04-06.06.48:274][  0]LogConfig: Applying CVar settings from Section [TextureQuality@3] File [D:/AIE VET Course 2021/GrimblySchmeggle/GrimblySchmeggle/GrimblySchmeggle/Saved/Config/Windows/Scalability.ini]
[2022.10.04-06.06.48:275][  0]LogConfig: Setting CVar [[r.Streaming.MipBias:0]]
[2022.10.04-06.06.48:275][  0]LogConfig: Setting CVar [[r.Streaming.AmortizeCPUToGPUCopy:0]]
[2022.10.04-06.06.48:275][  0]LogConfig: Setting CVar [[r.Streaming.MaxNumTexturesToStreamPerFrame:0]]
[2022.10.04-06.06.48:275][  0]LogConfig: Setting CVar [[r.Streaming.Boost:1]]
[2022.10.04-06.06.48:275][  0]LogConfig: Setting CVar [[r.MaxAnisotropy:8]]
[2022.10.04-06.06.48:275][  0]LogConfig: Setting CVar [[r.VT.MaxAnisotropy:8]]
[2022.10.04-06.06.48:275][  0]LogConfig: Setting CVar [[r.Streaming.LimitPoolSizeToVRAM:0]]
[2022.10.04-06.06.48:275][  0]LogConfig: Setting CVar [[r.Streaming.PoolSize:1000]]
[2022.10.04-06.06.48:275][  0]LogConfig: Setting CVar [[r.Streaming.MaxEffectiveScreenSize:0]]
[2022.10.04-06.06.48:275][  0]LogConfig: Applying CVar settings from Section [EffectsQuality@3] File [D:/AIE VET Course 2021/GrimblySchmeggle/GrimblySchmeggle/GrimblySchmeggle/Saved/Config/Windows/Scalability.ini]
[2022.10.04-06.06.48:275][  0]LogConfig: Setting CVar [[r.TranslucencyLightingVolumeDim:64]]
[2022.10.04-06.06.48:275][  0]LogConfig: Setting CVar [[r.RefractionQuality:2]]
[2022.10.04-06.06.48:275][  0]LogConfig: Setting CVar [[r.SSR.Quality:3]]
[2022.10.04-06.06.48:275][  0]LogConfig: Setting CVar [[r.SSR.HalfResSceneColor:0]]
[2022.10.04-06.06.48:275][  0]LogConfig: Setting CVar [[r.SceneColorFormat:4]]
[2022.10.04-06.06.48:275][  0]LogConfig: Setting CVar [[r.DetailMode:2]]
[2022.10.04-06.06.48:275][  0]LogConfig: Setting CVar [[r.TranslucencyVolumeBlur:1]]
[2022.10.04-06.06.48:275][  0]LogConfig: Setting CVar [[r.MaterialQualityLevel:1 ; High quality]]
[2022.10.04-06.06.48:275][  0]LogConfig: Setting CVar [[r.AnisotropicMaterials:1]]
[2022.10.04-06.06.48:275][  0]LogConfig: Setting CVar [[r.SSS.Scale:1]]
[2022.10.04-06.06.48:275][  0]LogConfig: Setting CVar [[r.SSS.SampleSet:2]]
[2022.10.04-06.06.48:275][  0]LogConfig: Setting CVar [[r.SSS.Quality:1]]
[2022.10.04-06.06.48:275][  0]LogConfig: Setting CVar [[r.SSS.HalfRes:0]]
[2022.10.04-06.06.48:275][  0]LogConfig: Setting CVar [[r.SSGI.Quality:3]]
[2022.10.04-06.06.48:275][  0]LogConfig: Setting CVar [[r.EmitterSpawnRateScale:1.0]]
[2022.10.04-06.06.48:275][  0]LogConfig: Setting CVar [[r.ParticleLightQuality:2]]
[2022.10.04-06.06.48:275][  0]LogConfig: Setting CVar [[r.SkyAtmosphere.AerialPerspectiveLUT.FastApplyOnOpaque:1 ; Always have FastSkyLUT 1 in this case to avoid wrong sky]]
[2022.10.04-06.06.48:275][  0]LogConfig: Setting CVar [[r.SkyAtmosphere.AerialPerspectiveLUT.SampleCountMaxPerSlice:4]]
[2022.10.04-06.06.48:275][  0]LogConfig: Setting CVar [[r.SkyAtmosphere.AerialPerspectiveLUT.DepthResolution:16.0]]
[2022.10.04-06.06.48:275][  0]LogConfig: Setting CVar [[r.SkyAtmosphere.FastSkyLUT:1]]
[2022.10.04-06.06.48:275][  0]LogConfig: Setting CVar [[r.SkyAtmosphere.FastSkyLUT.SampleCountMin:4.0]]
[2022.10.04-06.06.48:275][  0]LogConfig: Setting CVar [[r.SkyAtmosphere.FastSkyLUT.SampleCountMax:128.0]]
[2022.10.04-06.06.48:275][  0]LogConfig: Setting CVar [[r.SkyAtmosphere.SampleCountMin:4.0]]
[2022.10.04-06.06.48:275][  0]LogConfig: Setting CVar [[r.SkyAtmosphere.SampleCountMax:128.0]]
[2022.10.04-06.06.48:275][  0]LogConfig: Setting CVar [[r.SkyAtmosphere.TransmittanceLUT.UseSmallFormat:0]]
[2022.10.04-06.06.48:275][  0]LogConfig: Setting CVar [[r.SkyAtmosphere.TransmittanceLUT.SampleCount:10.0]]
[2022.10.04-06.06.48:275][  0]LogConfig: Setting CVar [[r.SkyAtmosphere.MultiScatteringLUT.SampleCount:15.0]]
[2022.10.04-06.06.48:275][  0]LogConfig: Setting CVar [[r.SkyLight.RealTimeReflectionCapture:1]]
[2022.10.04-06.06.48:275][  0]LogConfig: Applying CVar settings from Section [FoliageQuality@3] File [D:/AIE VET Course 2021/GrimblySchmeggle/GrimblySchmeggle/GrimblySchmeggle/Saved/Config/Windows/Scalability.ini]
[2022.10.04-06.06.48:275][  0]LogConfig: Setting CVar [[foliage.DensityScale:1.0]]
[2022.10.04-06.06.48:275][  0]LogConfig: Setting CVar [[grass.DensityScale:1.0]]
[2022.10.04-06.06.48:275][  0]LogConfig: Applying CVar settings from Section [ShadingQuality@3] File [D:/AIE VET Course 2021/GrimblySchmeggle/GrimblySchmeggle/GrimblySchmeggle/Saved/Config/Windows/Scalability.ini]
[2022.10.04-06.06.48:275][  0]LogConfig: Setting CVar [[r.HairStrands.SkyLighting.IntegrationType:2]]
[2022.10.04-06.06.48:275][  0]LogConfig: Setting CVar [[r.HairStrands.SkyAO.SampleCount:4]]
[2022.10.04-06.06.48:275][  0]LogConfig: Setting CVar [[r.HairStrands.Visibility.MSAA.SamplePerPixel:4]]
[2022.10.04-06.06.48:275][  0]LogInit: Selected Device Profile: [Windows]
[2022.10.04-06.06.48:275][  0]LogInit: Applying CVar settings loaded from the selected device profile: [Windows]
[2022.10.04-06.06.48:275][  0]LogHAL: Display: Platform has ~ 32 GB [34289532928 / 34359738368 / 32], which maps to Largest [LargestMinGB=32, LargerMinGB=12, DefaultMinGB=8, SmallerMinGB=6, SmallestMinGB=0)
[2022.10.04-06.06.48:275][  0]LogInit: Going up to parent DeviceProfile []
[2022.10.04-06.06.48:275][  0]LogConfig: Applying CVar settings from Section [ViewDistanceQuality@3] File [D:/AIE VET Course 2021/GrimblySchmeggle/GrimblySchmeggle/GrimblySchmeggle/Saved/Config/Windows/Scalability.ini]
[2022.10.04-06.06.48:275][  0]LogConfig: Setting CVar [[r.SkeletalMeshLODBias:0]]
[2022.10.04-06.06.48:275][  0]LogConfig: Setting CVar [[r.ViewDistanceScale:1.0]]
[2022.10.04-06.06.48:275][  0]LogConfig: Applying CVar settings from Section [AntiAliasingQuality@3] File [D:/AIE VET Course 2021/GrimblySchmeggle/GrimblySchmeggle/GrimblySchmeggle/Saved/Config/Windows/Scalability.ini]
[2022.10.04-06.06.48:275][  0]LogConfig: Setting CVar [[r.PostProcessAAQuality:4]]
[2022.10.04-06.06.48:275][  0]LogConfig: Applying CVar settings from Section [ShadowQuality@3] File [D:/AIE VET Course 2021/GrimblySchmeggle/GrimblySchmeggle/GrimblySchmeggle/Saved/Config/Windows/Scalability.ini]
[2022.10.04-06.06.48:275][  0]LogConfig: Setting CVar [[r.LightFunctionQuality:1]]
[2022.10.04-06.06.48:275][  0]LogConfig: Setting CVar [[r.ShadowQuality:5]]
[2022.10.04-06.06.48:275][  0]LogConfig: Setting CVar [[r.Shadow.CSM.MaxCascades:10]]
[2022.10.04-06.06.48:275][  0]LogConfig: Setting CVar [[r.Shadow.MaxResolution:2048]]
[2022.10.04-06.06.48:275][  0]LogConfig: Setting CVar [[r.Shadow.MaxCSMResolution:2048]]
[2022.10.04-06.06.48:275][  0]LogConfig: Setting CVar [[r.Shadow.RadiusThreshold:0.01]]
[2022.10.04-06.06.48:275][  0]LogConfig: Setting CVar [[r.Shadow.DistanceScale:1.0]]
[2022.10.04-06.06.48:275][  0]LogConfig: Setting CVar [[r.Shadow.CSM.TransitionScale:1.0]]
[2022.10.04-06.06.48:275][  0]LogConfig: Setting CVar [[r.Shadow.PreShadowResolutionFactor:1.0]]
[2022.10.04-06.06.48:275][  0]LogConfig: Setting CVar [[r.DistanceFieldShadowing:1]]
[2022.10.04-06.06.48:275][  0]LogConfig: Setting CVar [[r.DistanceFieldAO:1]]
[2022.10.04-06.06.48:275][  0]LogConfig: Setting CVar [[r.AOQuality:2]]
[2022.10.04-06.06.48:275][  0]LogConfig: Setting CVar [[r.VolumetricFog:1]]
[2022.10.04-06.06.48:275][  0]LogConfig: Setting CVar [[r.VolumetricFog.GridPixelSize:8]]
[2022.10.04-06.06.48:275][  0]LogConfig: Setting CVar [[r.VolumetricFog.GridSizeZ:128]]
[2022.10.04-06.06.48:275][  0]LogConfig: Setting CVar [[r.VolumetricFog.HistoryMissSupersampleCount:4]]
[2022.10.04-06.06.48:275][  0]LogConfig: Setting CVar [[r.LightMaxDrawDistanceScale:1]]
[2022.10.04-06.06.48:275][  0]LogConfig: Setting CVar [[r.CapsuleShadows:1]]
[2022.10.04-06.06.48:275][  0]LogConfig: Applying CVar settings from Section [PostProcessQuality@3] File [D:/AIE VET Course 2021/GrimblySchmeggle/GrimblySchmeggle/GrimblySchmeggle/Saved/Config/Windows/Scalability.ini]
[2022.10.04-06.06.48:275][  0]LogConfig: Setting CVar [[r.MotionBlurQuality:4]]
[2022.10.04-06.06.48:275][  0]LogConfig: Setting CVar [[r.AmbientOcclusionMipLevelFactor:0.4]]
[2022.10.04-06.06.48:275][  0]LogConfig: Setting CVar [[r.AmbientOcclusionMaxQuality:100]]
[2022.10.04-06.06.48:275][  0]LogConfig: Setting CVar [[r.AmbientOcclusionLevels:-1]]
[2022.10.04-06.06.48:275][  0]LogConfig: Setting CVar [[r.AmbientOcclusionRadiusScale:1.0]]
[2022.10.04-06.06.48:275][  0]LogConfig: Setting CVar [[r.DepthOfFieldQuality:2]]
[2022.10.04-06.06.48:275][  0]LogConfig: Setting CVar [[r.RenderTargetPoolMin:400]]
[2022.10.04-06.06.48:275][  0]LogConfig: Setting CVar [[r.LensFlareQuality:2]]
[2022.10.04-06.06.48:275][  0]LogConfig: Setting CVar [[r.SceneColorFringeQuality:1]]
[2022.10.04-06.06.48:275][  0]LogConfig: Setting CVar [[r.EyeAdaptationQuality:2]]
[2022.10.04-06.06.48:275][  0]LogConfig: Setting CVar [[r.BloomQuality:5]]
[2022.10.04-06.06.48:275][  0]LogConfig: Setting CVar [[r.FastBlurThreshold:100]]
[2022.10.04-06.06.48:275][  0]LogConfig: Setting CVar [[r.Upscale.Quality:3]]
[2022.10.04-06.06.48:275][  0]LogConfig: Setting CVar [[r.Tonemapper.GrainQuantization:1]]
[2022.10.04-06.06.48:275][  0]LogConfig: Setting CVar [[r.LightShaftQuality:1]]
[2022.10.04-06.06.48:275][  0]LogConfig: Setting CVar [[r.Filter.SizeScale:1]]
[2022.10.04-06.06.48:275][  0]LogConfig: Setting CVar [[r.Tonemapper.Quality:5]]
[2022.10.04-06.06.48:275][  0]LogConfig: Setting CVar [[r.DOF.Gather.AccumulatorQuality:1        ; higher gathering accumulator quality]]
[2022.10.04-06.06.48:275][  0]LogConfig: Setting CVar [[r.DOF.Gather.PostfilterMethod:1          ; Median3x3 postfilering method]]
[2022.10.04-06.06.48:275][  0]LogConfig: Setting CVar [[r.DOF.Gather.EnableBokehSettings:0       ; no bokeh simulation when gathering]]
[2022.10.04-06.06.48:275][  0]LogConfig: Setting CVar [[r.DOF.Gather.RingCount:4                 ; medium number of samples when gathering]]
[2022.10.04-06.06.48:275][  0]LogConfig: Setting CVar [[r.DOF.Scatter.ForegroundCompositing:1    ; additive foreground scattering]]
[2022.10.04-06.06.48:275][  0]LogConfig: Setting CVar [[r.DOF.Scatter.BackgroundCompositing:2    ; additive background scattering]]
[2022.10.04-06.06.48:275][  0]LogConfig: Setting CVar [[r.DOF.Scatter.EnableBokehSettings:1      ; bokeh simulation when scattering]]
[2022.10.04-06.06.48:275][  0]LogConfig: Setting CVar [[r.DOF.Scatter.MaxSpriteRatio:0.1         ; only a maximum of 10% of scattered bokeh]]
[2022.10.04-06.06.48:275][  0]LogConfig: Setting CVar [[r.DOF.Recombine.Quality:1                ; cheap slight out of focus]]
[2022.10.04-06.06.48:275][  0]LogConfig: Setting CVar [[r.DOF.Recombine.EnableBokehSettings:0    ; no bokeh simulation on slight out of focus]]
[2022.10.04-06.06.48:275][  0]LogConfig: Setting CVar [[r.DOF.TemporalAAQuality:1                ; more stable temporal accumulation]]
[2022.10.04-06.06.48:275][  0]LogConfig: Setting CVar [[r.DOF.Kernel.MaxForegroundRadius:0.025]]
[2022.10.04-06.06.48:275][  0]LogConfig: Setting CVar [[r.DOF.Kernel.MaxBackgroundRadius:0.025]]
[2022.10.04-06.06.48:275][  0]LogConfig: Applying CVar settings from Section [TextureQuality@3] File [D:/AIE VET Course 2021/GrimblySchmeggle/GrimblySchmeggle/GrimblySchmeggle/Saved/Config/Windows/Scalability.ini]
[2022.10.04-06.06.48:275][  0]LogConfig: Setting CVar [[r.Streaming.MipBias:0]]
[2022.10.04-06.06.48:275][  0]LogConfig: Setting CVar [[r.Streaming.AmortizeCPUToGPUCopy:0]]
[2022.10.04-06.06.48:275][  0]LogConfig: Setting CVar [[r.Streaming.MaxNumTexturesToStreamPerFrame:0]]
[2022.10.04-06.06.48:276][  0]LogConfig: Setting CVar [[r.Streaming.Boost:1]]
[2022.10.04-06.06.48:276][  0]LogConfig: Setting CVar [[r.MaxAnisotropy:8]]
[2022.10.04-06.06.48:276][  0]LogConfig: Setting CVar [[r.VT.MaxAnisotropy:8]]
[2022.10.04-06.06.48:276][  0]LogConfig: Setting CVar [[r.Streaming.LimitPoolSizeToVRAM:0]]
[2022.10.04-06.06.48:276][  0]LogConfig: Setting CVar [[r.Streaming.PoolSize:1000]]
[2022.10.04-06.06.48:276][  0]LogConfig: Setting CVar [[r.Streaming.MaxEffectiveScreenSize:0]]
[2022.10.04-06.06.48:276][  0]LogConfig: Applying CVar settings from Section [EffectsQuality@3] File [D:/AIE VET Course 2021/GrimblySchmeggle/GrimblySchmeggle/GrimblySchmeggle/Saved/Config/Windows/Scalability.ini]
[2022.10.04-06.06.48:276][  0]LogConfig: Setting CVar [[r.TranslucencyLightingVolumeDim:64]]
[2022.10.04-06.06.48:276][  0]LogConfig: Setting CVar [[r.RefractionQuality:2]]
[2022.10.04-06.06.48:276][  0]LogConfig: Setting CVar [[r.SSR.Quality:3]]
[2022.10.04-06.06.48:276][  0]LogConfig: Setting CVar [[r.SSR.HalfResSceneColor:0]]
[2022.10.04-06.06.48:276][  0]LogConfig: Setting CVar [[r.SceneColorFormat:4]]
[2022.10.04-06.06.48:276][  0]LogConfig: Setting CVar [[r.DetailMode:2]]
[2022.10.04-06.06.48:276][  0]LogConfig: Setting CVar [[r.TranslucencyVolumeBlur:1]]
[2022.10.04-06.06.48:276][  0]LogConfig: Setting CVar [[r.MaterialQualityLevel:1 ; High quality]]
[2022.10.04-06.06.48:276][  0]LogConfig: Setting CVar [[r.AnisotropicMaterials:1]]
[2022.10.04-06.06.48:276][  0]LogConfig: Setting CVar [[r.SSS.Scale:1]]
[2022.10.04-06.06.48:276][  0]LogConfig: Setting CVar [[r.SSS.SampleSet:2]]
[2022.10.04-06.06.48:276][  0]LogConfig: Setting CVar [[r.SSS.Quality:1]]
[2022.10.04-06.06.48:276][  0]LogConfig: Setting CVar [[r.SSS.HalfRes:0]]
[2022.10.04-06.06.48:276][  0]LogConfig: Setting CVar [[r.SSGI.Quality:3]]
[2022.10.04-06.06.48:276][  0]LogConfig: Setting CVar [[r.EmitterSpawnRateScale:1.0]]
[2022.10.04-06.06.48:276][  0]LogConfig: Setting CVar [[r.ParticleLightQuality:2]]
[2022.10.04-06.06.48:276][  0]LogConfig: Setting CVar [[r.SkyAtmosphere.AerialPerspectiveLUT.FastApplyOnOpaque:1 ; Always have FastSkyLUT 1 in this case to avoid wrong sky]]
[2022.10.04-06.06.48:276][  0]LogConfig: Setting CVar [[r.SkyAtmosphere.AerialPerspectiveLUT.SampleCountMaxPerSlice:4]]
[2022.10.04-06.06.48:276][  0]LogConfig: Setting CVar [[r.SkyAtmosphere.AerialPerspectiveLUT.DepthResolution:16.0]]
[2022.10.04-06.06.48:276][  0]LogConfig: Setting CVar [[r.SkyAtmosphere.FastSkyLUT:1]]
[2022.10.04-06.06.48:276][  0]LogConfig: Setting CVar [[r.SkyAtmosphere.FastSkyLUT.SampleCountMin:4.0]]
[2022.10.04-06.06.48:276][  0]LogConfig: Setting CVar [[r.SkyAtmosphere.FastSkyLUT.SampleCountMax:128.0]]
[2022.10.04-06.06.48:276][  0]LogConfig: Setting CVar [[r.SkyAtmosphere.SampleCountMin:4.0]]
[2022.10.04-06.06.48:276][  0]LogConfig: Setting CVar [[r.SkyAtmosphere.SampleCountMax:128.0]]
[2022.10.04-06.06.48:276][  0]LogConfig: Setting CVar [[r.SkyAtmosphere.TransmittanceLUT.UseSmallFormat:0]]
[2022.10.04-06.06.48:276][  0]LogConfig: Setting CVar [[r.SkyAtmosphere.TransmittanceLUT.SampleCount:10.0]]
[2022.10.04-06.06.48:276][  0]LogConfig: Setting CVar [[r.SkyAtmosphere.MultiScatteringLUT.SampleCount:15.0]]
[2022.10.04-06.06.48:276][  0]LogConfig: Setting CVar [[r.SkyLight.RealTimeReflectionCapture:1]]
[2022.10.04-06.06.48:276][  0]LogConfig: Applying CVar settings from Section [FoliageQuality@3] File [D:/AIE VET Course 2021/GrimblySchmeggle/GrimblySchmeggle/GrimblySchmeggle/Saved/Config/Windows/Scalability.ini]
[2022.10.04-06.06.48:276][  0]LogConfig: Setting CVar [[foliage.DensityScale:1.0]]
[2022.10.04-06.06.48:276][  0]LogConfig: Setting CVar [[grass.DensityScale:1.0]]
[2022.10.04-06.06.48:276][  0]LogConfig: Applying CVar settings from Section [ShadingQuality@3] File [D:/AIE VET Course 2021/GrimblySchmeggle/GrimblySchmeggle/GrimblySchmeggle/Saved/Config/Windows/Scalability.ini]
[2022.10.04-06.06.48:276][  0]LogConfig: Setting CVar [[r.HairStrands.SkyLighting.IntegrationType:2]]
[2022.10.04-06.06.48:276][  0]LogConfig: Setting CVar [[r.HairStrands.SkyAO.SampleCount:4]]
[2022.10.04-06.06.48:276][  0]LogConfig: Setting CVar [[r.HairStrands.Visibility.MSAA.SamplePerPixel:4]]
[2022.10.04-06.06.48:276][  0]LogConfig: Applying CVar settings from Section [Startup] File [../../../Engine/Config/ConsoleVariables.ini]
[2022.10.04-06.06.48:276][  0]LogConfig: Setting CVar [[net.UseAdaptiveNetUpdateFrequency:0]]
[2022.10.04-06.06.48:276][  0]LogConfig: Setting CVar [[p.chaos.AllowCreatePhysxBodies:1]]
[2022.10.04-06.06.48:276][  0]LogConfig: Setting CVar [[fx.SkipVectorVMBackendOptimizations:1]]
[2022.10.04-06.06.48:276][  0]LogConfig: Applying CVar settings from Section [ConsoleVariables] File [D:/AIE VET Course 2021/GrimblySchmeggle/GrimblySchmeggle/GrimblySchmeggle/Saved/Config/Windows/Engine.ini]
[2022.10.04-06.06.48:276][  0]LogConfig: Applying CVar settings from Section [ConsoleVariables] File [D:/AIE VET Course 2021/GrimblySchmeggle/GrimblySchmeggle/GrimblySchmeggle/Saved/Config/Windows/Editor.ini]
[2022.10.04-06.06.48:276][  0]LogInit: Computer: BAILEYS-PC
[2022.10.04-06.06.48:276][  0]LogInit: User: baile
[2022.10.04-06.06.48:276][  0]LogInit: CPU Page size=4096, Cores=8
[2022.10.04-06.06.48:276][  0]LogInit: High frequency timer resolution =10.000000 MHz
[2022.10.04-06.06.48:276][  0]LogMemory: Memory total: Physical=31.9GB (32GB approx)
[2022.10.04-06.06.48:276][  0]LogMemory: Platform Memory Stats for Windows
[2022.10.04-06.06.48:276][  0]LogMemory: Process Physical Memory: 145.79 MB used, 146.92 MB peak
[2022.10.04-06.06.48:276][  0]LogMemory: Process Virtual Memory: 145.41 MB used, 145.41 MB peak
[2022.10.04-06.06.48:276][  0]LogMemory: Physical Memory: 11085.85 MB used,  21615.20 MB free, 32701.05 MB total
[2022.10.04-06.06.48:276][  0]LogMemory: Virtual Memory: 134192592.00 MB used,  25137.53 MB free, 134217728.00 MB total
[2022.10.04-06.06.48:279][  0]LogWindows: WindowsPlatformFeatures enabled
[2022.10.04-06.06.48:292][  0]LogInit: Physics initialised using underlying interface: PhysX
[2022.10.04-06.06.48:292][  0]LogInit: Using OS detected language (en-US).
[2022.10.04-06.06.48:292][  0]LogInit: Using OS detected locale (en-AU).
[2022.10.04-06.06.48:294][  0]LogTextLocalizationManager: No specific localization for 'en-US' exists, so the 'en' localization will be used.
[2022.10.04-06.06.48:432][  0]LogInit: Setting process to per monitor DPI aware
[2022.10.04-06.06.48:454][  0]LogWindowsTextInputMethodSystem: Display: IME system deactivated.
[2022.10.04-06.06.48:470][  0]LogSlate: New Slate User Created.  User Index 0, Is Virtual User: 0
[2022.10.04-06.06.48:470][  0]LogSlate: Slate User Registered.  User Index 0, Is Virtual User: 0
[2022.10.04-06.06.48:560][  0]LogD3D11RHI: Loaded GFSDK_Aftermath_Lib.x64.dll
[2022.10.04-06.06.48:561][  0]LogD3D11RHI: D3D11 min allowed feature level: 11_0
[2022.10.04-06.06.48:561][  0]LogD3D11RHI: D3D11 max allowed feature level: 11_0
[2022.10.04-06.06.48:561][  0]LogD3D11RHI: D3D11 adapters:
[2022.10.04-06.06.48:600][  0]LogD3D11RHI:    0. 'Radeon RX 580 Series' (Feature Level 11_0)
[2022.10.04-06.06.48:600][  0]LogD3D11RHI:       8170/0/16350 MB DedicatedVideo/DedicatedSystem/SharedSystem, Outputs:3, VendorId:0x1002
[2022.10.04-06.06.48:601][  0]LogD3D11RHI:    1. 'Microsoft Basic Render Driver' (Feature Level 11_0)
[2022.10.04-06.06.48:601][  0]LogD3D11RHI:       0/0/16350 MB DedicatedVideo/DedicatedSystem/SharedSystem, Outputs:0, VendorId:0x1414
[2022.10.04-06.06.48:601][  0]LogD3D11RHI: Chosen D3D11 Adapter:
[2022.10.04-06.06.48:602][  0]LogD3D11RHI:     Description : Radeon RX 580 Series
[2022.10.04-06.06.48:602][  0]LogD3D11RHI:     VendorId    : 1002
[2022.10.04-06.06.48:602][  0]LogD3D11RHI:     DeviceId    : 67df
[2022.10.04-06.06.48:602][  0]LogD3D11RHI:     SubSysId    : 34181462
[2022.10.04-06.06.48:602][  0]LogD3D11RHI:     Revision    : 00e7
[2022.10.04-06.06.48:602][  0]LogD3D11RHI:     DedicatedVideoMemory : 8567906304 bytes
[2022.10.04-06.06.48:602][  0]LogD3D11RHI:     DedicatedSystemMemory : 0 bytes
[2022.10.04-06.06.48:602][  0]LogD3D11RHI:     SharedSystemMemory : 17144766464 bytes
[2022.10.04-06.06.48:602][  0]LogD3D11RHI:     AdapterLuid : 0 94377
[2022.10.04-06.06.48:607][  0]LogD3D11RHI: Creating new Direct3DDevice
[2022.10.04-06.06.48:607][  0]LogD3D11RHI:     GPU DeviceId: 0x67df (for the marketing name, search the web for "GPU Device Id")
[2022.10.04-06.06.48:608][  0]LogWindows: EnumDisplayDevices:
[2022.10.04-06.06.48:608][  0]LogWindows:    0. 'Radeon RX 580 Series' (P:1 D:1)
[2022.10.04-06.06.48:608][  0]LogWindows:    1. 'Radeon RX 580 Series' (P:0 D:1)
[2022.10.04-06.06.48:608][  0]LogWindows:    2. 'Radeon RX 580 Series' (P:0 D:1)
[2022.10.04-06.06.48:609][  0]LogWindows:    3. 'Radeon RX 580 Series' (P:0 D:0)
[2022.10.04-06.06.48:609][  0]LogWindows:    4. 'Radeon RX 580 Series' (P:0 D:0)
[2022.10.04-06.06.48:609][  0]LogWindows:    5. 'Radeon RX 580 Series' (P:0 D:0)
[2022.10.04-06.06.48:610][  0]LogWindows:    6. 'Radeon RX 580 Series' (P:0 D:0)
[2022.10.04-06.06.48:610][  0]LogWindows: DebugString: FoundDriverCount:7 
[2022.10.04-06.06.48:610][  0]LogD3D11RHI:     Adapter Name: Radeon RX 580 Series
[2022.10.04-06.06.48:610][  0]LogD3D11RHI:   Driver Version: AMD Software: Adrenalin Edition 22.5.1 (internal:30.0.15021.11005, unified:30.0.15021.11005)
[2022.10.04-06.06.48:610][  0]LogD3D11RHI:      Driver Date: 4-28-2022
[2022.10.04-06.06.48:610][  0]LogRHI: Texture pool is 5182 MB (70% of 7402 MB)
[2022.10.04-06.06.48:619][  0]LogD3D11RHI: Creating D3DDevice with AMD AGS, using adapter:
[2022.10.04-06.06.48:619][  0]LogD3D11RHI:     Description : Radeon RX 580 Series
[2022.10.04-06.06.48:619][  0]LogD3D11RHI:     VendorId    : 1002
[2022.10.04-06.06.48:619][  0]LogD3D11RHI:     DeviceId    : 67df
[2022.10.04-06.06.48:619][  0]LogD3D11RHI:     SubSysId    : 34181462
[2022.10.04-06.06.48:619][  0]LogD3D11RHI:     Revision    : 00e7
[2022.10.04-06.06.48:619][  0]LogD3D11RHI:     DedicatedVideoMemory : 8567906304 bytes
[2022.10.04-06.06.48:619][  0]LogD3D11RHI:     DedicatedSystemMemory : 0 bytes
[2022.10.04-06.06.48:619][  0]LogD3D11RHI:     SharedSystemMemory : 17144766464 bytes
[2022.10.04-06.06.48:619][  0]LogD3D11RHI:     AdapterLuid : 0 94377
[2022.10.04-06.06.48:646][  0]LogD3D11RHI: Created device via AGS, feature level 11_0, supported extensions 1fffffbf.
[2022.10.04-06.06.48:646][  0]LogD3D11RHI: RHI has support for 64 bit atomics
[2022.10.04-06.06.48:646][  0]LogD3D11RHI: Async texture creation enabled
[2022.10.04-06.06.48:646][  0]LogD3D11RHI: Array index from any shader is supported
[2022.10.04-06.06.48:658][  0]LogD3D11RHI: GPU Timing Frequency: 25.000000 (Debug: 2 1)
[2022.10.04-06.06.48:859][  0]LogTargetPlatformManager: Display: Loaded TargetPlatform 'AllDesktop'
[2022.10.04-06.06.48:872][  0]LogTargetPlatformManager: Display: Loaded TargetPlatform 'Android'
[2022.10.04-06.06.48:872][  0]LogTargetPlatformManager: Display: Loaded TargetPlatform 'Android_ASTC'
[2022.10.04-06.06.48:872][  0]LogTargetPlatformManager: Display: Loaded TargetPlatform 'Android_DXT'
[2022.10.04-06.06.48:872][  0]LogTargetPlatformManager: Display: Loaded TargetPlatform 'Android_ETC2'
[2022.10.04-06.06.48:872][  0]LogTargetPlatformManager: Display: Loaded TargetPlatform 'AndroidClient'
[2022.10.04-06.06.48:872][  0]LogTargetPlatformManager: Display: Loaded TargetPlatform 'Android_ASTCClient'
[2022.10.04-06.06.48:873][  0]LogTargetPlatformManager: Display: Loaded TargetPlatform 'Android_DXTClient'
[2022.10.04-06.06.48:873][  0]LogTargetPlatformManager: Display: Loaded TargetPlatform 'Android_ETC2Client'
[2022.10.04-06.06.48:873][  0]LogTargetPlatformManager: Display: Loaded TargetPlatform 'Android_Multi'
[2022.10.04-06.06.48:873][  0]LogTargetPlatformManager: Display: Loaded TargetPlatform 'Android_MultiClient'
[2022.10.04-06.06.48:884][  0]LogTargetPlatformManager: Display: Loaded TargetPlatform 'IOSClient'
[2022.10.04-06.06.48:884][  0]LogTargetPlatformManager: Display: Loaded TargetPlatform 'IOS'
[2022.10.04-06.06.48:890][  0]LogTargetPlatformManager: Display: Loaded TargetPlatform 'Linux'
[2022.10.04-06.06.48:893][  0]LogTargetPlatformManager: Display: Loaded TargetPlatform 'LinuxNoEditor'
[2022.10.04-06.06.48:895][  0]LogTargetPlatformManager: Display: Loaded TargetPlatform 'LinuxClient'
[2022.10.04-06.06.48:898][  0]LogTargetPlatformManager: Display: Loaded TargetPlatform 'LinuxServer'
[2022.10.04-06.06.48:903][  0]LogTargetPlatformManager: Display: Loaded TargetPlatform 'LinuxAArch64NoEditor'
[2022.10.04-06.06.48:905][  0]LogTargetPlatformManager: Display: Loaded TargetPlatform 'LinuxAArch64Client'
[2022.10.04-06.06.48:908][  0]LogTargetPlatformManager: Display: Loaded TargetPlatform 'LinuxAArch64Server'
[2022.10.04-06.06.48:924][  0]LogTargetPlatformManager: Display: Loaded TargetPlatform 'Lumin'
[2022.10.04-06.06.48:924][  0]LogTargetPlatformManager: Display: Loaded TargetPlatform 'LuminClient'
[2022.10.04-06.06.48:929][  0]LogTargetPlatformManager: Display: Loaded TargetPlatform 'MacNoEditor'
[2022.10.04-06.06.48:932][  0]LogTargetPlatformManager: Display: Loaded TargetPlatform 'Mac'
[2022.10.04-06.06.48:935][  0]LogTargetPlatformManager: Display: Loaded TargetPlatform 'MacClient'
[2022.10.04-06.06.48:938][  0]LogTargetPlatformManager: Display: Loaded TargetPlatform 'MacServer'
[2022.10.04-06.06.48:943][  0]LogTargetPlatformManager: Display: Loaded TargetPlatform 'TVOSClient'
[2022.10.04-06.06.48:943][  0]LogTargetPlatformManager: Display: Loaded TargetPlatform 'TVOS'
[2022.10.04-06.06.48:949][  0]LogTargetPlatformManager: Display: Loaded TargetPlatform 'WindowsNoEditor'
[2022.10.04-06.06.48:952][  0]LogTargetPlatformManager: Display: Loaded TargetPlatform 'Windows'
[2022.10.04-06.06.48:954][  0]LogTargetPlatformManager: Display: Loaded TargetPlatform 'WindowsClient'
[2022.10.04-06.06.48:957][  0]LogTargetPlatformManager: Display: Loaded TargetPlatform 'WindowsServer'
[2022.10.04-06.06.48:957][  0]LogTargetPlatformManager: Display: Building Assets For Windows
[2022.10.04-06.06.48:961][  0]LogAudioDebug: Display: Lib vorbis DLL was dynamically loaded.
[2022.10.04-06.06.48:977][  0]LogTextureFormatOodle: Display: Oodle Texture 2.9.0 init RDO Off
[2022.10.04-06.06.48:994][  0]LogRendererCore: Ray tracing is disabled. Reason: r.RayTracing=0.
[2022.10.04-06.06.48:994][  0]LogShaderCompilers: Guid format shader working directory is -45 characters bigger than the processId version (../../../../../../../AIE VET Course 2021/GrimblySchmeggle/GrimblySchmeggle/GrimblySchmeggle/Intermediate/Shaders/WorkingDirectory/8520/).
[2022.10.04-06.06.48:994][  0]LogShaderCompilers: Cleaned the shader compiler working directory 'C:/Users/baile/AppData/Local/Temp/UnrealShaderWorkingDir/8B5BD80649A038FD99E6CC93DC3F7147/'.
[2022.10.04-06.06.48:994][  0]LogXGEController: Cannot use XGE Controller as Incredibuild is not installed on this machine.
[2022.10.04-06.06.48:994][  0]LogShaderCompilers: Cannot use XGE Shader Compiler as Incredibuild is not installed on this machine.
[2022.10.04-06.06.48:994][  0]LogShaderCompilers: Display: Using Local Shader Compiler.
[2022.10.04-06.06.49:562][  0]LogDerivedDataCache: Display: Max Cache Size: 512 MB
[2022.10.04-06.06.49:605][  0]LogDerivedDataCache: Loaded boot cache 0.04s 94MB C:/Users/baile/AppData/Local/UnrealEngine/4.27/DerivedDataCache/Boot.ddc.
[2022.10.04-06.06.49:605][  0]LogDerivedDataCache: Display: Loaded Boot cache: C:/Users/baile/AppData/Local/UnrealEngine/4.27/DerivedDataCache/Boot.ddc
[2022.10.04-06.06.49:605][  0]LogDerivedDataCache: FDerivedDataBackendGraph:  Pak pak cache file ../../../../../../../AIE VET Course 2021/GrimblySchmeggle/GrimblySchmeggle/GrimblySchmeggle/DerivedDataCache/DDC.ddp not found, will not use a pak cache.
[2022.10.04-06.06.49:605][  0]LogDerivedDataCache: Unable to find inner node Pak for hierarchical cache Hierarchy.
[2022.10.04-06.06.49:605][  0]LogDerivedDataCache: FDerivedDataBackendGraph:  CompressedPak pak cache file ../../../../../../../AIE VET Course 2021/GrimblySchmeggle/GrimblySchmeggle/GrimblySchmeggle/DerivedDataCache/Compressed.ddp not found, will not use a pak cache.
[2022.10.04-06.06.49:605][  0]LogDerivedDataCache: Unable to find inner node CompressedPak for hierarchical cache Hierarchy.
[2022.10.04-06.06.49:618][  0]LogDerivedDataCache: Display: Pak cache opened for reading ../../../Engine/DerivedDataCache/Compressed.ddp.
[2022.10.04-06.06.49:618][  0]LogDerivedDataCache: FDerivedDataBackendGraph:  EnterprisePak pak cache file ../../../Enterprise/DerivedDataCache/Compressed.ddp not found, will not use a pak cache.
[2022.10.04-06.06.49:618][  0]LogDerivedDataCache: Unable to find inner node EnterprisePak for hierarchical cache Hierarchy.
[2022.10.04-06.06.49:623][  0]LogDerivedDataCache: Speed tests for C:/Users/baile/AppData/Local/UnrealEngine/Common/DerivedDataCache took 0.01 seconds
[2022.10.04-06.06.49:623][  0]LogDerivedDataCache: Display: Performance to C:/Users/baile/AppData/Local/UnrealEngine/Common/DerivedDataCache: Latency=0.02ms. RandomReadSpeed=1806.62MBs, RandomWriteSpeed=197.33MBs. Assigned SpeedClass 'Local'
[2022.10.04-06.06.49:624][  0]LogDerivedDataCache: Using Local data cache path C:/Users/baile/AppData/Local/UnrealEngine/Common/DerivedDataCache: Writable
[2022.10.04-06.06.49:624][  0]LogDerivedDataCache: Shared data cache path not found in *engine.ini, will not use an Shared cache.
[2022.10.04-06.06.49:624][  0]LogDerivedDataCache: Unable to find inner node Shared for hierarchical cache Hierarchy.
[2022.10.04-06.06.49:662][  0]LogSlate: Using FreeType 2.10.0
[2022.10.04-06.06.49:662][  0]LogSlate: SlateFontServices - WITH_FREETYPE: 1, WITH_HARFBUZZ: 1
[2022.10.04-06.06.49:678][  0]LogAssetRegistry: FAssetRegistry took 0.0019 seconds to start up
[2022.10.04-06.06.49:844][  0]LogInit: Selected Device Profile: [Windows]
[2022.10.04-06.06.49:844][  0]LogInit: Active device profile: [000001AE6F7AEC00][000001AE6D3CCB00 49] Windows
[2022.10.04-06.06.49:844][  0]LogInit: Profiles: [000001AE6F7AEC00][000001AE6D3CCB00 49] Windows, [000001AE6F755600][000001AE6D3D0D80 49] WindowsNoEditor, [000001AE6F7AE200][000001AE6D3D9040 49] WindowsServer, [000001AE6F755F00][000001AE6D3DD300 49] WindowsClient, [000001AE6F7AC400][000001AE6DD135C0 49] IOS, [000001AE6F757200][000001AE6DD17880 49] iPadAir, [000001AE6F754100][000001AE6DD1BB40 49] iPadAir2, [000001AE6F711200][000001AE6DD2E500 49] IPadPro, [000001AE6F711300][000001AE6DD1E540 49] iPadAir3, [000001AE6F7ACD00][000001AE6DD26800 49] iPadAir4, [000001AE6F713100][000001AE6DD22AC0 49] iPadMini2, [000001AE6F710800][000001AE6D3D4D40 49] iPadMini3, [000001AE6F755500][000001AE6DD2AFC0 49] iPadMini4, [000001AE6F711100][000001AE6DD37280 49] iPadMini5, [000001AE6F718900][000001AE6DD4B7C0 49] iPhone6, [000001AE6F718A00][000001AE6DD3B800 49] iPodTouch6, [000001AE6F7ACC00][000001AE6DD521C0 49] iPhone7, [000001AE6F7AC600][000001AE6DD42200 49] iPodTouch7, [000001AE6F718400][000001AE6DD464C0 49] iPhone5S, [000001AE6F755C00][000001AE6DD3E780 49] iPhone6Plus, [000001AE6F71BB00][000001AE6DD4EA40 49] iPhone6S, [000001AE6F756100][000001AE6DD56D00 49] iPhone6SPlus, [000001AE6F71B500][000001AE6DD32F80 49] iPhone7Plus, [000001AE6F756800][000001AE6DD5B200 49] iPhoneSE, [000001AE6F71AB00][000001AE6DD634C0 49] iPhone8, [000001AE6F756000][000001AE6DD67780 49] iPhone8Plus, [000001AE6F71AA00][000001AE6DD6BA40 49] iPhoneX, [000001AE6F757C00][000001AE6DD6E180 49] iPhoneXS, [000001AE6F71B900][000001AE6DD72440 49] iPhoneXSMax, [000001AE6F7ACA00][000001AE6DD76700 49] iPhoneXR, [000001AE6F719A00][000001AE6DD7A9C0 49] iPhone11, [000001AE6F7AEA00][000001AE6DD7EC80 49] iPhone11Pro, [000001AE6F71A400][000001AE6DD82F40 49] iPhone11ProMax, [000001AE6F7ADB00][000001AE6DD5F1C0 49] iPhoneSE2, [000001AE6F719B00][000001AE6DD87440 49] iPhone12Mini, [000001AE6F7AE000][000001AE6DD8F700 49] iPhone12, [000001AE6F71AD00][000001AE6DD939C0 49] iPhone12Pro, [000001AE6F7AC300][000001AE6DD96100 49] iPhone12ProMax, [000001AE6F71B000][000001AE6DD9A3C0 49] iPadPro105, [000001AE6F7AD300][000001AE6DD9E680 49] iPadPro129, [000001AE6F71A000][000001AE6DDA2940 49] iPadPro97, [000001AE6F7AD500][000001AE6DDA6C00 49] iPadPro2_129, [000001AE6F71B800][000001AE6DDAAEC0 49] iPad5, [000001AE6F7AC200][000001AE6DDAF180 49] iPad6, [000001AE6F719C00][000001AE6DD8B400 49] iPad7, [000001AE6F7AD100][000001AE6DDB3680 49] iPad8, [000001AE6F71BE00][000001AE6DDBB940 49] iPadPro11, [000001AE6F7ADD00][000001AE6DDBFC00 49] iPadPro2_11, [000001AE6F71AE00][000001AE6DDC2340 49] iPadPro3_129, [000001AE6F7AD000][000001AE6DDC6600 49] iPadPro4_129, [000001AE6F71A700][000001AE6DDCA8C0 49] AppleTV, [000001AE6F7ADC00][000001AE6DDCEB80 49] AppleTV4K, [000001AE6F719500][000001AE6DDD2E40 49] TVOS, [000001AE6F7ACF00][000001AE6DDD7100 49] Mac, [000001AE6F71AC00][000001AE6DDDB3C0 49] MacClient, [000001AE6F7AE400][000001AE6DDB7640 49] MacNoEditor, [000001AE6F718300][000001AE6DDDF8C0 49] MacServer, [000001AE6F7AD800][000001AE6DDE7B80 49] Linux, [000001AE6F719700][000001AE6DDEA2C0 49] LinuxAArch64, [000001AE6F7AF400][000001AE6DDEE580 49] LinuxNoEditor, [000001AE6F719800][000001AE6DDF2840 49] LinuxAArch64NoEditor, [000001AE6F7AD900][000001AE6DDF6B00 49] LinuxClient, [000001AE6F71BF00][000001AE6DDFADC0 49] LinuxAArch64Client, [000001AE6F7AD400][000001AE6DDFF080 49] LinuxServer, [000001AE6F719D00][000001AE6DE03340 49] LinuxAArch64Server, [000001AE6F7AF200][000001AE6DE07600 49] Android, [000001AE6F71A200][000001AE6DDE3880 49] Android_Low, [000001AE6F7AE100][000001AE6DE25B00 49] Android_Mid, [000001AE6F719F00][000001AE6DE2C240 49] Android_High, [000001AE6F754E00][000001AE6DE30500 49] Android_Default, [000001AE6F712500][000001AE6DE347C0 49] Android_Adreno4xx, [000001AE6F757900][000001AE6DE38A80 49] Android_Adreno5xx_Low, [000001AE6F713600][000001AE6DE3CD40 49] Android_Adreno5xx, [000001AE6F756300][000001AE6DE41000 49] Android_Adreno6xx, [000001AE6F713D00][000001AE6DE452C0 49] Android_Adreno6xx_Vulkan, [000001AE6F756900][000001AE6DE49580 49] Android_Mali_T6xx, [000001AE6F712100][000001AE6DE4D840 49] Android_Mali_T7xx, [000001AE6F757600][000001AE6DE29AC0 49] Android_Mali_T8xx, [000001AE6F711E00][000001AE6DE501C0 49] Android_Mali_G71, [000001AE6F757800][000001AE6DE58480 49] Android_Mali_G72, [000001AE6F713900][000001AE6DE5C740 49] Android_Mali_G72_Vulkan, [000001AE6F756700][000001AE6DE60A00 49] Android_Mali_G76, [000001AE6F713800][000001AE6DE64CC0 49] Android_Mali_G76_Vulkan, [000001AE6F757100][000001AE6DE68F80 49] Android_Mali_G77, [000001AE6F711400][000001AE6DE6D240 49] Android_Mali_G77_Vulkan, [000001AE6F756F00][000001AE6DE71500 49] Android_Mali_G78, [000001AE6F712C00][000001AE6DE757C0 49] Android_Mali_G78_Vulkan, [000001AE6F754900][000001AE6DE79A80 49] Android_Mali_G710, [000001AE6F713A00][000001AE6DE54180 49] Android_Mali_G710_Vulkan, [000001AE6F755A00][000001AE6DE7C400 49] Android_Vulkan_SM5, [000001AE6F710500][000001AE6DE846C0 49] Android_PowerVR_G6xxx, [000001AE6F755E00][000001AE6DE88980 49] Android_PowerVR_GT7xxx, [000001AE6F713700][000001AE6DE8CC40 49] Android_PowerVR_GE8xxx, [000001AE6F755300][000001AE6DE90F00 49] Android_PowerVR_GM9xxx, [000001AE6F710A00][000001AE6DE951C0 49] Android_PowerVR_GM9xxx_Vulkan, [000001AE6F754700][000001AE6DE99480 49] Android_TegraK1, [000001AE6F711700][000001AE6DE9D740 49] Android_Unknown_Vulkan, [000001AE6F754400][000001AE6DEA1A00 49] Lumin, [000001AE6F711A00][000001AE6DEA4140 49] Lumin_Desktop, [000001AE6F754500][000001AE6DE803C0 49] HoloLens, 
[2022.10.04-06.06.49:933][  0]LogMeshReduction: Using QuadricMeshReduction for automatic static mesh reduction
[2022.10.04-06.06.49:933][  0]LogMeshReduction: Using SimplygonMeshReduction for automatic skeletal mesh reduction
[2022.10.04-06.06.49:933][  0]LogMeshReduction: Using ProxyLODMeshReduction for automatic mesh merging
[2022.10.04-06.06.49:933][  0]LogMeshReduction: No distributed automatic mesh merging module available
[2022.10.04-06.06.49:933][  0]LogMeshMerging: No distributed automatic mesh merging module available
[2022.10.04-06.06.49:951][  0]LogNetVersion: GrimblySchmeggle 1.0.0, NetCL: 17155196, EngineNetVer: 17, GameNetVer: 0 (Checksum: 1025192801)
[2022.10.04-06.06.50:222][  0]LogTexture: Default maximum texture size for cubemaps generated from long-lat sources has been changed from 512 to unlimited. In order to preserve old behaiour for '/Engine/MapTemplates/Sky/DaylightAmbientCubemap.DaylightAmbientCubemap', its maximum texture size has been explicitly set to 512.
[2022.10.04-06.06.50:259][  0]LogHMD: PokeAHoleMaterial loaded successfully
[2022.10.04-06.06.50:263][  0]LogUObjectArray: 17178 objects as part of root set at end of initial load.
[2022.10.04-06.06.50:263][  0]LogUObjectAllocator: 4302048 out of 0 bytes used by permanent object pool.
[2022.10.04-06.06.50:263][  0]LogUObjectArray: CloseDisregardForGC: 0/0 objects in disregard for GC pool
[2022.10.04-06.06.50:358][  0]LogNiagaraDebuggerClient: Niagara Debugger Client Initialized | Session: 17566B56446814C2288B85A1B65D66CE | Instance: 9472AE494B783A4234C99096A42D54AF (BAILEYS-PC-8520).
[2022.10.04-06.06.50:436][  0]LogPython: Using Python 3.7.7
[2022.10.04-06.06.50:911][  0]LogTcpMessaging: Initializing TcpMessaging bridge
[2022.10.04-06.06.50:914][  0]LogUdpMessaging: Initializing bridge on interface 0.0.0.0:0 to multicast group 230.0.0.1:6666.
[2022.10.04-06.06.50:941][  0]LogLinker: Warning: Failed to load '/Game/VehicleBP/VehicleOverview': Can't find file.
[2022.10.04-06.06.50:941][  0]LogLinker: Warning: Failed to load '/Game/VehicleBP/VehicleOverview': Can't find file.
[2022.10.04-06.06.50:941][  0]LogUObjectGlobals: Warning: Failed to find object 'Class /Game/VehicleBP/VehicleOverview.VehicleOverview_C'
[2022.10.04-06.06.51:000][  0]SourceControl: Source control is disabled
[2022.10.04-06.06.51:000][  0]SourceControl: Source control is disabled
[2022.10.04-06.06.51:002][  0]SourceControl: Source control is disabled
[2022.10.04-06.06.51:004][  0]SourceControl: Source control is disabled
[2022.10.04-06.06.51:009][  0]SourceControl: Source control is disabled
[2022.10.04-06.06.51:060][  0]LogUProjectInfo: Found projects:
[2022.10.04-06.06.51:086][  0]LogOpenImageDenoise: OIDN starting up
[2022.10.04-06.06.51:154][  0]LogAndroidPermission: UAndroidPermissionCallbackProxy::GetInstance
[2022.10.04-06.06.51:168][  0]LogAudioCaptureCore: Display: No Audio Capture implementations found. Audio input will be silent.
[2022.10.04-06.06.51:168][  0]LogAudioCaptureCore: Display: No Audio Capture implementations found. Audio input will be silent.
[2022.10.04-06.06.51:245][  0]LogCollectionManager: Loaded 0 collections in 0.000438 seconds
[2022.10.04-06.06.51:260][  0]LogFileCache: Scanning file cache for directory 'D:/AIE VET Course 2021/GrimblySchmeggle/GrimblySchmeggle/GrimblySchmeggle/Saved/Collections/' took 0.00s
[2022.10.04-06.06.51:260][  0]LogFileCache: Scanning file cache for directory 'D:/AIE VET Course 2021/GrimblySchmeggle/GrimblySchmeggle/GrimblySchmeggle/Content/Developers/baile/Collections/' took 0.00s
[2022.10.04-06.06.51:260][  0]LogFileCache: Scanning file cache for directory 'D:/AIE VET Course 2021/GrimblySchmeggle/GrimblySchmeggle/GrimblySchmeggle/Content/Collections/' took 0.00s
[2022.10.04-06.06.51:260][  0]LogOcInput: OculusInput pre-init called
[2022.10.04-06.06.51:421][  0]LogEngine: Initializing Engine...
[2022.10.04-06.06.51:689][  0]LogHMD: PokeAHoleMaterial loaded successfully
[2022.10.04-06.06.51:813][  0]LogHMD: Initializing OVRPlugin session
[2022.10.04-06.06.55:239][  0]LogHMD: Allocating Oculus 3008 x 1616 rendertarget swapchain
[2022.10.04-06.06.55:239][  0]LogHMD: Oculus plugin initialized. Version: 4.27.2-18319896+++UE4+Release-4.27, OVRPlugin: 1.59.0
[2022.10.04-06.06.55:240][  0]LogStats: UGameplayTagsManager::InitializeManager -  0.000 s
[2022.10.04-06.06.55:364][  0]LogInit: Initializing FReadOnlyCVARCache
[2022.10.04-06.06.55:371][  0]LogAIModule: Creating AISystem for world Untitled
[2022.10.04-06.06.55:372][  0]LogAudio: Display: Initializing Audio Device Manager...
[2022.10.04-06.06.55:374][  0]LogAudio: Display: Loading Default Audio Settings Objects...
[2022.10.04-06.06.55:375][  0]LogAudio: Display: No default SoundConcurrencyObject specified (or failed to load).
[2022.10.04-06.06.55:375][  0]LogAudio: Display: Audio Device Manager Initialized
[2022.10.04-06.06.55:375][  0]LogAudio: Display: Creating Audio Device:                 Id: 1, Scope: Shared, Realtime: True
[2022.10.04-06.06.55:375][  0]LogAudioMixer: Display: Audio Mixer Platform Settings:
[2022.10.04-06.06.55:375][  0]LogAudioMixer: Display: 	Sample Rate:						  48000
[2022.10.04-06.06.55:375][  0]LogAudioMixer: Display: 	Callback Buffer Frame Size Requested: 1024
[2022.10.04-06.06.55:375][  0]LogAudioMixer: Display: 	Callback Buffer Frame Size To Use:	  1024
[2022.10.04-06.06.55:375][  0]LogAudioMixer: Display: 	Number of buffers to queue:			  2
[2022.10.04-06.06.55:375][  0]LogAudioMixer: Display: 	Max Channels (voices):				  32
[2022.10.04-06.06.55:375][  0]LogAudioMixer: Display: 	Number of Async Source Workers:		  0
[2022.10.04-06.06.55:375][  0]LogAudio: Display: AudioDevice MaxSources: 32
[2022.10.04-06.06.55:376][  0]LogAudio: Display: Audio Spatialization Plugin: None (built-in).
[2022.10.04-06.06.55:376][  0]LogAudio: Display: Audio Reverb Plugin: None (built-in).
[2022.10.04-06.06.55:376][  0]LogAudio: Display: Audio Occlusion Plugin: None (built-in).
[2022.10.04-06.06.55:376][  0]LogAudioMixer: Display: Initializing audio mixer.
[2022.10.04-06.06.55:463][  0]LogAudioMixer: Display: 0: FrontLeft
[2022.10.04-06.06.55:463][  0]LogAudioMixer: Display: 1: FrontRight
[2022.10.04-06.06.55:509][  0]LogAudioMixer: Display: Using Audio Device Speakers (Realtek(R) Audio)
[2022.10.04-06.06.55:512][  0]LogAudioMixer: Display: Initializing Sound Submixes...
[2022.10.04-06.06.55:513][  0]LogAudioMixer: Display: Creating Master Submix 'MasterSubmixDefault'
[2022.10.04-06.06.55:513][  0]LogAudioMixer: Display: Creating Master Submix 'MasterReverbSubmixDefault'
[2022.10.04-06.06.55:514][  0]LogAudioMixer: Display: Creating Master Submix 'MasterEQSubmixDefault'
[2022.10.04-06.06.55:514][  0]LogAudioMixer: FMixerPlatformXAudio2::StartAudioStream() called
[2022.10.04-06.06.55:514][  0]LogAudioMixer: Display: Output buffers initialized: Frames=1024, Channels=2, Samples=2048
[2022.10.04-06.06.55:515][  0]LogAudioMixer: Display: Starting AudioMixerPlatformInterface::RunInternal()
[2022.10.04-06.06.55:515][  0]LogAudioMixer: Display: FMixerPlatformXAudio2::SubmitBuffer() called for the first time
[2022.10.04-06.06.55:515][  0]LogInit: FAudioDevice initialized.
[2022.10.04-06.06.55:515][  0]LogAudio: Display: Audio Device (ID: 1) registered with world 'Untitled'.
[2022.10.04-06.06.55:515][  0]LogNetVersion: Set ProjectVersion to 1.0.0.0. Version Checksum will be recalculated on next use.
[2022.10.04-06.06.55:597][  0]LogDerivedDataCache: Saved boot cache 0.08s 94MB C:/Users/baile/AppData/Local/UnrealEngine/4.27/DerivedDataCache/Boot.ddc.
[2022.10.04-06.06.55:598][  0]LogInit: Texture streaming: Enabled
[2022.10.04-06.06.55:607][  0]LogAnalytics: Display: [UEEditor.Rocket.Release] APIServer = https://datarouter.ol.epicgames.com/. AppVersion = 4.27.2-18319896+++UE4+Release-4.27
[2022.10.04-06.06.55:610][  0]LogEngineSessionManager: EngineSessionManager initialized
[2022.10.04-06.06.55:610][  0]LogEditorSessionSummary: Verbose: Initializing EditorSessionSummaryWriter for editor session tracking
[2022.10.04-06.06.55:611][  0]LogEditorSessionSummary: EditorSessionSummaryWriter initialized
[2022.10.04-06.06.55:632][  0]LogInit: Transaction tracking system initialized
[2022.10.04-06.06.55:647][  0]BlueprintLog: New page: Editor Load
[2022.10.04-06.06.55:696][  0]LocalizationService: Localization service is disabled
[2022.10.04-06.06.55:714][  0]TimingProfiler: Initialize
[2022.10.04-06.06.55:714][  0]TimingProfiler: OnSessionChanged
[2022.10.04-06.06.55:714][  0]LoadingProfiler: Initialize
[2022.10.04-06.06.55:714][  0]LoadingProfiler: OnSessionChanged
[2022.10.04-06.06.55:714][  0]NetworkingProfiler: Initialize
[2022.10.04-06.06.55:714][  0]NetworkingProfiler: OnSessionChanged
[2022.10.04-06.06.55:714][  0]MemoryProfiler: Initialize
[2022.10.04-06.06.55:714][  0]MemoryProfiler: OnSessionChanged
[2022.10.04-06.06.55:943][  0]LogCook: Display: CookSettings for Memory: MemoryMaxUsedVirtual 0MiB, MemoryMaxUsedPhysical 16384MiB, MemoryMinFreeVirtual 0MiB, MemoryMinFreePhysical 1024MiB
[2022.10.04-06.06.55:943][  0]LogCook: Display: Mobile HDR setting 1
[2022.10.04-06.06.56:064][  0]LogFileCache: Scanning file cache for directory 'D:/AIE VET Course 2021/GrimblySchmeggle/GrimblySchmeggle/GrimblySchmeggle/Content/' took 0.05s
[2022.10.04-06.06.56:202][  0]LogInit: Display: Engine is initialized. Leaving FEngineLoop::Init()
[2022.10.04-06.06.56:204][  0]SourceControl: Source control is disabled
[2022.10.04-06.06.56:204][  0]LogUnrealEdMisc: Loading editor; pre map load, took 8.857
[2022.10.04-06.06.56:205][  0]LogEditorServer: Warning: Can't find file '../../../../../../../AIE VET Course 2021/GrimblySchmeggle/GrimblySchmeggle/GrimblySchmeggle/Content/DefaultDoNotEdit/DefaultDoNotEditLevel.umap'
[2022.10.04-06.06.56:205][  0]Cmd: MAP CHECKDEP NOCLEARLOG
[2022.10.04-06.06.56:205][  0]MapCheck: Map check complete: 0 Error(s), 0 Warning(s), took 0.078ms to complete.
[2022.10.04-06.06.56:205][  0]LogFileHelpers: Loading map 'DefaultDoNotEditLevel' took 0.000
[2022.10.04-06.06.56:206][  0]LogUnrealEdMisc: Total Editor Startup Time, took 8.859
[2022.10.04-06.06.59:023][  0]LogSlate: Only BGRA pngs, bmps or icos are supported in by External Image Picker
[2022.10.04-06.06.59:674][  0]LogSlate: Updating window title bar state: overlay mode, drag disabled, window buttons hidden, title bar hidden
[2022.10.04-06.06.59:689][  0]LogSlate: Updating window title bar state: overlay mode, drag disabled, window buttons hidden, title bar hidden
[2022.10.04-06.06.59:695][  0]LogSlate: Updating window title bar state: overlay mode, drag disabled, window buttons hidden, title bar hidden
[2022.10.04-06.06.59:700][  0]LogSlate: Updating window title bar state: overlay mode, drag disabled, window buttons hidden, title bar hidden
[2022.10.04-06.06.59:842][  0]LogNativeClassHierarchy: Verbose: Native class hierarchy populated in 0.0074 seconds. Added 3822 classes and 928 folders.
[2022.10.04-06.06.59:871][  0]LogNativeClassHierarchy: Verbose: Native class hierarchy updated for 'WidgetCarousel' in 0.0002 seconds. Added 0 classes and 0 folders.
[2022.10.04-06.07.00:050][  0]LogPakFile: PakFile PrimaryIndexSize=187
[2022.10.04-06.07.00:050][  0]LogPakFile: PakFile PathHashIndexSize=101
[2022.10.04-06.07.00:050][  0]LogPakFile: PakFile FullDirectoryIndexSize=148
[2022.10.04-06.07.00:050][  0]LogShaderLibrary: Display: ShaderCodeLibraryPakFileMountedCallback: PakFile 'D:/Games/epicgames/Games/UE_4.27/FeaturePacks/FP_FirstPerson.upack' (chunk index -1, root 'root:/') mounted
[2022.10.04-06.07.00:050][  0]LogShaderLibrary: Display: ShaderCodeLibraryPakFileMountedCallback: pending pak file info (ChunkID:-1 Root:root:/ File:D:/Games/epicgames/Games/UE_4.27/FeaturePacks/FP_FirstPerson.upack)
[2022.10.04-06.07.00:050][  0]LogPakFile: OnPakFileMounted2Time == 0.000046
[2022.10.04-06.07.00:086][  0]LogPakFile: PakFile PrimaryIndexSize=189
[2022.10.04-06.07.00:086][  0]LogPakFile: PakFile PathHashIndexSize=101
[2022.10.04-06.07.00:086][  0]LogPakFile: PakFile FullDirectoryIndexSize=152
[2022.10.04-06.07.00:086][  0]LogShaderLibrary: Display: ShaderCodeLibraryPakFileMountedCallback: PakFile 'D:/Games/epicgames/Games/UE_4.27/FeaturePacks/FP_FirstPersonBP.upack' (chunk index -1, root 'root:/') mounted
[2022.10.04-06.07.00:086][  0]LogShaderLibrary: Display: ShaderCodeLibraryPakFileMountedCallback: pending pak file info (ChunkID:-1 Root:root:/ File:D:/Games/epicgames/Games/UE_4.27/FeaturePacks/FP_FirstPersonBP.upack)
[2022.10.04-06.07.00:086][  0]LogPakFile: OnPakFileMounted2Time == 0.000037
[2022.10.04-06.07.00:119][  0]LogPakFile: PakFile PrimaryIndexSize=191
[2022.10.04-06.07.00:119][  0]LogPakFile: PakFile PathHashIndexSize=101
[2022.10.04-06.07.00:119][  0]LogPakFile: PakFile FullDirectoryIndexSize=160
[2022.10.04-06.07.00:119][  0]LogShaderLibrary: Display: ShaderCodeLibraryPakFileMountedCallback: PakFile 'D:/Games/epicgames/Games/UE_4.27/FeaturePacks/MobileStarterContent.upack' (chunk index -1, root 'root:/') mounted
[2022.10.04-06.07.00:119][  0]LogShaderLibrary: Display: ShaderCodeLibraryPakFileMountedCallback: pending pak file info (ChunkID:-1 Root:root:/ File:D:/Games/epicgames/Games/UE_4.27/FeaturePacks/MobileStarterContent.upack)
[2022.10.04-06.07.00:119][  0]LogPakFile: OnPakFileMounted2Time == 0.000035
[2022.10.04-06.07.00:133][  0]LogPakFile: PakFile PrimaryIndexSize=185
[2022.10.04-06.07.00:133][  0]LogPakFile: PakFile PathHashIndexSize=101
[2022.10.04-06.07.00:133][  0]LogPakFile: PakFile FullDirectoryIndexSize=148
[2022.10.04-06.07.00:133][  0]LogShaderLibrary: Display: ShaderCodeLibraryPakFileMountedCallback: PakFile 'D:/Games/epicgames/Games/UE_4.27/FeaturePacks/StarterContent.upack' (chunk index -1, root 'root:/') mounted
[2022.10.04-06.07.00:133][  0]LogShaderLibrary: Display: ShaderCodeLibraryPakFileMountedCallback: pending pak file info (ChunkID:-1 Root:root:/ File:D:/Games/epicgames/Games/UE_4.27/FeaturePacks/StarterContent.upack)
[2022.10.04-06.07.00:133][  0]LogPakFile: OnPakFileMounted2Time == 0.000034
[2022.10.04-06.07.00:147][  0]LogPakFile: PakFile PrimaryIndexSize=190
[2022.10.04-06.07.00:147][  0]LogPakFile: PakFile PathHashIndexSize=101
[2022.10.04-06.07.00:147][  0]LogPakFile: PakFile FullDirectoryIndexSize=154
[2022.10.04-06.07.00:147][  0]LogShaderLibrary: Display: ShaderCodeLibraryPakFileMountedCallback: PakFile 'D:/Games/epicgames/Games/UE_4.27/FeaturePacks/TP_2DSideScroller.upack' (chunk index -1, root 'root:/') mounted
[2022.10.04-06.07.00:147][  0]LogShaderLibrary: Display: ShaderCodeLibraryPakFileMountedCallback: pending pak file info (ChunkID:-1 Root:root:/ File:D:/Games/epicgames/Games/UE_4.27/FeaturePacks/TP_2DSideScroller.upack)
[2022.10.04-06.07.00:147][  0]LogPakFile: OnPakFileMounted2Time == 0.000039
[2022.10.04-06.07.00:169][  0]LogPakFile: PakFile PrimaryIndexSize=192
[2022.10.04-06.07.00:169][  0]LogPakFile: PakFile PathHashIndexSize=101
[2022.10.04-06.07.00:169][  0]LogPakFile: PakFile FullDirectoryIndexSize=158
[2022.10.04-06.07.00:169][  0]LogShaderLibrary: Display: ShaderCodeLibraryPakFileMountedCallback: PakFile 'D:/Games/epicgames/Games/UE_4.27/FeaturePacks/TP_2DSideScrollerBP.upack' (chunk index -1, root 'root:/') mounted
[2022.10.04-06.07.00:169][  0]LogShaderLibrary: Display: ShaderCodeLibraryPakFileMountedCallback: pending pak file info (ChunkID:-1 Root:root:/ File:D:/Games/epicgames/Games/UE_4.27/FeaturePacks/TP_2DSideScrollerBP.upack)
[2022.10.04-06.07.00:169][  0]LogPakFile: OnPakFileMounted2Time == 0.000032
[2022.10.04-06.07.00:193][  0]LogPakFile: PakFile PrimaryIndexSize=182
[2022.10.04-06.07.00:193][  0]LogPakFile: PakFile PathHashIndexSize=101
[2022.10.04-06.07.00:193][  0]LogPakFile: PakFile FullDirectoryIndexSize=138
[2022.10.04-06.07.00:193][  0]LogShaderLibrary: Display: ShaderCodeLibraryPakFileMountedCallback: PakFile 'D:/Games/epicgames/Games/UE_4.27/FeaturePacks/TP_Flying.upack' (chunk index -1, root 'root:/') mounted
[2022.10.04-06.07.00:193][  0]LogShaderLibrary: Display: ShaderCodeLibraryPakFileMountedCallback: pending pak file info (ChunkID:-1 Root:root:/ File:D:/Games/epicgames/Games/UE_4.27/FeaturePacks/TP_Flying.upack)
[2022.10.04-06.07.00:193][  0]LogPakFile: OnPakFileMounted2Time == 0.000032
[2022.10.04-06.07.00:214][  0]LogPakFile: PakFile PrimaryIndexSize=184
[2022.10.04-06.07.00:214][  0]LogPakFile: PakFile PathHashIndexSize=101
[2022.10.04-06.07.00:214][  0]LogPakFile: PakFile FullDirectoryIndexSize=142
[2022.10.04-06.07.00:214][  0]LogShaderLibrary: Display: ShaderCodeLibraryPakFileMountedCallback: PakFile 'D:/Games/epicgames/Games/UE_4.27/FeaturePacks/TP_FlyingBP.upack' (chunk index -1, root 'root:/') mounted
[2022.10.04-06.07.00:214][  0]LogShaderLibrary: Display: ShaderCodeLibraryPakFileMountedCallback: pending pak file info (ChunkID:-1 Root:root:/ File:D:/Games/epicgames/Games/UE_4.27/FeaturePacks/TP_FlyingBP.upack)
[2022.10.04-06.07.00:214][  0]LogPakFile: OnPakFileMounted2Time == 0.000032
[2022.10.04-06.07.00:233][  0]LogPakFile: PakFile PrimaryIndexSize=188
[2022.10.04-06.07.00:233][  0]LogPakFile: PakFile PathHashIndexSize=101
[2022.10.04-06.07.00:233][  0]LogPakFile: PakFile FullDirectoryIndexSize=150
[2022.10.04-06.07.00:233][  0]LogShaderLibrary: Display: ShaderCodeLibraryPakFileMountedCallback: PakFile 'D:/Games/epicgames/Games/UE_4.27/FeaturePacks/TP_HandheldARBP.upack' (chunk index -1, root 'root:/') mounted
[2022.10.04-06.07.00:233][  0]LogShaderLibrary: Display: ShaderCodeLibraryPakFileMountedCallback: pending pak file info (ChunkID:-1 Root:root:/ File:D:/Games/epicgames/Games/UE_4.27/FeaturePacks/TP_HandheldARBP.upack)
[2022.10.04-06.07.00:233][  0]LogPakFile: OnPakFileMounted2Time == 0.000033
[2022.10.04-06.07.00:277][  0]LogPakFile: PakFile PrimaryIndexSize=182
[2022.10.04-06.07.00:277][  0]LogPakFile: PakFile PathHashIndexSize=101
[2022.10.04-06.07.00:277][  0]LogPakFile: PakFile FullDirectoryIndexSize=138
[2022.10.04-06.07.00:277][  0]LogShaderLibrary: Display: ShaderCodeLibraryPakFileMountedCallback: PakFile 'D:/Games/epicgames/Games/UE_4.27/FeaturePacks/TP_Puzzle.upack' (chunk index -1, root 'root:/') mounted
[2022.10.04-06.07.00:277][  0]LogShaderLibrary: Display: ShaderCodeLibraryPakFileMountedCallback: pending pak file info (ChunkID:-1 Root:root:/ File:D:/Games/epicgames/Games/UE_4.27/FeaturePacks/TP_Puzzle.upack)
[2022.10.04-06.07.00:277][  0]LogPakFile: OnPakFileMounted2Time == 0.000032
[2022.10.04-06.07.00:304][  0]LogPakFile: PakFile PrimaryIndexSize=184
[2022.10.04-06.07.00:304][  0]LogPakFile: PakFile PathHashIndexSize=101
[2022.10.04-06.07.00:304][  0]LogPakFile: PakFile FullDirectoryIndexSize=142
[2022.10.04-06.07.00:304][  0]LogShaderLibrary: Display: ShaderCodeLibraryPakFileMountedCallback: PakFile 'D:/Games/epicgames/Games/UE_4.27/FeaturePacks/TP_PuzzleBP.upack' (chunk index -1, root 'root:/') mounted
[2022.10.04-06.07.00:304][  0]LogShaderLibrary: Display: ShaderCodeLibraryPakFileMountedCallback: pending pak file info (ChunkID:-1 Root:root:/ File:D:/Games/epicgames/Games/UE_4.27/FeaturePacks/TP_PuzzleBP.upack)
[2022.10.04-06.07.00:304][  0]LogPakFile: OnPakFileMounted2Time == 0.000032
[2022.10.04-06.07.00:319][  0]LogPakFile: PakFile PrimaryIndexSize=183
[2022.10.04-06.07.00:319][  0]LogPakFile: PakFile PathHashIndexSize=101
[2022.10.04-06.07.00:319][  0]LogPakFile: PakFile FullDirectoryIndexSize=140
[2022.10.04-06.07.00:319][  0]LogShaderLibrary: Display: ShaderCodeLibraryPakFileMountedCallback: PakFile 'D:/Games/epicgames/Games/UE_4.27/FeaturePacks/TP_Rolling.upack' (chunk index -1, root 'root:/') mounted
[2022.10.04-06.07.00:319][  0]LogShaderLibrary: Display: ShaderCodeLibraryPakFileMountedCallback: pending pak file info (ChunkID:-1 Root:root:/ File:D:/Games/epicgames/Games/UE_4.27/FeaturePacks/TP_Rolling.upack)
[2022.10.04-06.07.00:319][  0]LogPakFile: OnPakFileMounted2Time == 0.000032
[2022.10.04-06.07.00:328][  0]LogPakFile: PakFile PrimaryIndexSize=185
[2022.10.04-06.07.00:328][  0]LogPakFile: PakFile PathHashIndexSize=101
[2022.10.04-06.07.00:328][  0]LogPakFile: PakFile FullDirectoryIndexSize=144
[2022.10.04-06.07.00:328][  0]LogShaderLibrary: Display: ShaderCodeLibraryPakFileMountedCallback: PakFile 'D:/Games/epicgames/Games/UE_4.27/FeaturePacks/TP_RollingBP.upack' (chunk index -1, root 'root:/') mounted
[2022.10.04-06.07.00:328][  0]LogShaderLibrary: Display: ShaderCodeLibraryPakFileMountedCallback: pending pak file info (ChunkID:-1 Root:root:/ File:D:/Games/epicgames/Games/UE_4.27/FeaturePacks/TP_RollingBP.upack)
[2022.10.04-06.07.00:328][  0]LogPakFile: OnPakFileMounted2Time == 0.000032
[2022.10.04-06.07.00:350][  0]LogPakFile: PakFile PrimaryIndexSize=188
[2022.10.04-06.07.00:350][  0]LogPakFile: PakFile PathHashIndexSize=101
[2022.10.04-06.07.00:350][  0]LogPakFile: PakFile FullDirectoryIndexSize=150
[2022.10.04-06.07.00:350][  0]LogShaderLibrary: Display: ShaderCodeLibraryPakFileMountedCallback: PakFile 'D:/Games/epicgames/Games/UE_4.27/FeaturePacks/TP_SideScroller.upack' (chunk index -1, root 'root:/') mounted
[2022.10.04-06.07.00:350][  0]LogShaderLibrary: Display: ShaderCodeLibraryPakFileMountedCallback: pending pak file info (ChunkID:-1 Root:root:/ File:D:/Games/epicgames/Games/UE_4.27/FeaturePacks/TP_SideScroller.upack)
[2022.10.04-06.07.00:350][  0]LogPakFile: OnPakFileMounted2Time == 0.000034
[2022.10.04-06.07.00:368][  0]LogPakFile: PakFile PrimaryIndexSize=190
[2022.10.04-06.07.00:368][  0]LogPakFile: PakFile PathHashIndexSize=101
[2022.10.04-06.07.00:368][  0]LogPakFile: PakFile FullDirectoryIndexSize=154
[2022.10.04-06.07.00:368][  0]LogShaderLibrary: Display: ShaderCodeLibraryPakFileMountedCallback: PakFile 'D:/Games/epicgames/Games/UE_4.27/FeaturePacks/TP_SideScrollerBP.upack' (chunk index -1, root 'root:/') mounted
[2022.10.04-06.07.00:368][  0]LogShaderLibrary: Display: ShaderCodeLibraryPakFileMountedCallback: pending pak file info (ChunkID:-1 Root:root:/ File:D:/Games/epicgames/Games/UE_4.27/FeaturePacks/TP_SideScrollerBP.upack)
[2022.10.04-06.07.00:368][  0]LogPakFile: OnPakFileMounted2Time == 0.000032
[2022.10.04-06.07.00:385][  0]LogPakFile: PakFile PrimaryIndexSize=187
[2022.10.04-06.07.00:385][  0]LogPakFile: PakFile PathHashIndexSize=101
[2022.10.04-06.07.00:385][  0]LogPakFile: PakFile FullDirectoryIndexSize=148
[2022.10.04-06.07.00:385][  0]LogShaderLibrary: Display: ShaderCodeLibraryPakFileMountedCallback: PakFile 'D:/Games/epicgames/Games/UE_4.27/FeaturePacks/TP_ThirdPerson.upack' (chunk index -1, root 'root:/') mounted
[2022.10.04-06.07.00:385][  0]LogShaderLibrary: Display: ShaderCodeLibraryPakFileMountedCallback: pending pak file info (ChunkID:-1 Root:root:/ File:D:/Games/epicgames/Games/UE_4.27/FeaturePacks/TP_ThirdPerson.upack)
[2022.10.04-06.07.00:385][  0]LogPakFile: OnPakFileMounted2Time == 0.000032
[2022.10.04-06.07.00:394][  0]LogPakFile: PakFile PrimaryIndexSize=189
[2022.10.04-06.07.00:394][  0]LogPakFile: PakFile PathHashIndexSize=101
[2022.10.04-06.07.00:394][  0]LogPakFile: PakFile FullDirectoryIndexSize=152
[2022.10.04-06.07.00:394][  0]LogShaderLibrary: Display: ShaderCodeLibraryPakFileMountedCallback: PakFile 'D:/Games/epicgames/Games/UE_4.27/FeaturePacks/TP_ThirdPersonBP.upack' (chunk index -1, root 'root:/') mounted
[2022.10.04-06.07.00:394][  0]LogShaderLibrary: Display: ShaderCodeLibraryPakFileMountedCallback: pending pak file info (ChunkID:-1 Root:root:/ File:D:/Games/epicgames/Games/UE_4.27/FeaturePacks/TP_ThirdPersonBP.upack)
[2022.10.04-06.07.00:394][  0]LogPakFile: OnPakFileMounted2Time == 0.000032
[2022.10.04-06.07.00:409][  0]LogPakFile: PakFile PrimaryIndexSize=183
[2022.10.04-06.07.00:409][  0]LogPakFile: PakFile PathHashIndexSize=101
[2022.10.04-06.07.00:409][  0]LogPakFile: PakFile FullDirectoryIndexSize=140
[2022.10.04-06.07.00:409][  0]LogShaderLibrary: Display: ShaderCodeLibraryPakFileMountedCallback: PakFile 'D:/Games/epicgames/Games/UE_4.27/FeaturePacks/TP_TopDown.upack' (chunk index -1, root 'root:/') mounted
[2022.10.04-06.07.00:409][  0]LogShaderLibrary: Display: ShaderCodeLibraryPakFileMountedCallback: pending pak file info (ChunkID:-1 Root:root:/ File:D:/Games/epicgames/Games/UE_4.27/FeaturePacks/TP_TopDown.upack)
[2022.10.04-06.07.00:409][  0]LogPakFile: OnPakFileMounted2Time == 0.000039
[2022.10.04-06.07.00:422][  0]LogPakFile: PakFile PrimaryIndexSize=185
[2022.10.04-06.07.00:422][  0]LogPakFile: PakFile PathHashIndexSize=101
[2022.10.04-06.07.00:422][  0]LogPakFile: PakFile FullDirectoryIndexSize=144
[2022.10.04-06.07.00:422][  0]LogShaderLibrary: Display: ShaderCodeLibraryPakFileMountedCallback: PakFile 'D:/Games/epicgames/Games/UE_4.27/FeaturePacks/TP_TopDownBP.upack' (chunk index -1, root 'root:/') mounted
[2022.10.04-06.07.00:422][  0]LogShaderLibrary: Display: ShaderCodeLibraryPakFileMountedCallback: pending pak file info (ChunkID:-1 Root:root:/ File:D:/Games/epicgames/Games/UE_4.27/FeaturePacks/TP_TopDownBP.upack)
[2022.10.04-06.07.00:422][  0]LogPakFile: OnPakFileMounted2Time == 0.000032
[2022.10.04-06.07.00:439][  0]LogPakFile: PakFile PrimaryIndexSize=185
[2022.10.04-06.07.00:439][  0]LogPakFile: PakFile PathHashIndexSize=101
[2022.10.04-06.07.00:439][  0]LogPakFile: PakFile FullDirectoryIndexSize=144
[2022.10.04-06.07.00:439][  0]LogShaderLibrary: Display: ShaderCodeLibraryPakFileMountedCallback: PakFile 'D:/Games/epicgames/Games/UE_4.27/FeaturePacks/TP_TwinStick.upack' (chunk index -1, root 'root:/') mounted
[2022.10.04-06.07.00:439][  0]LogShaderLibrary: Display: ShaderCodeLibraryPakFileMountedCallback: pending pak file info (ChunkID:-1 Root:root:/ File:D:/Games/epicgames/Games/UE_4.27/FeaturePacks/TP_TwinStick.upack)
[2022.10.04-06.07.00:439][  0]LogPakFile: OnPakFileMounted2Time == 0.000034
[2022.10.04-06.07.00:461][  0]LogPakFile: PakFile PrimaryIndexSize=187
[2022.10.04-06.07.00:461][  0]LogPakFile: PakFile PathHashIndexSize=101
[2022.10.04-06.07.00:461][  0]LogPakFile: PakFile FullDirectoryIndexSize=148
[2022.10.04-06.07.00:461][  0]LogShaderLibrary: Display: ShaderCodeLibraryPakFileMountedCallback: PakFile 'D:/Games/epicgames/Games/UE_4.27/FeaturePacks/TP_TwinStickBP.upack' (chunk index -1, root 'root:/') mounted
[2022.10.04-06.07.00:461][  0]LogShaderLibrary: Display: ShaderCodeLibraryPakFileMountedCallback: pending pak file info (ChunkID:-1 Root:root:/ File:D:/Games/epicgames/Games/UE_4.27/FeaturePacks/TP_TwinStickBP.upack)
[2022.10.04-06.07.00:461][  0]LogPakFile: OnPakFileMounted2Time == 0.000037
[2022.10.04-06.07.00:475][  0]LogPakFile: PakFile PrimaryIndexSize=183
[2022.10.04-06.07.00:475][  0]LogPakFile: PakFile PathHashIndexSize=101
[2022.10.04-06.07.00:475][  0]LogPakFile: PakFile FullDirectoryIndexSize=140
[2022.10.04-06.07.00:475][  0]LogShaderLibrary: Display: ShaderCodeLibraryPakFileMountedCallback: PakFile 'D:/Games/epicgames/Games/UE_4.27/FeaturePacks/TP_Vehicle.upack' (chunk index -1, root 'root:/') mounted
[2022.10.04-06.07.00:475][  0]LogShaderLibrary: Display: ShaderCodeLibraryPakFileMountedCallback: pending pak file info (ChunkID:-1 Root:root:/ File:D:/Games/epicgames/Games/UE_4.27/FeaturePacks/TP_Vehicle.upack)
[2022.10.04-06.07.00:475][  0]LogPakFile: OnPakFileMounted2Time == 0.000033
[2022.10.04-06.07.00:520][  0]LogPakFile: PakFile PrimaryIndexSize=186
[2022.10.04-06.07.00:520][  0]LogPakFile: PakFile PathHashIndexSize=101
[2022.10.04-06.07.00:520][  0]LogPakFile: PakFile FullDirectoryIndexSize=146
[2022.10.04-06.07.00:520][  0]LogShaderLibrary: Display: ShaderCodeLibraryPakFileMountedCallback: PakFile 'D:/Games/epicgames/Games/UE_4.27/FeaturePacks/TP_VehicleAdv.upack' (chunk index -1, root 'root:/') mounted
[2022.10.04-06.07.00:520][  0]LogShaderLibrary: Display: ShaderCodeLibraryPakFileMountedCallback: pending pak file info (ChunkID:-1 Root:root:/ File:D:/Games/epicgames/Games/UE_4.27/FeaturePacks/TP_VehicleAdv.upack)
[2022.10.04-06.07.00:520][  0]LogPakFile: OnPakFileMounted2Time == 0.000036
[2022.10.04-06.07.00:570][  0]LogPakFile: PakFile PrimaryIndexSize=188
[2022.10.04-06.07.00:570][  0]LogPakFile: PakFile PathHashIndexSize=101
[2022.10.04-06.07.00:570][  0]LogPakFile: PakFile FullDirectoryIndexSize=150
[2022.10.04-06.07.00:570][  0]LogShaderLibrary: Display: ShaderCodeLibraryPakFileMountedCallback: PakFile 'D:/Games/epicgames/Games/UE_4.27/FeaturePacks/TP_VehicleAdvBP.upack' (chunk index -1, root 'root:/') mounted
[2022.10.04-06.07.00:570][  0]LogShaderLibrary: Display: ShaderCodeLibraryPakFileMountedCallback: pending pak file info (ChunkID:-1 Root:root:/ File:D:/Games/epicgames/Games/UE_4.27/FeaturePacks/TP_VehicleAdvBP.upack)
[2022.10.04-06.07.00:570][  0]LogPakFile: OnPakFileMounted2Time == 0.000038
[2022.10.04-06.07.00:594][  0]LogPakFile: PakFile PrimaryIndexSize=185
[2022.10.04-06.07.00:594][  0]LogPakFile: PakFile PathHashIndexSize=101
[2022.10.04-06.07.00:594][  0]LogPakFile: PakFile FullDirectoryIndexSize=144
[2022.10.04-06.07.00:594][  0]LogShaderLibrary: Display: ShaderCodeLibraryPakFileMountedCallback: PakFile 'D:/Games/epicgames/Games/UE_4.27/FeaturePacks/TP_VehicleBP.upack' (chunk index -1, root 'root:/') mounted
[2022.10.04-06.07.00:594][  0]LogShaderLibrary: Display: ShaderCodeLibraryPakFileMountedCallback: pending pak file info (ChunkID:-1 Root:root:/ File:D:/Games/epicgames/Games/UE_4.27/FeaturePacks/TP_VehicleBP.upack)
[2022.10.04-06.07.00:594][  0]LogPakFile: OnPakFileMounted2Time == 0.000033
[2022.10.04-06.07.00:614][  0]LogPakFile: PakFile PrimaryIndexSize=192
[2022.10.04-06.07.00:614][  0]LogPakFile: PakFile PathHashIndexSize=101
[2022.10.04-06.07.00:614][  0]LogPakFile: PakFile FullDirectoryIndexSize=158
[2022.10.04-06.07.00:614][  0]LogShaderLibrary: Display: ShaderCodeLibraryPakFileMountedCallback: PakFile 'D:/Games/epicgames/Games/UE_4.27/FeaturePacks/TP_VirtualRealityBP.upack' (chunk index -1, root 'root:/') mounted
[2022.10.04-06.07.00:614][  0]LogShaderLibrary: Display: ShaderCodeLibraryPakFileMountedCallback: pending pak file info (ChunkID:-1 Root:root:/ File:D:/Games/epicgames/Games/UE_4.27/FeaturePacks/TP_VirtualRealityBP.upack)
[2022.10.04-06.07.00:614][  0]LogPakFile: OnPakFileMounted2Time == 0.000032
[2022.10.04-06.07.02:379][  0]LogNativeClassHierarchy: Verbose: Native class hierarchy updated for 'AddContentDialog' in 0.0003 seconds. Added 0 classes and 0 folders.
[2022.10.04-06.07.02:465][  0]LogNativeClassHierarchy: Verbose: Native class hierarchy updated for 'SceneOutliner' in 0.0003 seconds. Added 2 classes and 0 folders.
[2022.10.04-06.07.02:763][  0]LogSlate: Took 0.000128 seconds to synchronously load lazily loaded font '../../../Engine/Content/Slate/Fonts/Roboto-Regular.ttf' (155K)
[2022.10.04-06.07.02:812][  0]LogSlate: Took 0.048573 seconds to synchronously load lazily loaded font '../../../Engine/Content/Editor/Slate/Fonts/FontAwesome.ttf' (139K)
[2022.10.04-06.07.02:823][  0]LogSlate: Took 0.000120 seconds to synchronously load lazily loaded font '../../../Engine/Content/Slate/Fonts/Roboto-Bold.ttf' (160K)
[2022.10.04-06.07.03:249][  0]LogRenderer: Reallocating scene render targets to support 1052x512 Format 10 NumSamples 1 (Frame:1).
[2022.10.04-06.07.03:901][  0]LogSlate: Took 0.017549 seconds to synchronously load lazily loaded font '../../../Engine/Content/Slate/Fonts/Roboto-Light.ttf' (167K)
[2022.10.04-06.07.04:083][  0]LogNativeClassHierarchy: Verbose: Native class hierarchy updated for 'HierarchicalLODOutliner' in 0.0002 seconds. Added 0 classes and 0 folders.
[2022.10.04-06.07.04:083][  0]LogLoad: (Engine Initialization) Total time: 16.74 seconds
[2022.10.04-06.07.04:083][  0]LogLoad: (Engine Initialization) Total Blueprint compile time: 0.00 seconds
[2022.10.04-06.07.04:100][  0]LogOcInput: OculusInput is initialized
[2022.10.04-06.07.04:186][  0]LogAssetRegistry: Asset discovery search completed in 14.5093 seconds
[2022.10.04-06.07.04:190][  0]LogCollectionManager: Fixed up redirectors for 0 collections in 0.000003 seconds (updated 0 objects)
[2022.10.04-06.07.04:207][  0]LogContentStreaming: Texture pool size now 1000 MB
[2022.10.04-06.07.04:656][  2]LogRenderer: Reallocating scene render targets to support 1052x528 Format 10 NumSamples 1 (Frame:2).
[2022.10.04-06.07.06:182][  4]LogSlate: Took 0.000118 seconds to synchronously load lazily loaded font '../../../Engine/Content/Slate/Fonts/Roboto-Light.ttf' (167K)
